<?xml version="1.0" encoding="UTF-8"?>
<!-- Generated by org.testng.reporters.JUnitXMLReporter -->
<testsuite hostname="ISILDT10146" name="SmokeTest" tests="11" failures="9" timestamp="16 Aug 2016 11:48:26 GMT" time="16.783" errors="0">
  <testcase name="GL_LaunchBrowser" time="12.408" classname="procedures_NewFramework.AYSmoke.General.GL_LaunchBrowser"/>
  <testcase name="WC_ApplicantSearchResults_Input" time="0.002" classname="procedures_NewFramework.AYSmoke.Webcenter.WC_ApplicationPackage.AppModuleApplicantSearchActions.WC_ApplicantSearchResults_Input">
    <failure type="java.lang.AssertionError" message="5">
      <![CDATA[java.lang.AssertionError: 5
	at processor.CommonSeleniumActions.writeFailure(CommonSeleniumActions.java:908)
	at procedures_NewFramework.AYSmoke.Webcenter.WC_ApplicationPackage.AppModuleApplicantSearchActions.WC_ApplicantSearchResults_Input.WC_ApplicantSearchResults_Input(WC_ApplicantSearchResults_Input.java:140)
... Removed 24 stack frames]]>
    </failure>
  </testcase> <!-- WC_ApplicantSearchResults_Input -->
  <testcase name="WC_RunReportResults_Input" time="0.0" classname="procedures_NewFramework.AYSmoke.Webcenter.WC_ApplicationPackage.SelectanAction.WC_RunReportResults_Input"/>
  <testcase name="WC_Login_Input" time="0.0" classname="procedures_NewFramework.AYSmoke.Webcenter.WC_Login_Input">
    <failure type="java.lang.AssertionError" message="4">
      <![CDATA[java.lang.AssertionError: 4
	at processor.CommonSeleniumActions.writeFailure(CommonSeleniumActions.java:908)
	at procedures_NewFramework.AYSmoke.Webcenter.WC_Login_Input.WC_Login_Input(WC_Login_Input.java:77)
... Removed 24 stack frames]]>
    </failure>
  </testcase> <!-- WC_Login_Input -->
  <testcase name="WC_SearchforApplicants_Input" time="0.038" classname="procedures_NewFramework.AYSmoke.Webcenter.WC_SearchforApplicants_Input">
    <failure type="java.lang.AssertionError" message="Unable to locate element: //input[@type=&amp;apos;radio&amp;apos; and @value=&amp;apos;yes&amp;apos;] (WARNING: The server did not provide any stacktrace information)
Command duration or timeout: 11 milliseconds
For documentation on this error, please visit: http://seleniumhq.org/exceptions/no_such_element.html
Build info: version: &amp;apos;3.0.0-beta1&amp;apos;, revision: &amp;apos;8e4315c&amp;apos;, time: &amp;apos;2016-07-28 18:04:05 -0700&amp;apos;
System info: host: &amp;apos;ISILDT10146&amp;apos;, ip: &amp;apos;192.168.243.97&amp;apos;, os.name: &amp;apos;Windows 7&amp;apos;, os.arch: &amp;apos;amd64&amp;apos;, os.version: &amp;apos;6.1&amp;apos;, java.version: &amp;apos;1.8.0_66&amp;apos;
Driver info: org.openqa.selenium.firefox.MarionetteDriver
Capabilities [{rotatable=false, raisesAccessibilityExceptions=false, appBuildId=20160623154057, version=, platform=XP, proxy={}, command_id=1, specificationLevel=0, acceptSslCerts=false, browserVersion=47.0.1, platformVersion=6.1, XULappId={ec8030f7-c20a-464f-9b0e-13a3a9e97384}, browserName=Firefox, takesScreenshot=true, takesElementScreenshot=true, platformName=Windows_NT, device=desktop}]
Session ID: 35504730-7075-469a-9547-76f113e4df46
*** Element info: {Using=xpath, value=//input[@type=&amp;apos;radio&amp;apos; and @value=&amp;apos;yes&amp;apos;]}">
      <![CDATA[java.lang.AssertionError: Unable to locate element: //input[@type='radio' and @value='yes'] (WARNING: The server did not provide any stacktrace information)
Command duration or timeout: 11 milliseconds
For documentation on this error, please visit: http://seleniumhq.org/exceptions/no_such_element.html
Build info: version: '3.0.0-beta1', revision: '8e4315c', time: '2016-07-28 18:04:05 -0700'
System info: host: 'ISILDT10146', ip: '192.168.243.97', os.name: 'Windows 7', os.arch: 'amd64', os.version: '6.1', java.version: '1.8.0_66'
Driver info: org.openqa.selenium.firefox.MarionetteDriver
Capabilities [{rotatable=false, raisesAccessibilityExceptions=false, appBuildId=20160623154057, version=, platform=XP, proxy={}, command_id=1, specificationLevel=0, acceptSslCerts=false, browserVersion=47.0.1, platformVersion=6.1, XULappId={ec8030f7-c20a-464f-9b0e-13a3a9e97384}, browserName=Firefox, takesScreenshot=true, takesElementScreenshot=true, platformName=Windows_NT, device=desktop}]
Session ID: 35504730-7075-469a-9547-76f113e4df46
*** Element info: {Using=xpath, value=//input[@type='radio' and @value='yes']}
	at processor.CommonSeleniumActions.writeFailure(CommonSeleniumActions.java:908)
	at procedures_NewFramework.AYSmoke.Webcenter.WC_SearchforApplicants_Input.WC_SearchforApplicants_Input(WC_SearchforApplicants_Input.java:258)
... Removed 24 stack frames]]>
    </failure>
  </testcase> <!-- WC_SearchforApplicants_Input -->
  <testcase name="WC_Welcome_Input" time="0.864" classname="procedures_NewFramework.AYSmoke.Webcenter.WC_Welcome_Input">
    <failure type="java.lang.AssertionError" message="Elements[partiallinktext] was Not Found after waiting for 1 Minute">
      <![CDATA[java.lang.AssertionError: Elements[partiallinktext] was Not Found after waiting for 1 Minute
	at processor.CommonSeleniumActions.writeFailure(CommonSeleniumActions.java:908)
	at processor.CommonSeleniumActions.waitForElementPresentWebdriver(CommonSeleniumActions.java:3119)
	at procedures_NewFramework.AYSmoke.Webcenter.WC_Welcome_Input.WC_Welcome_Input(WC_Welcome_Input.java:26)
... Removed 24 stack frames]]>
    </failure>
  </testcase> <!-- WC_Welcome_Input -->
  <testcase name="WC_Welcome_Input" time="0.0" classname="procedures_NewFramework.AYSmoke.Webcenter.WC_Welcome_Input">
    <failure type="java.lang.AssertionError" message="3">
      <![CDATA[java.lang.AssertionError: 3
	at processor.CommonSeleniumActions.writeFailure(CommonSeleniumActions.java:908)
	at procedures_NewFramework.AYSmoke.Webcenter.WC_Welcome_Input.WC_Welcome_Input(WC_Welcome_Input.java:92)
... Removed 24 stack frames]]>
    </failure>
  </testcase> <!-- WC_Welcome_Input -->
  <testcase name="WC_Welcome_Input" time="0.592" classname="procedures_NewFramework.AYSmoke.Webcenter.WC_Welcome_Input">
    <failure type="java.lang.AssertionError" message="Elements[partiallinktext] was Not Found after waiting for 1 Minute">
      <![CDATA[java.lang.AssertionError: Elements[partiallinktext] was Not Found after waiting for 1 Minute
	at processor.CommonSeleniumActions.writeFailure(CommonSeleniumActions.java:908)
	at processor.CommonSeleniumActions.waitForElementPresentWebdriver(CommonSeleniumActions.java:3119)
	at procedures_NewFramework.AYSmoke.Webcenter.WC_Welcome_Input.WC_Welcome_Input(WC_Welcome_Input.java:26)
... Removed 24 stack frames]]>
    </failure>
  </testcase> <!-- WC_Welcome_Input -->
  <testcase name="WC_RunReportResults_Verify" time="0.009" classname="procedures_NewFramework.AYSmoke.Webcenter.WC_ApplicationPackage.SelectanAction.WC_RunReportResults_Verify">
    <failure type="java.lang.AssertionError" message="Element [Page Name for Run Import ] was Not Present">
      <![CDATA[java.lang.AssertionError: Element [Page Name for Run Import ] was Not Present
	at processor.CommonSeleniumActions.writeFailure(CommonSeleniumActions.java:908)
	at processor.CommonSeleniumActions.verifyElementContainsTextWebdriver(CommonSeleniumActions.java:3496)
	at procedures_NewFramework.AYSmoke.Webcenter.WC_ApplicationPackage.SelectanAction.WC_RunReportResults_Verify.WC_RunReportResults_Verify(WC_RunReportResults_Verify.java:29)
... Removed 24 stack frames]]>
    </failure>
  </testcase> <!-- WC_RunReportResults_Verify -->
  <testcase name="WC_RunReport_Input" time="0.0" classname="procedures_NewFramework.AYSmoke.Webcenter.WC_ApplicationPackage.SelectanAction.WC_RunReport_Input">
    <failure type="java.lang.AssertionError" message="1">
      <![CDATA[java.lang.AssertionError: 1
	at processor.CommonSeleniumActions.writeFailure(CommonSeleniumActions.java:908)
	at procedures_NewFramework.AYSmoke.Webcenter.WC_ApplicationPackage.SelectanAction.WC_RunReport_Input.WC_RunReport_Input(WC_RunReport_Input.java:60)
... Removed 24 stack frames]]>
    </failure>
  </testcase> <!-- WC_RunReport_Input -->
  <testcase name="WC_RunReport_Verify" time="1.789" classname="procedures_NewFramework.AYSmoke.Webcenter.WC_ApplicationPackage.SelectanAction.WC_RunReport_Verify">
    <failure type="java.lang.AssertionError" message="logout Timeout after 1 minute..">
      <![CDATA[java.lang.AssertionError: logout Timeout after 1 minute..
	at processor.CommonSeleniumActions.writeFailure(CommonSeleniumActions.java:908)
	at processor.CommonSeleniumActions.waitForText(CommonSeleniumActions.java:345)
	at procedures_NewFramework.AYSmoke.Webcenter.WC_ApplicationPackage.SelectanAction.WC_RunReport_Verify.WC_RunReport_Verify(WC_RunReport_Verify.java:24)
... Removed 24 stack frames]]>
    </failure>
  </testcase> <!-- WC_RunReport_Verify -->
</testsuite> <!-- SmokeTest -->
