<html>
<head>
<title>TestNG:  SmokeTest</title>
<link href="../testng.css" rel="stylesheet" type="text/css" />
<link href="../my-testng.css" rel="stylesheet" type="text/css" />

<style type="text/css">
.log { display: none;} 
.stack-trace { display: none;} 
</style>
<script type="text/javascript">
<!--
function flip(e) {
  current = e.style.display;
  if (current == 'block') {
    e.style.display = 'none';
    return 0;
  }
  else {
    e.style.display = 'block';
    return 1;
  }
}

function toggleBox(szDivId, elem, msg1, msg2)
{
  var res = -1;  if (document.getElementById) {
    res = flip(document.getElementById(szDivId));
  }
  else if (document.all) {
    // this is the way old msie versions work
    res = flip(document.all[szDivId]);
  }
  if(elem) {
    if(res == 0) elem.innerHTML = msg1; else elem.innerHTML = msg2;
  }

}

function toggleAllBoxes() {
  if (document.getElementsByTagName) {
    d = document.getElementsByTagName('div');
    for (i = 0; i < d.length; i++) {
      if (d[i].className == 'log') {
        flip(d[i]);
      }
    }
  }
}

// -->
</script>

</head>
<body>
<h2 align='center'>SmokeTest</h2><table border='1' align="center">
<tr>
<td>Tests passed/Failed/Skipped:</td><td>2/9/0</td>
</tr><tr>
<td>Started on:</td><td>Tue Aug 16 07:48:09 EDT 2016</td>
</tr>
<tr><td>Total time:</td><td>16 seconds (16783 ms)</td>
</tr><tr>
<td>Included groups:</td><td></td>
</tr><tr>
<td>Excluded groups:</td><td></td>
</tr>
</table><p/>
<small><i>(Hover the method name to see the test class name)</i></small><p/>
<table width='100%' border='1' class='invocation-failed'>
<tr><td colspan='4' align='center'><b>FAILED TESTS</b></td></tr>
<tr><td><b>Test method</b></td>
<td width="30%"><b>Exception</b></td>
<td width="10%"><b>Time (seconds)</b></td>
<td><b>Instance</b></td>
</tr>
<tr>
<td title='procedures_NewFramework.AYSmoke.Webcenter.WC_ApplicationPackage.AppModuleApplicantSearchActions.WC_ApplicantSearchResults_Input.WC_ApplicantSearchResults_Input()'><b>WC_ApplicantSearchResults_Input</b><br>Test class: procedures_NewFramework.AYSmoke.Webcenter.WC_ApplicationPackage.AppModuleApplicantSearchActions.WC_ApplicantSearchResults_Input<br>Test method: This Procedure is used to perform some operation in 'Application search results' page<br/>
<a href="#Output-1414967210" onClick='toggleBox("Output-1414967210", this, "Show output", "Hide output");'>Show output</a>

<a href="#Output-1414967210" onClick="toggleAllBoxes();">Show all outputs</a>
<div class='log' id="Output-1414967210">
<tr><td><b><font size='4' color='Green'><a id="m2"">Procedure Name - WC_Login_Input</a></font></b></td></tr><br/>
<b><font size='3' color='Green'>Procedure No. - 2</font></b><br/>
<table border="3" cellspacing="0"<tr><td><b><font size='4' align="left" color='Black'><Strong>000clientid</Strong></font></b></td><td><b><font size='4' align="left" color='Black'><Strong>001userid</Strong></font></b></td><td><b><font size='4' align="left" color='Black'><Strong>002password</Strong></font></b></td><td><b><font size='4' align="left" color='Black'><Strong>003needpasswordgo</Strong></font></b></td><td><b><font size='4' align="left" color='Black'><Strong>004viewsource</Strong></font></b></td><br/>
<tr><td><b><font size='4' align="left" color='Black'>ayauto</font></b></td><td><b><font size='4' align="left" color='Black'>WebcenterUserID</font></b></td><td><b><font size='4' align="left" color='Black'>WebcenterPassword</font></b></td><td><b><font size='4' align="left" color='Black'>go</font></b></td><td><b><font size='4' align="left" color='Black'></font></b></td><br/>
</table><br/>
Proceed to retrieve Input Test Data for 'Application search results' Page<br/>
<b><font size='3' color='Red'><strong>5</strong></font></b><br/>
Failure Screenshot saved at C:\SeleniumScripts\AYQAAutomation\Results\23643_WC_SelectanActionRunReport\Failurescreenshot\WC_ApplicantSearchResults_Input_2.PNG<br/>
<a href='file:///C:\SeleniumScripts\AYQAAutomation\Results\23643_WC_SelectanActionRunReport\Failurescreenshot\WC_ApplicantSearchResults_Input_2.PNG'><img src='file:///C:\SeleniumScripts\AYQAAutomation\Results\23643_WC_SelectanActionRunReport\Failurescreenshot\WC_ApplicantSearchResults_Input_2.PNG' height='200' width='200'></a><br/>
</div>
</td>
<td><div><pre>java.lang.AssertionError: 5
	at processor.CommonSeleniumActions.writeFailure(CommonSeleniumActions.java:908)
	at procedures_NewFramework.AYSmoke.Webcenter.WC_ApplicationPackage.AppModuleApplicantSearchActions.WC_ApplicantSearchResults_Input.WC_ApplicantSearchResults_Input(WC_ApplicantSearchResults_Input.java:140)
... Removed 24 stack frames</pre></div><a href='#' onClick='toggleBox("stack-trace1414967210", this, "Click to show all stack frames", "Click to hide stack frames")'>Click to show all stack frames</a>
<div class='stack-trace' id='stack-trace1414967210'><pre>java.lang.AssertionError: 5
	at org.testng.Assert.fail(Assert.java:94)
	at processor.CommonSeleniumActions.writeFailure(CommonSeleniumActions.java:908)
	at procedures_NewFramework.AYSmoke.Webcenter.WC_ApplicationPackage.AppModuleApplicantSearchActions.WC_ApplicantSearchResults_Input.WC_ApplicantSearchResults_Input(WC_ApplicantSearchResults_Input.java:140)
	at sun.reflect.NativeMethodAccessorImpl.invoke0(Native Method)
	at sun.reflect.NativeMethodAccessorImpl.invoke(Unknown Source)
	at sun.reflect.DelegatingMethodAccessorImpl.invoke(Unknown Source)
	at java.lang.reflect.Method.invoke(Unknown Source)
	at org.testng.internal.MethodInvocationHelper.invokeMethod(MethodInvocationHelper.java:85)
	at org.testng.internal.Invoker.invokeMethod(Invoker.java:639)
	at org.testng.internal.Invoker.invokeTestMethod(Invoker.java:816)
	at org.testng.internal.Invoker.invokeTestMethods(Invoker.java:1124)
	at org.testng.internal.TestMethodWorker.invokeTestMethods(TestMethodWorker.java:125)
	at org.testng.internal.TestMethodWorker.run(TestMethodWorker.java:108)
	at org.testng.TestRunner.privateRun(TestRunner.java:774)
	at org.testng.TestRunner.run(TestRunner.java:624)
	at org.testng.SuiteRunner.runTest(SuiteRunner.java:359)
	at org.testng.SuiteRunner.runSequentially(SuiteRunner.java:354)
	at org.testng.SuiteRunner.privateRun(SuiteRunner.java:312)
	at org.testng.SuiteRunner.run(SuiteRunner.java:261)
	at org.testng.SuiteRunnerWorker.runSuite(SuiteRunnerWorker.java:52)
	at org.testng.SuiteRunnerWorker.run(SuiteRunnerWorker.java:86)
	at org.testng.TestNG.runSuitesSequentially(TestNG.java:1215)
	at org.testng.TestNG.runSuitesLocally(TestNG.java:1140)
	at org.testng.TestNG.run(TestNG.java:1048)
	at org.testng.TestNG.privateMain(TestNG.java:1355)
	at org.testng.TestNG.main(TestNG.java:1324)
</pre></div></td>
<td>0</td>
<td>procedures_NewFramework.AYSmoke.Webcenter.WC_ApplicationPackage.AppModuleApplicantSearchActions.WC_ApplicantSearchResults_Input@59e5ddf</td></tr>
<tr>
<td title='procedures_NewFramework.AYSmoke.Webcenter.WC_Login_Input.WC_Login_Input()'><b>WC_Login_Input</b><br>Test class: procedures_NewFramework.AYSmoke.Webcenter.WC_Login_Input<br>Test method: This Procedure is used to perform some operation in 'Webcenter Login' page<br/>
<a href="#Output-1570358965" onClick='toggleBox("Output-1570358965", this, "Show output", "Hide output");'>Show output</a>

<a href="#Output-1570358965" onClick="toggleAllBoxes();">Show all outputs</a>
<div class='log' id="Output-1570358965">
<tr><td><b><font size='4' color='Green'><a id="m4"">Procedure Name - WC_Welcome_Input</a></font></b></td></tr><br/>
<b><font size='3' color='Green'>Procedure No. - 4</font></b><br/>
<table border="3" cellspacing="0"<tr><td><b><font size='4' align="left" color='Black'><Strong>000topupdatelogout</Strong></font></b></td><td><b><font size='4' align="left" color='Black'><Strong>001package</Strong></font></b></td><td><b><font size='4' align="left" color='Black'><Strong>002menulinks</Strong></font></b></td><td><b><font size='4' align="left" color='Black'><Strong>003link_to_click</Strong></font></b></td><br/>
<tr><td><b><font size='4' align="left" color='Black'></font></b></td><td><b><font size='4' align="left" color='Black'>Search for Applicants</font></b></td><td><b><font size='4' align="left" color='Black'></font></b></td><td><b><font size='4' align="left" color='Black'></font></b></td><br/>
</table><br/>
Proceed to retrieve Input Test Data for 'Webcenter Login' Page<br/>
<b><font size='3' color='Red'><strong>4</strong></font></b><br/>
Failure Screenshot saved at C:\SeleniumScripts\AYQAAutomation\Results\23643_WC_SelectanActionRunReport\Failurescreenshot\WC_Login_Input_4.PNG<br/>
<a href='file:///C:\SeleniumScripts\AYQAAutomation\Results\23643_WC_SelectanActionRunReport\Failurescreenshot\WC_Login_Input_4.PNG'><img src='file:///C:\SeleniumScripts\AYQAAutomation\Results\23643_WC_SelectanActionRunReport\Failurescreenshot\WC_Login_Input_4.PNG' height='200' width='200'></a><br/>
</div>
</td>
<td><div><pre>java.lang.AssertionError: 4
	at processor.CommonSeleniumActions.writeFailure(CommonSeleniumActions.java:908)
	at procedures_NewFramework.AYSmoke.Webcenter.WC_Login_Input.WC_Login_Input(WC_Login_Input.java:77)
... Removed 24 stack frames</pre></div><a href='#' onClick='toggleBox("stack-trace1570358965", this, "Click to show all stack frames", "Click to hide stack frames")'>Click to show all stack frames</a>
<div class='stack-trace' id='stack-trace1570358965'><pre>java.lang.AssertionError: 4
	at org.testng.Assert.fail(Assert.java:94)
	at processor.CommonSeleniumActions.writeFailure(CommonSeleniumActions.java:908)
	at procedures_NewFramework.AYSmoke.Webcenter.WC_Login_Input.WC_Login_Input(WC_Login_Input.java:77)
	at sun.reflect.NativeMethodAccessorImpl.invoke0(Native Method)
	at sun.reflect.NativeMethodAccessorImpl.invoke(Unknown Source)
	at sun.reflect.DelegatingMethodAccessorImpl.invoke(Unknown Source)
	at java.lang.reflect.Method.invoke(Unknown Source)
	at org.testng.internal.MethodInvocationHelper.invokeMethod(MethodInvocationHelper.java:85)
	at org.testng.internal.Invoker.invokeMethod(Invoker.java:639)
	at org.testng.internal.Invoker.invokeTestMethod(Invoker.java:816)
	at org.testng.internal.Invoker.invokeTestMethods(Invoker.java:1124)
	at org.testng.internal.TestMethodWorker.invokeTestMethods(TestMethodWorker.java:125)
	at org.testng.internal.TestMethodWorker.run(TestMethodWorker.java:108)
	at org.testng.TestRunner.privateRun(TestRunner.java:774)
	at org.testng.TestRunner.run(TestRunner.java:624)
	at org.testng.SuiteRunner.runTest(SuiteRunner.java:359)
	at org.testng.SuiteRunner.runSequentially(SuiteRunner.java:354)
	at org.testng.SuiteRunner.privateRun(SuiteRunner.java:312)
	at org.testng.SuiteRunner.run(SuiteRunner.java:261)
	at org.testng.SuiteRunnerWorker.runSuite(SuiteRunnerWorker.java:52)
	at org.testng.SuiteRunnerWorker.run(SuiteRunnerWorker.java:86)
	at org.testng.TestNG.runSuitesSequentially(TestNG.java:1215)
	at org.testng.TestNG.runSuitesLocally(TestNG.java:1140)
	at org.testng.TestNG.run(TestNG.java:1048)
	at org.testng.TestNG.privateMain(TestNG.java:1355)
	at org.testng.TestNG.main(TestNG.java:1324)
</pre></div></td>
<td>0</td>
<td>procedures_NewFramework.AYSmoke.Webcenter.WC_Login_Input@37374a5e</td></tr>
<tr>
<td title='procedures_NewFramework.AYSmoke.Webcenter.WC_ApplicationPackage.SelectanAction.WC_RunReportResults_Verify.WC_RunReportResults_Verify()'><b>WC_RunReportResults_Verify</b><br>Test class: procedures_NewFramework.AYSmoke.Webcenter.WC_ApplicationPackage.SelectanAction.WC_RunReportResults_Verify<br>Test method: This Procedure is to perform some Verification in 'Run Report Results' page<br/>
<a href="#Output-1424698224" onClick='toggleBox("Output-1424698224", this, "Show output", "Hide output");'>Show output</a>

<a href="#Output-1424698224" onClick="toggleAllBoxes();">Show all outputs</a>
<div class='log' id="Output-1424698224">
<tr><td><b><font size='4' color='Green'><a id="m9"">Procedure Name - WC_RunReportResults_Verify</a></font></b></td></tr><br/>
<b><font size='3' color='Green'>Procedure No. - 9</font></b><br/>
<table border="3" cellspacing="0"<tr><td><b><font size='4' align="left" color='Black'><Strong>00message</Strong></font></b></td><td><b><font size='4' align="left" color='Black'><Strong>01pagename</Strong></font></b></td><td><b><font size='4' align="left" color='Black'><Strong>02verifyui</Strong></font></b></td><br/>
<tr><td><b><font size='4' align="left" color='Black'></font></b></td><td><b><font size='4' align="left" color='Black'>Application Module :: Perform an Action :: Run Report Results</font></b></td><td><b><font size='4' align="left" color='Black'></font></b></td><br/>
</table><br/>
Proceed to retrieve Verify Test Data 'Run Report Results' page<br/>
Verify Test Data was retrieved for 'Run Report Results' page<br/>
Step 2 - Verify its navigate to (Application Module :: Perform an Action :: Run Report Results) page<br/>
Verify Element(Page Name for Run Import) Contains Text(Application Module :: Perform an Action :: Run Report Results)<br/>
<b><font size='3' color='Red'><strong>Element [Page Name for Run Import ] was Not Present</strong></font></b><br/>
Failure Screenshot saved at C:\SeleniumScripts\AYQAAutomation\Results\23643_WC_SelectanActionRunReport\Failurescreenshot\WC_RunReportResults_Verify_9.PNG<br/>
<a href='file:///C:\SeleniumScripts\AYQAAutomation\Results\23643_WC_SelectanActionRunReport\Failurescreenshot\WC_RunReportResults_Verify_9.PNG'><img src='file:///C:\SeleniumScripts\AYQAAutomation\Results\23643_WC_SelectanActionRunReport\Failurescreenshot\WC_RunReportResults_Verify_9.PNG' height='200' width='200'></a><br/>
</div>
</td>
<td><div><pre>java.lang.AssertionError: Element [Page Name for Run Import ] was Not Present
	at processor.CommonSeleniumActions.writeFailure(CommonSeleniumActions.java:908)
	at processor.CommonSeleniumActions.verifyElementContainsTextWebdriver(CommonSeleniumActions.java:3496)
	at procedures_NewFramework.AYSmoke.Webcenter.WC_ApplicationPackage.SelectanAction.WC_RunReportResults_Verify.WC_RunReportResults_Verify(WC_RunReportResults_Verify.java:29)
... Removed 24 stack frames</pre></div><a href='#' onClick='toggleBox("stack-trace1424698224", this, "Click to show all stack frames", "Click to hide stack frames")'>Click to show all stack frames</a>
<div class='stack-trace' id='stack-trace1424698224'><pre>java.lang.AssertionError: Element [Page Name for Run Import ] was Not Present
	at org.testng.Assert.fail(Assert.java:94)
	at processor.CommonSeleniumActions.writeFailure(CommonSeleniumActions.java:908)
	at processor.CommonSeleniumActions.verifyElementContainsTextWebdriver(CommonSeleniumActions.java:3496)
	at procedures_NewFramework.AYSmoke.Webcenter.WC_ApplicationPackage.SelectanAction.WC_RunReportResults_Verify.WC_RunReportResults_Verify(WC_RunReportResults_Verify.java:29)
	at sun.reflect.NativeMethodAccessorImpl.invoke0(Native Method)
	at sun.reflect.NativeMethodAccessorImpl.invoke(Unknown Source)
	at sun.reflect.DelegatingMethodAccessorImpl.invoke(Unknown Source)
	at java.lang.reflect.Method.invoke(Unknown Source)
	at org.testng.internal.MethodInvocationHelper.invokeMethod(MethodInvocationHelper.java:85)
	at org.testng.internal.Invoker.invokeMethod(Invoker.java:639)
	at org.testng.internal.Invoker.invokeTestMethod(Invoker.java:816)
	at org.testng.internal.Invoker.invokeTestMethods(Invoker.java:1124)
	at org.testng.internal.TestMethodWorker.invokeTestMethods(TestMethodWorker.java:125)
	at org.testng.internal.TestMethodWorker.run(TestMethodWorker.java:108)
	at org.testng.TestRunner.privateRun(TestRunner.java:774)
	at org.testng.TestRunner.run(TestRunner.java:624)
	at org.testng.SuiteRunner.runTest(SuiteRunner.java:359)
	at org.testng.SuiteRunner.runSequentially(SuiteRunner.java:354)
	at org.testng.SuiteRunner.privateRun(SuiteRunner.java:312)
	at org.testng.SuiteRunner.run(SuiteRunner.java:261)
	at org.testng.SuiteRunnerWorker.runSuite(SuiteRunnerWorker.java:52)
	at org.testng.SuiteRunnerWorker.run(SuiteRunnerWorker.java:86)
	at org.testng.TestNG.runSuitesSequentially(TestNG.java:1215)
	at org.testng.TestNG.runSuitesLocally(TestNG.java:1140)
	at org.testng.TestNG.run(TestNG.java:1048)
	at org.testng.TestNG.privateMain(TestNG.java:1355)
	at org.testng.TestNG.main(TestNG.java:1324)
</pre></div></td>
<td>0</td>
<td>procedures_NewFramework.AYSmoke.Webcenter.WC_ApplicationPackage.SelectanAction.WC_RunReportResults_Verify@3234e239</td></tr>
<tr>
<td title='procedures_NewFramework.AYSmoke.Webcenter.WC_ApplicationPackage.SelectanAction.WC_RunReport_Input.WC_RunReport_Input()'><b>WC_RunReport_Input</b><br>Test class: procedures_NewFramework.AYSmoke.Webcenter.WC_ApplicationPackage.SelectanAction.WC_RunReport_Input<br>Test method: This Procedure is used to perform some operation in 'Run Report' page<br/>
<a href="#Output-1932536213" onClick='toggleBox("Output-1932536213", this, "Show output", "Hide output");'>Show output</a>

<a href="#Output-1932536213" onClick="toggleAllBoxes();">Show all outputs</a>
<div class='log' id="Output-1932536213">
<tr><td><b><font size='4' color='Green'><a id="m10"">Procedure Name - WC_RunReportResults_Input</a></font></b></td></tr><br/>
<b><font size='3' color='Green'>Procedure No. - 10</font></b><br/>
<table border="3" cellspacing="0"<tr><td><b><font size='4' align="left" color='Black'><Strong>000button</Strong></font></b></td><br/>
<tr><td><b><font size='4' align="left" color='Black'>View</font></b></td><br/>
</table><br/>
Proceed to retrieve Input Test Data for 'Run Report' Page<br/>
<b><font size='3' color='Red'><strong>1</strong></font></b><br/>
Failure Screenshot saved at C:\SeleniumScripts\AYQAAutomation\Results\23643_WC_SelectanActionRunReport\Failurescreenshot\WC_RunReport_Input_10.PNG<br/>
<a href='file:///C:\SeleniumScripts\AYQAAutomation\Results\23643_WC_SelectanActionRunReport\Failurescreenshot\WC_RunReport_Input_10.PNG'><img src='file:///C:\SeleniumScripts\AYQAAutomation\Results\23643_WC_SelectanActionRunReport\Failurescreenshot\WC_RunReport_Input_10.PNG' height='200' width='200'></a><br/>
</div>
</td>
<td><div><pre>java.lang.AssertionError: 1
	at processor.CommonSeleniumActions.writeFailure(CommonSeleniumActions.java:908)
	at procedures_NewFramework.AYSmoke.Webcenter.WC_ApplicationPackage.SelectanAction.WC_RunReport_Input.WC_RunReport_Input(WC_RunReport_Input.java:60)
... Removed 24 stack frames</pre></div><a href='#' onClick='toggleBox("stack-trace1932536213", this, "Click to show all stack frames", "Click to hide stack frames")'>Click to show all stack frames</a>
<div class='stack-trace' id='stack-trace1932536213'><pre>java.lang.AssertionError: 1
	at org.testng.Assert.fail(Assert.java:94)
	at processor.CommonSeleniumActions.writeFailure(CommonSeleniumActions.java:908)
	at procedures_NewFramework.AYSmoke.Webcenter.WC_ApplicationPackage.SelectanAction.WC_RunReport_Input.WC_RunReport_Input(WC_RunReport_Input.java:60)
	at sun.reflect.NativeMethodAccessorImpl.invoke0(Native Method)
	at sun.reflect.NativeMethodAccessorImpl.invoke(Unknown Source)
	at sun.reflect.DelegatingMethodAccessorImpl.invoke(Unknown Source)
	at java.lang.reflect.Method.invoke(Unknown Source)
	at org.testng.internal.MethodInvocationHelper.invokeMethod(MethodInvocationHelper.java:85)
	at org.testng.internal.Invoker.invokeMethod(Invoker.java:639)
	at org.testng.internal.Invoker.invokeTestMethod(Invoker.java:816)
	at org.testng.internal.Invoker.invokeTestMethods(Invoker.java:1124)
	at org.testng.internal.TestMethodWorker.invokeTestMethods(TestMethodWorker.java:125)
	at org.testng.internal.TestMethodWorker.run(TestMethodWorker.java:108)
	at org.testng.TestRunner.privateRun(TestRunner.java:774)
	at org.testng.TestRunner.run(TestRunner.java:624)
	at org.testng.SuiteRunner.runTest(SuiteRunner.java:359)
	at org.testng.SuiteRunner.runSequentially(SuiteRunner.java:354)
	at org.testng.SuiteRunner.privateRun(SuiteRunner.java:312)
	at org.testng.SuiteRunner.run(SuiteRunner.java:261)
	at org.testng.SuiteRunnerWorker.runSuite(SuiteRunnerWorker.java:52)
	at org.testng.SuiteRunnerWorker.run(SuiteRunnerWorker.java:86)
	at org.testng.TestNG.runSuitesSequentially(TestNG.java:1215)
	at org.testng.TestNG.runSuitesLocally(TestNG.java:1140)
	at org.testng.TestNG.run(TestNG.java:1048)
	at org.testng.TestNG.privateMain(TestNG.java:1355)
	at org.testng.TestNG.main(TestNG.java:1324)
</pre></div></td>
<td>0</td>
<td>procedures_NewFramework.AYSmoke.Webcenter.WC_ApplicationPackage.SelectanAction.WC_RunReport_Input@3d921e20</td></tr>
<tr>
<td title='procedures_NewFramework.AYSmoke.Webcenter.WC_ApplicationPackage.SelectanAction.WC_RunReport_Verify.WC_RunReport_Verify()'><b>WC_RunReport_Verify</b><br>Test class: procedures_NewFramework.AYSmoke.Webcenter.WC_ApplicationPackage.SelectanAction.WC_RunReport_Verify<br>Test method: This Procedure is to perform some Verification in 'Run Report' page<br/>
<a href="#Output-252738640" onClick='toggleBox("Output-252738640", this, "Show output", "Hide output");'>Show output</a>

<a href="#Output-252738640" onClick="toggleAllBoxes();">Show all outputs</a>
<div class='log' id="Output-252738640">
<tr><td><b><font size='4' color='Green'><a id="m11"">Procedure Name - WC_Welcome_Input</a></font></b></td></tr><br/>
<b><font size='3' color='Green'>Procedure No. - 11</font></b><br/>
<table border="3" cellspacing="0"<tr><td><b><font size='4' align="left" color='Black'><Strong>000topupdatelogout</Strong></font></b></td><td><b><font size='4' align="left" color='Black'><Strong>001package</Strong></font></b></td><td><b><font size='4' align="left" color='Black'><Strong>002menulinks</Strong></font></b></td><td><b><font size='4' align="left" color='Black'><Strong>003link_to_click</Strong></font></b></td><br/>
<tr><td><b><font size='4' align="left" color='Black'>logout</font></b></td><td><b><font size='4' align="left" color='Black'></font></b></td><td><b><font size='4' align="left" color='Black'></font></b></td><td><b><font size='4' align="left" color='Black'></font></b></td><br/>
</table><br/>
Proceed to retrieve Verify Test Data 'Run Report' page<br/>
Verify Test Data was retrieved for 'Run Report' page<br/>
Step 1 - Verify Message(logout) was displayed correctly<br/>
<b><font size='3' color='Red'><strong>logout Timeout after 1 minute..</strong></font></b><br/>
Failure Screenshot saved at C:\SeleniumScripts\AYQAAutomation\Results\23643_WC_SelectanActionRunReport\Failurescreenshot\WC_RunReport_Verify_11.PNG<br/>
<a href='file:///C:\SeleniumScripts\AYQAAutomation\Results\23643_WC_SelectanActionRunReport\Failurescreenshot\WC_RunReport_Verify_11.PNG'><img src='file:///C:\SeleniumScripts\AYQAAutomation\Results\23643_WC_SelectanActionRunReport\Failurescreenshot\WC_RunReport_Verify_11.PNG' height='200' width='200'></a><br/>
</div>
</td>
<td><div><pre>java.lang.AssertionError: logout Timeout after 1 minute..
	at processor.CommonSeleniumActions.writeFailure(CommonSeleniumActions.java:908)
	at processor.CommonSeleniumActions.waitForText(CommonSeleniumActions.java:345)
	at procedures_NewFramework.AYSmoke.Webcenter.WC_ApplicationPackage.SelectanAction.WC_RunReport_Verify.WC_RunReport_Verify(WC_RunReport_Verify.java:24)
... Removed 24 stack frames</pre></div><a href='#' onClick='toggleBox("stack-trace252738640", this, "Click to show all stack frames", "Click to hide stack frames")'>Click to show all stack frames</a>
<div class='stack-trace' id='stack-trace252738640'><pre>java.lang.AssertionError: logout Timeout after 1 minute..
	at org.testng.Assert.fail(Assert.java:94)
	at processor.CommonSeleniumActions.writeFailure(CommonSeleniumActions.java:908)
	at processor.CommonSeleniumActions.waitForText(CommonSeleniumActions.java:345)
	at procedures_NewFramework.AYSmoke.Webcenter.WC_ApplicationPackage.SelectanAction.WC_RunReport_Verify.WC_RunReport_Verify(WC_RunReport_Verify.java:24)
	at sun.reflect.NativeMethodAccessorImpl.invoke0(Native Method)
	at sun.reflect.NativeMethodAccessorImpl.invoke(Unknown Source)
	at sun.reflect.DelegatingMethodAccessorImpl.invoke(Unknown Source)
	at java.lang.reflect.Method.invoke(Unknown Source)
	at org.testng.internal.MethodInvocationHelper.invokeMethod(MethodInvocationHelper.java:85)
	at org.testng.internal.Invoker.invokeMethod(Invoker.java:639)
	at org.testng.internal.Invoker.invokeTestMethod(Invoker.java:816)
	at org.testng.internal.Invoker.invokeTestMethods(Invoker.java:1124)
	at org.testng.internal.TestMethodWorker.invokeTestMethods(TestMethodWorker.java:125)
	at org.testng.internal.TestMethodWorker.run(TestMethodWorker.java:108)
	at org.testng.TestRunner.privateRun(TestRunner.java:774)
	at org.testng.TestRunner.run(TestRunner.java:624)
	at org.testng.SuiteRunner.runTest(SuiteRunner.java:359)
	at org.testng.SuiteRunner.runSequentially(SuiteRunner.java:354)
	at org.testng.SuiteRunner.privateRun(SuiteRunner.java:312)
	at org.testng.SuiteRunner.run(SuiteRunner.java:261)
	at org.testng.SuiteRunnerWorker.runSuite(SuiteRunnerWorker.java:52)
	at org.testng.SuiteRunnerWorker.run(SuiteRunnerWorker.java:86)
	at org.testng.TestNG.runSuitesSequentially(TestNG.java:1215)
	at org.testng.TestNG.runSuitesLocally(TestNG.java:1140)
	at org.testng.TestNG.run(TestNG.java:1048)
	at org.testng.TestNG.privateMain(TestNG.java:1355)
	at org.testng.TestNG.main(TestNG.java:1324)
</pre></div></td>
<td>1</td>
<td>procedures_NewFramework.AYSmoke.Webcenter.WC_ApplicationPackage.SelectanAction.WC_RunReport_Verify@36b4cef0</td></tr>
<tr>
<td title='procedures_NewFramework.AYSmoke.Webcenter.WC_SearchforApplicants_Input.WC_SearchforApplicants_Input()'><b>WC_SearchforApplicants_Input</b><br>Test class: procedures_NewFramework.AYSmoke.Webcenter.WC_SearchforApplicants_Input<br>Test method: This Procedure is used to perform some operation in 'Search For Applicants' page<br/>
<a href="#Output-939199469" onClick='toggleBox("Output-939199469", this, "Show output", "Hide output");'>Show output</a>

<a href="#Output-939199469" onClick="toggleAllBoxes();">Show all outputs</a>
<div class='log' id="Output-939199469">
<tr><td><b><font size='4' color='Green'><a id="m5"">Procedure Name - WC_SearchforApplicants_Input</a></font></b></td></tr><br/>
<b><font size='3' color='Green'>Procedure No. - 5</font></b><br/>
<table border="3" cellspacing="0"<tr><td><b><font size='4' align="left" color='Black'><Strong>00_numberofrecordsdisplay</Strong></font></b></td><td><b><font size='4' align="left" color='Black'><Strong>01_record_options</Strong></font></b></td><td><b><font size='4' align="left" color='Black'><Strong>02_viewrecords_withdetails</Strong></font></b></td><td><b><font size='4' align="left" color='Black'><Strong>03_search_by_date</Strong></font></b></td><td><b><font size='4' align="left" color='Black'><Strong>04_createddate</Strong></font></b></td><td><b><font size='4' align="left" color='Black'><Strong>05_submittedate</Strong></font></b></td><td><b><font size='4' align="left" color='Black'><Strong>06_searchbydate_submit</Strong></font></b></td><td><b><font size='4' align="left" color='Black'><Strong>07_firstname</Strong></font></b></td><td><b><font size='4' align="left" color='Black'><Strong>08_lastname</Strong></font></b></td><td><b><font size='4' align="left" color='Black'><Strong>09_birthdate</Strong></font></b></td><td><b><font size='4' align="left" color='Black'><Strong>10_emailaddress</Strong></font></b></td><td><b><font size='4' align="left" color='Black'><Strong>11_zip</Strong></font></b></td><td><b><font size='4' align="left" color='Black'><Strong>12_pin</Strong></font></b></td><td><b><font size='4' align="left" color='Black'><Strong>13_applicantid</Strong></font></b></td><td><b><font size='4' align="left" color='Black'><Strong>14_searchbyindividual</Strong></font></b></td><td><b><font size='4' align="left" color='Black'><Strong>15_systemqueries</Strong></font></b></td><td><b><font size='4' align="left" color='Black'><Strong>16_userqueries</Strong></font></b></td><td><b><font size='4' align="left" color='Black'><Strong>17_search_using_query</Strong></font></b></td><td><b><font size='4' align="left" color='Black'><Strong>18_selectagroup</Strong></font></b></td><td><b><font size='4' align="left" color='Black'><Strong>19_search_by_group</Strong></font></b></td><td><b><font size='4' align="left" color='Black'><Strong>20_select_action</Strong></font></b></td><td><b><font size='4' align="left" color='Black'><Strong>21_searchbyaction</Strong></font></b></td><td><b><font size='4' align="left" color='Black'><Strong>22_submit</Strong></font></b></td><td><b><font size='4' align="left" color='Black'><Strong>23_pros_id</Strong></font></b></td><td><b><font size='4' align="left" color='Black'><Strong>24_daterange_from</Strong></font></b></td><td><b><font size='4' align="left" color='Black'><Strong>25_daterange_to</Strong></font></b></td><br/>
<tr><td><b><font size='4' align="left" color='Black'></font></b></td><td><b><font size='4' align="left" color='Black'>Submitted</font></b></td><td><b><font size='4' align="left" color='Black'></font></b></td><td><b><font size='4' align="left" color='Black'></font></b></td><td><b><font size='4' align="left" color='Black'></font></b></td><td><b><font size='4' align="left" color='Black'></font></b></td><td><b><font size='4' align="left" color='Black'></font></b></td><td><b><font size='4' align="left" color='Black'></font></b></td><td><b><font size='4' align="left" color='Black'></font></b></td><td><b><font size='4' align="left" color='Black'></font></b></td><td><b><font size='4' align="left" color='Black'>emtqaaccount@hobsons.com</font></b></td><td><b><font size='4' align="left" color='Black'></font></b></td><td><b><font size='4' align="left" color='Black'></font></b></td><td><b><font size='4' align="left" color='Black'></font></b></td><td><b><font size='4' align="left" color='Black'></font></b></td><td><b><font size='4' align="left" color='Black'></font></b></td><td><b><font size='4' align="left" color='Black'></font></b></td><td><b><font size='4' align="left" color='Black'></font></b></td><td><b><font size='4' align="left" color='Black'></font></b></td><td><b><font size='4' align="left" color='Black'></font></b></td><td><b><font size='4' align="left" color='Black'></font></b></td><td><b><font size='4' align="left" color='Black'></font></b></td><td><b><font size='4' align="left" color='Black'>Submit</font></b></td><td><b><font size='4' align="left" color='Black'></font></b></td><td><b><font size='4' align="left" color='Black'></font></b></td><td><b><font size='4' align="left" color='Black'></font></b></td><br/>
</table><br/>
Proceed to retrieve Input Test Data for 'Search For Applicants' Page<br/>
Input Test Data was retrieved for 'Search For Applicants' Page<br/>
Step 2 - Select the record options as [Submitted]<br/>
<b><font size='3' color='Red'><strong>Unable to locate element: //input[@type='radio' and @value='yes'] (WARNING: The server did not provide any stacktrace information)
Command duration or timeout: 11 milliseconds
For documentation on this error, please visit: http://seleniumhq.org/exceptions/no_such_element.html
Build info: version: '3.0.0-beta1', revision: '8e4315c', time: '2016-07-28 18:04:05 -0700'
System info: host: 'ISILDT10146', ip: '192.168.243.97', os.name: 'Windows 7', os.arch: 'amd64', os.version: '6.1', java.version: '1.8.0_66'
Driver info: org.openqa.selenium.firefox.MarionetteDriver
Capabilities [{rotatable=false, raisesAccessibilityExceptions=false, appBuildId=20160623154057, version=, platform=XP, proxy={}, command_id=1, specificationLevel=0, acceptSslCerts=false, browserVersion=47.0.1, platformVersion=6.1, XULappId={ec8030f7-c20a-464f-9b0e-13a3a9e97384}, browserName=Firefox, takesScreenshot=true, takesElementScreenshot=true, platformName=Windows_NT, device=desktop}]
Session ID: 35504730-7075-469a-9547-76f113e4df46
*** Element info: {Using=xpath, value=//input[@type='radio' and @value='yes']}</strong></font></b><br/>
Failure Screenshot saved at C:\SeleniumScripts\AYQAAutomation\Results\23643_WC_SelectanActionRunReport\Failurescreenshot\WC_SearchforApplicants_Input_5.PNG<br/>
<a href='file:///C:\SeleniumScripts\AYQAAutomation\Results\23643_WC_SelectanActionRunReport\Failurescreenshot\WC_SearchforApplicants_Input_5.PNG'><img src='file:///C:\SeleniumScripts\AYQAAutomation\Results\23643_WC_SelectanActionRunReport\Failurescreenshot\WC_SearchforApplicants_Input_5.PNG' height='200' width='200'></a><br/>
</div>
</td>
<td><div><pre>java.lang.AssertionError: Unable to locate element: //input[@type=&apos;radio&apos; and @value=&apos;yes&apos;] (WARNING: The server did not provide any stacktrace information)
Command duration or timeout: 11 milliseconds
For documentation on this error, please visit: http://seleniumhq.org/exceptions/no_such_element.html
Build info: version: &apos;3.0.0-beta1&apos;, revision: &apos;8e4315c&apos;, time: &apos;2016-07-28 18:04:05 -0700&apos;
System info: host: &apos;ISILDT10146&apos;, ip: &apos;192.168.243.97&apos;, os.name: &apos;Windows 7&apos;, os.arch: &apos;amd64&apos;, os.version: &apos;6.1&apos;, java.version: &apos;1.8.0_66&apos;
Driver info: org.openqa.selenium.firefox.MarionetteDriver
Capabilities [{rotatable=false, raisesAccessibilityExceptions=false, appBuildId=20160623154057, version=, platform=XP, proxy={}, command_id=1, specificationLevel=0, acceptSslCerts=false, browserVersion=47.0.1, platformVersion=6.1, XULappId={ec8030f7-c20a-464f-9b0e-13a3a9e97384}, browserName=Firefox, takesScreenshot=true, takesElementScreenshot=true, platformName=Windows_NT, device=desktop}]
Session ID: 35504730-7075-469a-9547-76f113e4df46
*** Element info: {Using=xpath, value=//input[@type=&apos;radio&apos; and @value=&apos;yes&apos;]}
	at processor.CommonSeleniumActions.writeFailure(CommonSeleniumActions.java:908)
	at procedures_NewFramework.AYSmoke.Webcenter.WC_SearchforApplicants_Input.WC_SearchforApplicants_Input(WC_SearchforApplicants_Input.java:258)
... Removed 24 stack frames</pre></div><a href='#' onClick='toggleBox("stack-trace939199469", this, "Click to show all stack frames", "Click to hide stack frames")'>Click to show all stack frames</a>
<div class='stack-trace' id='stack-trace939199469'><pre>java.lang.AssertionError: Unable to locate element: //input[@type=&apos;radio&apos; and @value=&apos;yes&apos;] (WARNING: The server did not provide any stacktrace information)
Command duration or timeout: 11 milliseconds
For documentation on this error, please visit: http://seleniumhq.org/exceptions/no_such_element.html
Build info: version: &apos;3.0.0-beta1&apos;, revision: &apos;8e4315c&apos;, time: &apos;2016-07-28 18:04:05 -0700&apos;
System info: host: &apos;ISILDT10146&apos;, ip: &apos;192.168.243.97&apos;, os.name: &apos;Windows 7&apos;, os.arch: &apos;amd64&apos;, os.version: &apos;6.1&apos;, java.version: &apos;1.8.0_66&apos;
Driver info: org.openqa.selenium.firefox.MarionetteDriver
Capabilities [{rotatable=false, raisesAccessibilityExceptions=false, appBuildId=20160623154057, version=, platform=XP, proxy={}, command_id=1, specificationLevel=0, acceptSslCerts=false, browserVersion=47.0.1, platformVersion=6.1, XULappId={ec8030f7-c20a-464f-9b0e-13a3a9e97384}, browserName=Firefox, takesScreenshot=true, takesElementScreenshot=true, platformName=Windows_NT, device=desktop}]
Session ID: 35504730-7075-469a-9547-76f113e4df46
*** Element info: {Using=xpath, value=//input[@type=&apos;radio&apos; and @value=&apos;yes&apos;]}
	at org.testng.Assert.fail(Assert.java:94)
	at processor.CommonSeleniumActions.writeFailure(CommonSeleniumActions.java:908)
	at procedures_NewFramework.AYSmoke.Webcenter.WC_SearchforApplicants_Input.WC_SearchforApplicants_Input(WC_SearchforApplicants_Input.java:258)
	at sun.reflect.NativeMethodAccessorImpl.invoke0(Native Method)
	at sun.reflect.NativeMethodAccessorImpl.invoke(Unknown Source)
	at sun.reflect.DelegatingMethodAccessorImpl.invoke(Unknown Source)
	at java.lang.reflect.Method.invoke(Unknown Source)
	at org.testng.internal.MethodInvocationHelper.invokeMethod(MethodInvocationHelper.java:85)
	at org.testng.internal.Invoker.invokeMethod(Invoker.java:639)
	at org.testng.internal.Invoker.invokeTestMethod(Invoker.java:816)
	at org.testng.internal.Invoker.invokeTestMethods(Invoker.java:1124)
	at org.testng.internal.TestMethodWorker.invokeTestMethods(TestMethodWorker.java:125)
	at org.testng.internal.TestMethodWorker.run(TestMethodWorker.java:108)
	at org.testng.TestRunner.privateRun(TestRunner.java:774)
	at org.testng.TestRunner.run(TestRunner.java:624)
	at org.testng.SuiteRunner.runTest(SuiteRunner.java:359)
	at org.testng.SuiteRunner.runSequentially(SuiteRunner.java:354)
	at org.testng.SuiteRunner.privateRun(SuiteRunner.java:312)
	at org.testng.SuiteRunner.run(SuiteRunner.java:261)
	at org.testng.SuiteRunnerWorker.runSuite(SuiteRunnerWorker.java:52)
	at org.testng.SuiteRunnerWorker.run(SuiteRunnerWorker.java:86)
	at org.testng.TestNG.runSuitesSequentially(TestNG.java:1215)
	at org.testng.TestNG.runSuitesLocally(TestNG.java:1140)
	at org.testng.TestNG.run(TestNG.java:1048)
	at org.testng.TestNG.privateMain(TestNG.java:1355)
	at org.testng.TestNG.main(TestNG.java:1324)
</pre></div></td>
<td>0</td>
<td>procedures_NewFramework.AYSmoke.Webcenter.WC_SearchforApplicants_Input@543c6f6d</td></tr>
<tr>
<td title='procedures_NewFramework.AYSmoke.Webcenter.WC_Welcome_Input.WC_Welcome_Input()'><b>WC_Welcome_Input</b><br>Test class: procedures_NewFramework.AYSmoke.Webcenter.WC_Welcome_Input<br>Test method: This Procedure is used to perform some operation in 'Welcome' page<br/>
<a href="#Output-698741991" onClick='toggleBox("Output-698741991", this, "Show output", "Hide output");'>Show output</a>

<a href="#Output-698741991" onClick="toggleAllBoxes();">Show all outputs</a>
<div class='log' id="Output-698741991">
<tr><td><b><font size='4' color='Green'><a id="m6"">Procedure Name - WC_ApplicantSearchResults_Input</a></font></b></td></tr><br/>
<b><font size='3' color='Green'>Procedure No. - 6</font></b><br/>
<table border="3" cellspacing="0"<tr><td><b><font size='4' align="left" color='Black'><Strong>000checkagainstname</Strong></font></b></td><td><b><font size='4' align="left" color='Black'><Strong>001clickname</Strong></font></b></td><td><b><font size='4' align="left" color='Black'><Strong>002clickpdf</Strong></font></b></td><td><b><font size='4' align="left" color='Black'><Strong>003selectanaction</Strong></font></b></td><td><b><font size='4' align="left" color='Black'><Strong>004apply</Strong></font></b></td><td><b><font size='4' align="left" color='Black'><Strong>005click</Strong></font></b></td><br/>
<tr><td><b><font size='4' align="left" color='Black'>emtqaaccount@hobsons.com</font></b></td><td><b><font size='4' align="left" color='Black'></font></b></td><td><b><font size='4' align="left" color='Black'></font></b></td><td><b><font size='4' align="left" color='Black'>Run Reports</font></b></td><td><b><font size='4' align="left" color='Black'>Apply to Selected</font></b></td><td><b><font size='4' align="left" color='Black'>go</font></b></td><br/>
</table><br/>
Proceed to retrieve Input Test Data for 'Welcome' Page<br/>
Input Test Data was retrieved for 'Welcome' Page<br/>
Step 1 - Click the link as [emtqaaccount@hobsons.com]<br/>
<b><font size='3' color='Red'><strong>Elements[partiallinktext] was Not Found after waiting for 1 Minute</strong></font></b><br/>
Failure Screenshot saved at C:\SeleniumScripts\AYQAAutomation\Results\23643_WC_SelectanActionRunReport\Failurescreenshot\WC_Welcome_Input_6.PNG<br/>
<a href='file:///C:\SeleniumScripts\AYQAAutomation\Results\23643_WC_SelectanActionRunReport\Failurescreenshot\WC_Welcome_Input_6.PNG'><img src='file:///C:\SeleniumScripts\AYQAAutomation\Results\23643_WC_SelectanActionRunReport\Failurescreenshot\WC_Welcome_Input_6.PNG' height='200' width='200'></a><br/>
</div>
</td>
<td><div><pre>java.lang.AssertionError: Elements[partiallinktext] was Not Found after waiting for 1 Minute
	at processor.CommonSeleniumActions.writeFailure(CommonSeleniumActions.java:908)
	at processor.CommonSeleniumActions.waitForElementPresentWebdriver(CommonSeleniumActions.java:3119)
	at procedures_NewFramework.AYSmoke.Webcenter.WC_Welcome_Input.WC_Welcome_Input(WC_Welcome_Input.java:26)
... Removed 24 stack frames</pre></div><a href='#' onClick='toggleBox("stack-trace698741991", this, "Click to show all stack frames", "Click to hide stack frames")'>Click to show all stack frames</a>
<div class='stack-trace' id='stack-trace698741991'><pre>java.lang.AssertionError: Elements[partiallinktext] was Not Found after waiting for 1 Minute
	at org.testng.Assert.fail(Assert.java:94)
	at processor.CommonSeleniumActions.writeFailure(CommonSeleniumActions.java:908)
	at processor.CommonSeleniumActions.waitForElementPresentWebdriver(CommonSeleniumActions.java:3119)
	at procedures_NewFramework.AYSmoke.Webcenter.WC_Welcome_Input.WC_Welcome_Input(WC_Welcome_Input.java:26)
	at sun.reflect.NativeMethodAccessorImpl.invoke0(Native Method)
	at sun.reflect.NativeMethodAccessorImpl.invoke(Unknown Source)
	at sun.reflect.DelegatingMethodAccessorImpl.invoke(Unknown Source)
	at java.lang.reflect.Method.invoke(Unknown Source)
	at org.testng.internal.MethodInvocationHelper.invokeMethod(MethodInvocationHelper.java:85)
	at org.testng.internal.Invoker.invokeMethod(Invoker.java:639)
	at org.testng.internal.Invoker.invokeTestMethod(Invoker.java:816)
	at org.testng.internal.Invoker.invokeTestMethods(Invoker.java:1124)
	at org.testng.internal.TestMethodWorker.invokeTestMethods(TestMethodWorker.java:125)
	at org.testng.internal.TestMethodWorker.run(TestMethodWorker.java:108)
	at org.testng.TestRunner.privateRun(TestRunner.java:774)
	at org.testng.TestRunner.run(TestRunner.java:624)
	at org.testng.SuiteRunner.runTest(SuiteRunner.java:359)
	at org.testng.SuiteRunner.runSequentially(SuiteRunner.java:354)
	at org.testng.SuiteRunner.privateRun(SuiteRunner.java:312)
	at org.testng.SuiteRunner.run(SuiteRunner.java:261)
	at org.testng.SuiteRunnerWorker.runSuite(SuiteRunnerWorker.java:52)
	at org.testng.SuiteRunnerWorker.run(SuiteRunnerWorker.java:86)
	at org.testng.TestNG.runSuitesSequentially(TestNG.java:1215)
	at org.testng.TestNG.runSuitesLocally(TestNG.java:1140)
	at org.testng.TestNG.run(TestNG.java:1048)
	at org.testng.TestNG.privateMain(TestNG.java:1355)
	at org.testng.TestNG.main(TestNG.java:1324)
</pre></div></td>
<td>0</td>
<td>procedures_NewFramework.AYSmoke.Webcenter.WC_Welcome_Input@7403c468</td></tr>
<tr>
<td title='procedures_NewFramework.AYSmoke.Webcenter.WC_Welcome_Input.WC_Welcome_Input()'><b>WC_Welcome_Input</b><br>Test class: procedures_NewFramework.AYSmoke.Webcenter.WC_Welcome_Input<br>Test method: This Procedure is used to perform some operation in 'Welcome' page<br/>
<a href="#Output-1047478056" onClick='toggleBox("Output-1047478056", this, "Show output", "Hide output");'>Show output</a>

<a href="#Output-1047478056" onClick="toggleAllBoxes();">Show all outputs</a>
<div class='log' id="Output-1047478056">
<tr><td><b><font size='4' color='Green'><a id="m7"">Procedure Name - WC_RunReport_Verify</a></font></b></td></tr><br/>
<b><font size='3' color='Green'>Procedure No. - 7</font></b><br/>
<table border="3" cellspacing="0"<tr><td><b><font size='4' align="left" color='Black'><Strong>000message</Strong></font></b></td><td><b><font size='4' align="left" color='Black'><Strong>001pagename</Strong></font></b></td><td><b><font size='4' align="left" color='Black'><Strong>002verifyui</Strong></font></b></td><br/>
<tr><td><b><font size='4' align="left" color='Black'></font></b></td><td><b><font size='4' align="left" color='Black'>Application Module :: Run Reports</font></b></td><td><b><font size='4' align="left" color='Black'></font></b></td><br/>
</table><br/>
Proceed to retrieve Input Test Data for 'Welcome' Page<br/>
<b><font size='3' color='Red'><strong>3</strong></font></b><br/>
Failure Screenshot saved at C:\SeleniumScripts\AYQAAutomation\Results\23643_WC_SelectanActionRunReport\Failurescreenshot\WC_Welcome_Input_7.PNG<br/>
<a href='file:///C:\SeleniumScripts\AYQAAutomation\Results\23643_WC_SelectanActionRunReport\Failurescreenshot\WC_Welcome_Input_7.PNG'><img src='file:///C:\SeleniumScripts\AYQAAutomation\Results\23643_WC_SelectanActionRunReport\Failurescreenshot\WC_Welcome_Input_7.PNG' height='200' width='200'></a><br/>
</div>
</td>
<td><div><pre>java.lang.AssertionError: 3
	at processor.CommonSeleniumActions.writeFailure(CommonSeleniumActions.java:908)
	at procedures_NewFramework.AYSmoke.Webcenter.WC_Welcome_Input.WC_Welcome_Input(WC_Welcome_Input.java:92)
... Removed 24 stack frames</pre></div><a href='#' onClick='toggleBox("stack-trace1047478056", this, "Click to show all stack frames", "Click to hide stack frames")'>Click to show all stack frames</a>
<div class='stack-trace' id='stack-trace1047478056'><pre>java.lang.AssertionError: 3
	at org.testng.Assert.fail(Assert.java:94)
	at processor.CommonSeleniumActions.writeFailure(CommonSeleniumActions.java:908)
	at procedures_NewFramework.AYSmoke.Webcenter.WC_Welcome_Input.WC_Welcome_Input(WC_Welcome_Input.java:92)
	at sun.reflect.NativeMethodAccessorImpl.invoke0(Native Method)
	at sun.reflect.NativeMethodAccessorImpl.invoke(Unknown Source)
	at sun.reflect.DelegatingMethodAccessorImpl.invoke(Unknown Source)
	at java.lang.reflect.Method.invoke(Unknown Source)
	at org.testng.internal.MethodInvocationHelper.invokeMethod(MethodInvocationHelper.java:85)
	at org.testng.internal.Invoker.invokeMethod(Invoker.java:639)
	at org.testng.internal.Invoker.invokeTestMethod(Invoker.java:816)
	at org.testng.internal.Invoker.invokeTestMethods(Invoker.java:1124)
	at org.testng.internal.TestMethodWorker.invokeTestMethods(TestMethodWorker.java:125)
	at org.testng.internal.TestMethodWorker.run(TestMethodWorker.java:108)
	at org.testng.TestRunner.privateRun(TestRunner.java:774)
	at org.testng.TestRunner.run(TestRunner.java:624)
	at org.testng.SuiteRunner.runTest(SuiteRunner.java:359)
	at org.testng.SuiteRunner.runSequentially(SuiteRunner.java:354)
	at org.testng.SuiteRunner.privateRun(SuiteRunner.java:312)
	at org.testng.SuiteRunner.run(SuiteRunner.java:261)
	at org.testng.SuiteRunnerWorker.runSuite(SuiteRunnerWorker.java:52)
	at org.testng.SuiteRunnerWorker.run(SuiteRunnerWorker.java:86)
	at org.testng.TestNG.runSuitesSequentially(TestNG.java:1215)
	at org.testng.TestNG.runSuitesLocally(TestNG.java:1140)
	at org.testng.TestNG.run(TestNG.java:1048)
	at org.testng.TestNG.privateMain(TestNG.java:1355)
	at org.testng.TestNG.main(TestNG.java:1324)
</pre></div></td>
<td>0</td>
<td>procedures_NewFramework.AYSmoke.Webcenter.WC_Welcome_Input@7403c468</td></tr>
<tr>
<td title='procedures_NewFramework.AYSmoke.Webcenter.WC_Welcome_Input.WC_Welcome_Input()'><b>WC_Welcome_Input</b><br>Test class: procedures_NewFramework.AYSmoke.Webcenter.WC_Welcome_Input<br>Test method: This Procedure is used to perform some operation in 'Welcome' page<br/>
<a href="#Output-872826668" onClick='toggleBox("Output-872826668", this, "Show output", "Hide output");'>Show output</a>

<a href="#Output-872826668" onClick="toggleAllBoxes();">Show all outputs</a>
<div class='log' id="Output-872826668">
<tr><td><b><font size='4' color='Green'><a id="m8"">Procedure Name - WC_RunReport_Input</a></font></b></td></tr><br/>
<b><font size='3' color='Green'>Procedure No. - 8</font></b><br/>
<table border="3" cellspacing="0"<tr><td><b><font size='4' align="left" color='Black'><Strong>000selectfolder</Strong></font></b></td><td><b><font size='4' align="left" color='Black'><Strong>001selectreport</Strong></font></b></td><td><b><font size='4' align="left" color='Black'><Strong>002selectaformat</Strong></font></b></td><td><b><font size='4' align="left" color='Black'><Strong>003button</Strong></font></b></td><br/>
<tr><td><b><font size='4' align="left" color='Black'>Standard System Reports</font></b></td><td><b><font size='4' align="left" color='Black'>Applicant Report</font></b></td><td><b><font size='4' align="left" color='Black'></font></b></td><td><b><font size='4' align="left" color='Black'>Run</font></b></td><br/>
</table><br/>
Proceed to retrieve Input Test Data for 'Welcome' Page<br/>
Input Test Data was retrieved for 'Welcome' Page<br/>
Step 1 - Click the link as [Standard System Reports]<br/>
<b><font size='3' color='Red'><strong>Elements[partiallinktext] was Not Found after waiting for 1 Minute</strong></font></b><br/>
Failure Screenshot saved at C:\SeleniumScripts\AYQAAutomation\Results\23643_WC_SelectanActionRunReport\Failurescreenshot\WC_Welcome_Input_8.PNG<br/>
<a href='file:///C:\SeleniumScripts\AYQAAutomation\Results\23643_WC_SelectanActionRunReport\Failurescreenshot\WC_Welcome_Input_8.PNG'><img src='file:///C:\SeleniumScripts\AYQAAutomation\Results\23643_WC_SelectanActionRunReport\Failurescreenshot\WC_Welcome_Input_8.PNG' height='200' width='200'></a><br/>
</div>
</td>
<td><div><pre>java.lang.AssertionError: Elements[partiallinktext] was Not Found after waiting for 1 Minute
	at processor.CommonSeleniumActions.writeFailure(CommonSeleniumActions.java:908)
	at processor.CommonSeleniumActions.waitForElementPresentWebdriver(CommonSeleniumActions.java:3119)
	at procedures_NewFramework.AYSmoke.Webcenter.WC_Welcome_Input.WC_Welcome_Input(WC_Welcome_Input.java:26)
... Removed 24 stack frames</pre></div><a href='#' onClick='toggleBox("stack-trace872826668", this, "Click to show all stack frames", "Click to hide stack frames")'>Click to show all stack frames</a>
<div class='stack-trace' id='stack-trace872826668'><pre>java.lang.AssertionError: Elements[partiallinktext] was Not Found after waiting for 1 Minute
	at org.testng.Assert.fail(Assert.java:94)
	at processor.CommonSeleniumActions.writeFailure(CommonSeleniumActions.java:908)
	at processor.CommonSeleniumActions.waitForElementPresentWebdriver(CommonSeleniumActions.java:3119)
	at procedures_NewFramework.AYSmoke.Webcenter.WC_Welcome_Input.WC_Welcome_Input(WC_Welcome_Input.java:26)
	at sun.reflect.NativeMethodAccessorImpl.invoke0(Native Method)
	at sun.reflect.NativeMethodAccessorImpl.invoke(Unknown Source)
	at sun.reflect.DelegatingMethodAccessorImpl.invoke(Unknown Source)
	at java.lang.reflect.Method.invoke(Unknown Source)
	at org.testng.internal.MethodInvocationHelper.invokeMethod(MethodInvocationHelper.java:85)
	at org.testng.internal.Invoker.invokeMethod(Invoker.java:639)
	at org.testng.internal.Invoker.invokeTestMethod(Invoker.java:816)
	at org.testng.internal.Invoker.invokeTestMethods(Invoker.java:1124)
	at org.testng.internal.TestMethodWorker.invokeTestMethods(TestMethodWorker.java:125)
	at org.testng.internal.TestMethodWorker.run(TestMethodWorker.java:108)
	at org.testng.TestRunner.privateRun(TestRunner.java:774)
	at org.testng.TestRunner.run(TestRunner.java:624)
	at org.testng.SuiteRunner.runTest(SuiteRunner.java:359)
	at org.testng.SuiteRunner.runSequentially(SuiteRunner.java:354)
	at org.testng.SuiteRunner.privateRun(SuiteRunner.java:312)
	at org.testng.SuiteRunner.run(SuiteRunner.java:261)
	at org.testng.SuiteRunnerWorker.runSuite(SuiteRunnerWorker.java:52)
	at org.testng.SuiteRunnerWorker.run(SuiteRunnerWorker.java:86)
	at org.testng.TestNG.runSuitesSequentially(TestNG.java:1215)
	at org.testng.TestNG.runSuitesLocally(TestNG.java:1140)
	at org.testng.TestNG.run(TestNG.java:1048)
	at org.testng.TestNG.privateMain(TestNG.java:1355)
	at org.testng.TestNG.main(TestNG.java:1324)
</pre></div></td>
<td>0</td>
<td>procedures_NewFramework.AYSmoke.Webcenter.WC_Welcome_Input@7403c468</td></tr>
</table><p>
<table width='100%' border='1' class='invocation-passed'>
<tr><td colspan='4' align='center'><b>PASSED TESTS</b></td></tr>
<tr><td><b>Test method</b></td>
<td width="30%"><b>Exception</b></td>
<td width="10%"><b>Time (seconds)</b></td>
<td><b>Instance</b></td>
</tr>
<tr>
<td title='procedures_NewFramework.AYSmoke.General.GL_LaunchBrowser.GL_LaunchBrowser()'><b>GL_LaunchBrowser</b><br>Test class: procedures_NewFramework.AYSmoke.General.GL_LaunchBrowser<br>Test method: This procedure is to Navigate URL<br/>
<a href="#Output-144040807" onClick='toggleBox("Output-144040807", this, "Show output", "Hide output");'>Show output</a>

<a href="#Output-144040807" onClick="toggleAllBoxes();">Show all outputs</a>
<div class='log' id="Output-144040807">
Proceed to Read Run time Data from Excel Sheet in the location (C:/SeleniumScripts/AYQAAutomation/lib/InputTestdata.xls)<br/>
<tr><td><b><font size='4' color='Green'><a id="m1"">Procedure Name - GL_LaunchBrowser</a></font></b></td></tr><br/>
<b><font size='3' color='Green'>Procedure No. - 1</font></b><br/>
<table border="3" cellspacing="0"<tr><td><b><font size='4' align="left" color='Black'><Strong>00url</Strong></font></b></td><td><b><font size='4' align="left" color='Black'><Strong>01openurl</Strong></font></b></td><br/>
<tr><td><b><font size='4' align="left" color='Black'>https://uatwebcenter.applyyourself.com/</font></b></td><td><b><font size='4' align="left" color='Black'></font></b></td><br/>
</table><br/>
Proceed to retrieve Test Data for URL<br/>
Test Data was retrieved for URL<br/>
Proceed to retrieve Environment From Excel Sheet(C:/SeleniumScripts/AYQAAutomation/lib/InputTestdata.xls)<br/>
Step 1 - Proceed to Open URL(https://qawebcenter.applyyourself.com/)<br/>
</div>
</td>
<td></td>
<td>12</td>
<td>procedures_NewFramework.AYSmoke.General.GL_LaunchBrowser@527740a2</td></tr>
<tr>
<td title='procedures_NewFramework.AYSmoke.Webcenter.WC_ApplicationPackage.SelectanAction.WC_RunReportResults_Input.WC_RunReportResults_Input()'><b>WC_RunReportResults_Input</b><br>Test class: procedures_NewFramework.AYSmoke.Webcenter.WC_ApplicationPackage.SelectanAction.WC_RunReportResults_Input<br>Test method: This Procedure is used to perform some operation in 'Run Report Results' page<br/>
<a href="#Output-1652764753" onClick='toggleBox("Output-1652764753", this, "Show output", "Hide output");'>Show output</a>

<a href="#Output-1652764753" onClick="toggleAllBoxes();">Show all outputs</a>
<div class='log' id="Output-1652764753">
<tr><td><b><font size='4' color='Green'><a id="m3"">Procedure Name - WC_Welcome_Input</a></font></b></td></tr><br/>
<b><font size='3' color='Green'>Procedure No. - 3</font></b><br/>
<table border="3" cellspacing="0"<tr><td><b><font size='4' align="left" color='Black'><Strong>000topupdatelogout</Strong></font></b></td><td><b><font size='4' align="left" color='Black'><Strong>001package</Strong></font></b></td><td><b><font size='4' align="left" color='Black'><Strong>002menulinks</Strong></font></b></td><td><b><font size='4' align="left" color='Black'><Strong>003link_to_click</Strong></font></b></td><br/>
<tr><td><b><font size='4' align="left" color='Black'></font></b></td><td><b><font size='4' align="left" color='Black'>Select a System;Application System;Application for QA Automation</font></b></td><td><b><font size='4' align="left" color='Black'></font></b></td><td><b><font size='4' align="left" color='Black'></font></b></td><br/>
</table><br/>
Proceed to retrieve Input Test Data for 'Run Report Results' Page<br/>
Input Test Data was retrieved for 'Run Report Results' Page<br/>
</div>
</td>
<td></td>
<td>0</td>
<td>procedures_NewFramework.AYSmoke.Webcenter.WC_ApplicationPackage.SelectanAction.WC_RunReportResults_Input@c46bcd4</td></tr>
</table><p>
</body>
</html>