<?xml version="1.0" encoding="UTF-8"?>
<!-- Generated by org.testng.reporters.JUnitReportReporter -->
<testsuite hostname="ISILDT10146" name="procedures_NewFramework.AYSmoke.Webcenter.WC_ApplicationPackage.CreateLabelAndLetter.WC_CreateLabels_Inputs" tests="2" failures="2" timestamp="11 Aug 2016 11:30:13 GMT" time="0.682" errors="0">
  <testcase name="WC_CreateLabels_Inputs" time="0.365" classname="procedures_NewFramework.AYSmoke.Webcenter.WC_ApplicationPackage.CreateLabelAndLetter.WC_CreateLabels_Inputs">
    <failure type="java.lang.AssertionError" message="1">
      <![CDATA[java.lang.AssertionError: 1
	at org.testng.Assert.fail(Assert.java:94)
	at processor.CommonSeleniumActions.writeFailure(CommonSeleniumActions.java:908)
	at procedures_NewFramework.AYSmoke.Webcenter.WC_ApplicationPackage.CreateLabelAndLetter.WC_CreateLabels_Inputs.WC_CreateLabels_Inputs(WC_CreateLabels_Inputs.java:94)
	at sun.reflect.NativeMethodAccessorImpl.invoke0(Native Method)
	at sun.reflect.NativeMethodAccessorImpl.invoke(Unknown Source)
	at sun.reflect.DelegatingMethodAccessorImpl.invoke(Unknown Source)
	at java.lang.reflect.Method.invoke(Unknown Source)
	at org.testng.internal.MethodInvocationHelper.invokeMethod(MethodInvocationHelper.java:85)
	at org.testng.internal.Invoker.invokeMethod(Invoker.java:639)
	at org.testng.internal.Invoker.invokeTestMethod(Invoker.java:816)
	at org.testng.internal.Invoker.invokeTestMethods(Invoker.java:1124)
	at org.testng.internal.TestMethodWorker.invokeTestMethods(TestMethodWorker.java:125)
	at org.testng.internal.TestMethodWorker.run(TestMethodWorker.java:108)
	at org.testng.TestRunner.privateRun(TestRunner.java:774)
	at org.testng.TestRunner.run(TestRunner.java:624)
	at org.testng.SuiteRunner.runTest(SuiteRunner.java:359)
	at org.testng.SuiteRunner.runSequentially(SuiteRunner.java:354)
	at org.testng.SuiteRunner.privateRun(SuiteRunner.java:312)
	at org.testng.SuiteRunner.run(SuiteRunner.java:261)
	at org.testng.SuiteRunnerWorker.runSuite(SuiteRunnerWorker.java:52)
	at org.testng.SuiteRunnerWorker.run(SuiteRunnerWorker.java:86)
	at org.testng.TestNG.runSuitesSequentially(TestNG.java:1215)
	at org.testng.TestNG.runSuitesLocally(TestNG.java:1140)
	at org.testng.TestNG.run(TestNG.java:1048)
	at org.testng.TestNG.privateMain(TestNG.java:1355)
	at org.testng.TestNG.main(TestNG.java:1324)
]]>
    </failure>
  </testcase> <!-- WC_CreateLabels_Inputs -->
  <testcase name="WC_CreateLabels_Inputs" time="0.317" classname="procedures_NewFramework.AYSmoke.Webcenter.WC_ApplicationPackage.CreateLabelAndLetter.WC_CreateLabels_Inputs">
    <failure type="java.lang.AssertionError" message="1">
      <![CDATA[java.lang.AssertionError: 1
	at org.testng.Assert.fail(Assert.java:94)
	at processor.CommonSeleniumActions.writeFailure(CommonSeleniumActions.java:908)
	at procedures_NewFramework.AYSmoke.Webcenter.WC_ApplicationPackage.CreateLabelAndLetter.WC_CreateLabels_Inputs.WC_CreateLabels_Inputs(WC_CreateLabels_Inputs.java:94)
	at sun.reflect.NativeMethodAccessorImpl.invoke0(Native Method)
	at sun.reflect.NativeMethodAccessorImpl.invoke(Unknown Source)
	at sun.reflect.DelegatingMethodAccessorImpl.invoke(Unknown Source)
	at java.lang.reflect.Method.invoke(Unknown Source)
	at org.testng.internal.MethodInvocationHelper.invokeMethod(MethodInvocationHelper.java:85)
	at org.testng.internal.Invoker.invokeMethod(Invoker.java:639)
	at org.testng.internal.Invoker.invokeTestMethod(Invoker.java:816)
	at org.testng.internal.Invoker.invokeTestMethods(Invoker.java:1124)
	at org.testng.internal.TestMethodWorker.invokeTestMethods(TestMethodWorker.java:125)
	at org.testng.internal.TestMethodWorker.run(TestMethodWorker.java:108)
	at org.testng.TestRunner.privateRun(TestRunner.java:774)
	at org.testng.TestRunner.run(TestRunner.java:624)
	at org.testng.SuiteRunner.runTest(SuiteRunner.java:359)
	at org.testng.SuiteRunner.runSequentially(SuiteRunner.java:354)
	at org.testng.SuiteRunner.privateRun(SuiteRunner.java:312)
	at org.testng.SuiteRunner.run(SuiteRunner.java:261)
	at org.testng.SuiteRunnerWorker.runSuite(SuiteRunnerWorker.java:52)
	at org.testng.SuiteRunnerWorker.run(SuiteRunnerWorker.java:86)
	at org.testng.TestNG.runSuitesSequentially(TestNG.java:1215)
	at org.testng.TestNG.runSuitesLocally(TestNG.java:1140)
	at org.testng.TestNG.run(TestNG.java:1048)
	at org.testng.TestNG.privateMain(TestNG.java:1355)
	at org.testng.TestNG.main(TestNG.java:1324)
]]>
    </failure>
  </testcase> <!-- WC_CreateLabels_Inputs -->
</testsuite> <!-- procedures_NewFramework.AYSmoke.Webcenter.WC_ApplicationPackage.CreateLabelAndLetter.WC_CreateLabels_Inputs -->
