<?xml version="1.0" encoding="UTF-8"?>
<!-- Generated by org.testng.reporters.JUnitXMLReporter -->
<testsuite hostname="ISILDT10146" name="SmokeTest" tests="18" failures="12" timestamp="11 Aug 2016 11:30:09 GMT" time="18.583" errors="0">
  <testcase name="GL_LaunchBrowser" time="11.655" classname="procedures_NewFramework.AYSmoke.General.GL_LaunchBrowser"/>
  <testcase name="WC_ApplicantSearchResults_Input" time="0.004" classname="procedures_NewFramework.AYSmoke.Webcenter.WC_ApplicationPackage.AppModuleApplicantSearchActions.WC_ApplicantSearchResults_Input">
    <failure type="java.lang.AssertionError" message="5">
      <![CDATA[java.lang.AssertionError: 5
	at processor.CommonSeleniumActions.writeFailure(CommonSeleniumActions.java:908)
	at procedures_NewFramework.AYSmoke.Webcenter.WC_ApplicationPackage.AppModuleApplicantSearchActions.WC_ApplicantSearchResults_Input.WC_ApplicantSearchResults_Input(WC_ApplicantSearchResults_Input.java:140)
... Removed 24 stack frames]]>
    </failure>
  </testcase> <!-- WC_ApplicantSearchResults_Input -->
  <testcase name="WC_ApplicantSearchResults_Input" time="0.0" classname="procedures_NewFramework.AYSmoke.Webcenter.WC_ApplicationPackage.AppModuleApplicantSearchActions.WC_ApplicantSearchResults_Input">
    <failure type="java.lang.AssertionError" message="4">
      <![CDATA[java.lang.AssertionError: 4
	at processor.CommonSeleniumActions.writeFailure(CommonSeleniumActions.java:908)
	at procedures_NewFramework.AYSmoke.Webcenter.WC_ApplicationPackage.AppModuleApplicantSearchActions.WC_ApplicantSearchResults_Input.WC_ApplicantSearchResults_Input(WC_ApplicantSearchResults_Input.java:140)
... Removed 24 stack frames]]>
    </failure>
  </testcase> <!-- WC_ApplicantSearchResults_Input -->
  <testcase name="WC_CreateLabelResults_Input" time="0.0" classname="procedures_NewFramework.AYSmoke.Webcenter.WC_ApplicationPackage.CreateLabelAndLetter.WC_CreateLabelResults_Input"/>
  <testcase name="WC_CreateLabelResults_Input" time="0.0" classname="procedures_NewFramework.AYSmoke.Webcenter.WC_ApplicationPackage.CreateLabelAndLetter.WC_CreateLabelResults_Input"/>
  <testcase name="WC_Login_Input" time="0.001" classname="procedures_NewFramework.AYSmoke.Webcenter.WC_Login_Input"/>
  <testcase name="WC_SearchforApplicants_Input" time="0.001" classname="procedures_NewFramework.AYSmoke.Webcenter.WC_SearchforApplicants_Input">
    <failure type="java.lang.AssertionError" message="6">
      <![CDATA[java.lang.AssertionError: 6
	at processor.CommonSeleniumActions.writeFailure(CommonSeleniumActions.java:908)
	at procedures_NewFramework.AYSmoke.Webcenter.WC_SearchforApplicants_Input.WC_SearchforApplicants_Input(WC_SearchforApplicants_Input.java:258)
... Removed 24 stack frames]]>
    </failure>
  </testcase> <!-- WC_SearchforApplicants_Input -->
  <testcase name="WC_Welcome_Input" time="0.001" classname="procedures_NewFramework.AYSmoke.Webcenter.WC_Welcome_Input">
    <failure type="java.lang.AssertionError" message="3">
      <![CDATA[java.lang.AssertionError: 3
	at processor.CommonSeleniumActions.writeFailure(CommonSeleniumActions.java:908)
	at procedures_NewFramework.AYSmoke.Webcenter.WC_Welcome_Input.WC_Welcome_Input(WC_Welcome_Input.java:92)
... Removed 24 stack frames]]>
    </failure>
  </testcase> <!-- WC_Welcome_Input -->
  <testcase name="WC_Welcome_Input" time="1.299" classname="procedures_NewFramework.AYSmoke.Webcenter.WC_Welcome_Input">
    <failure type="java.lang.AssertionError" message="Elements[partiallinktext] was Not Found after waiting for 1 Minute">
      <![CDATA[java.lang.AssertionError: Elements[partiallinktext] was Not Found after waiting for 1 Minute
	at processor.CommonSeleniumActions.writeFailure(CommonSeleniumActions.java:908)
	at processor.CommonSeleniumActions.waitForElementPresentWebdriver(CommonSeleniumActions.java:3119)
	at procedures_NewFramework.AYSmoke.Webcenter.WC_Welcome_Input.WC_Welcome_Input(WC_Welcome_Input.java:26)
... Removed 24 stack frames]]>
    </failure>
  </testcase> <!-- WC_Welcome_Input -->
  <testcase name="WC_Welcome_Input" time="0.0" classname="procedures_NewFramework.AYSmoke.Webcenter.WC_Welcome_Input">
    <failure type="java.lang.AssertionError" message="3">
      <![CDATA[java.lang.AssertionError: 3
	at processor.CommonSeleniumActions.writeFailure(CommonSeleniumActions.java:908)
	at procedures_NewFramework.AYSmoke.Webcenter.WC_Welcome_Input.WC_Welcome_Input(WC_Welcome_Input.java:92)
... Removed 24 stack frames]]>
    </failure>
  </testcase> <!-- WC_Welcome_Input -->
  <testcase name="WC_CreateLabels_Inputs" time="0.0" classname="procedures_NewFramework.AYSmoke.Webcenter.WC_ApplicationPackage.CreateLabelAndLetter.WC_CreateLabels_Inputs">
    <failure type="java.lang.AssertionError" message="1">
      <![CDATA[java.lang.AssertionError: 1
	at processor.CommonSeleniumActions.writeFailure(CommonSeleniumActions.java:908)
	at procedures_NewFramework.AYSmoke.Webcenter.WC_ApplicationPackage.CreateLabelAndLetter.WC_CreateLabels_Inputs.WC_CreateLabels_Inputs(WC_CreateLabels_Inputs.java:94)
... Removed 24 stack frames]]>
    </failure>
  </testcase> <!-- WC_CreateLabels_Inputs -->
  <testcase name="WC_CreateLabels_Inputs" time="0.0" classname="procedures_NewFramework.AYSmoke.Webcenter.WC_ApplicationPackage.CreateLabelAndLetter.WC_CreateLabels_Inputs">
    <failure type="java.lang.AssertionError" message="1">
      <![CDATA[java.lang.AssertionError: 1
	at processor.CommonSeleniumActions.writeFailure(CommonSeleniumActions.java:908)
	at procedures_NewFramework.AYSmoke.Webcenter.WC_ApplicationPackage.CreateLabelAndLetter.WC_CreateLabels_Inputs.WC_CreateLabels_Inputs(WC_CreateLabels_Inputs.java:94)
... Removed 24 stack frames]]>
    </failure>
  </testcase> <!-- WC_CreateLabels_Inputs -->
  <testcase name="WC_SearchforApplicants_Verify" time="0.0" classname="procedures_NewFramework.AYSmoke.Webcenter.WC_SearchforApplicants_Verify"/>
  <testcase name="WC_CreateLabels_Verify" time="0.789" classname="procedures_NewFramework.AYSmoke.Webcenter.WC_ApplicationPackage.CreateLabelAndLetter.WC_CreateLabels_Verify">
    <failure type="java.lang.AssertionError" message="Not Present Timeout after 1 minute..">
      <![CDATA[java.lang.AssertionError: Not Present Timeout after 1 minute..
	at processor.CommonSeleniumActions.writeFailure(CommonSeleniumActions.java:908)
	at processor.CommonSeleniumActions.waitForText(CommonSeleniumActions.java:345)
	at procedures_NewFramework.AYSmoke.Webcenter.WC_ApplicationPackage.CreateLabelAndLetter.WC_CreateLabels_Verify.WC_CreateLabels_Verify(WC_CreateLabels_Verify.java:28)
... Removed 24 stack frames]]>
    </failure>
  </testcase> <!-- WC_CreateLabels_Verify -->
  <testcase name="WC_CreateLabels_Verify" time="0.003" classname="procedures_NewFramework.AYSmoke.Webcenter.WC_ApplicationPackage.CreateLabelAndLetter.WC_CreateLabels_Verify"/>
  <testcase name="WC_CreateLetter_Inputs" time="0.001" classname="procedures_NewFramework.AYSmoke.Webcenter.WC_ApplicationPackage.CreateLabelAndLetter.WC_CreateLetter_Inputs">
    <failure type="java.lang.AssertionError" message="3">
      <![CDATA[java.lang.AssertionError: 3
	at processor.CommonSeleniumActions.writeFailure(CommonSeleniumActions.java:908)
	at procedures_NewFramework.AYSmoke.Webcenter.WC_ApplicationPackage.CreateLabelAndLetter.WC_CreateLetter_Inputs.WC_CreateLetter_Inputs(WC_CreateLetter_Inputs.java:103)
... Removed 24 stack frames]]>
    </failure>
  </testcase> <!-- WC_CreateLetter_Inputs -->
  <testcase name="WC_CreateLetter_Inputs" time="0.084" classname="procedures_NewFramework.AYSmoke.Webcenter.WC_ApplicationPackage.CreateLabelAndLetter.WC_CreateLetter_Inputs">
    <failure type="java.lang.AssertionError" message="no such element: Unable to locate element: {&amp;quot;method&amp;quot;:&amp;quot;xpath&amp;quot;,&amp;quot;selector&amp;quot;:&amp;quot;//img[contains(@src,&amp;apos;admin_view&amp;apos;)]&amp;quot;}
  (Session info: chrome=52.0.2743.116)
  (Driver info: chromedriver=2.20.353145 (343b531d31eeb933ec778dbcf7081628a1396067),platform=Windows NT 6.1 SP1 x86_64) (WARNING: The server did not provide any stacktrace information)
Command duration or timeout: 60 milliseconds
For documentation on this error, please visit: http://seleniumhq.org/exceptions/no_such_element.html
Build info: version: &amp;apos;3.0.0-beta1&amp;apos;, revision: &amp;apos;8e4315c&amp;apos;, time: &amp;apos;2016-07-28 18:04:05 -0700&amp;apos;
System info: host: &amp;apos;ISILDT10146&amp;apos;, ip: &amp;apos;192.168.243.46&amp;apos;, os.name: &amp;apos;Windows 7&amp;apos;, os.arch: &amp;apos;amd64&amp;apos;, os.version: &amp;apos;6.1&amp;apos;, java.version: &amp;apos;1.8.0_66&amp;apos;
Driver info: org.openqa.selenium.chrome.ChromeDriver
Capabilities [{applicationCacheEnabled=false, rotatable=false, mobileEmulationEnabled=false, chrome={userDataDir=C:\Users\Indium\AppData\Local\Temp\scoped_dir6784_16144}, takesHeapSnapshot=true, databaseEnabled=false, handlesAlerts=true, hasTouchScreen=false, version=52.0.2743.116, platform=XP, browserConnectionEnabled=false, nativeEvents=true, acceptSslCerts=true, locationContextEnabled=true, webStorageEnabled=true, browserName=chrome, takesScreenshot=true, javascriptEnabled=true, cssSelectorsEnabled=true}]
Session ID: fcffc07d43bea19558945ac0e1d24b4b
*** Element info: {Using=xpath, value=//img[contains(@src,&amp;apos;admin_view&amp;apos;)]}">
      <![CDATA[java.lang.AssertionError: no such element: Unable to locate element: {"method":"xpath","selector":"//img[contains(@src,'admin_view')]"}
  (Session info: chrome=52.0.2743.116)
  (Driver info: chromedriver=2.20.353145 (343b531d31eeb933ec778dbcf7081628a1396067),platform=Windows NT 6.1 SP1 x86_64) (WARNING: The server did not provide any stacktrace information)
Command duration or timeout: 60 milliseconds
For documentation on this error, please visit: http://seleniumhq.org/exceptions/no_such_element.html
Build info: version: '3.0.0-beta1', revision: '8e4315c', time: '2016-07-28 18:04:05 -0700'
System info: host: 'ISILDT10146', ip: '192.168.243.46', os.name: 'Windows 7', os.arch: 'amd64', os.version: '6.1', java.version: '1.8.0_66'
Driver info: org.openqa.selenium.chrome.ChromeDriver
Capabilities [{applicationCacheEnabled=false, rotatable=false, mobileEmulationEnabled=false, chrome={userDataDir=C:\Users\Indium\AppData\Local\Temp\scoped_dir6784_16144}, takesHeapSnapshot=true, databaseEnabled=false, handlesAlerts=true, hasTouchScreen=false, version=52.0.2743.116, platform=XP, browserConnectionEnabled=false, nativeEvents=true, acceptSslCerts=true, locationContextEnabled=true, webStorageEnabled=true, browserName=chrome, takesScreenshot=true, javascriptEnabled=true, cssSelectorsEnabled=true}]
Session ID: fcffc07d43bea19558945ac0e1d24b4b
*** Element info: {Using=xpath, value=//img[contains(@src,'admin_view')]}
	at processor.CommonSeleniumActions.writeFailure(CommonSeleniumActions.java:908)
	at procedures_NewFramework.AYSmoke.Webcenter.WC_ApplicationPackage.CreateLabelAndLetter.WC_CreateLetter_Inputs.WC_CreateLetter_Inputs(WC_CreateLetter_Inputs.java:103)
... Removed 24 stack frames]]>
    </failure>
  </testcase> <!-- WC_CreateLetter_Inputs -->
  <testcase name="WC_CreateLetter_Verify" time="0.677" classname="procedures_NewFramework.AYSmoke.Webcenter.WC_ApplicationPackage.CreateLabelAndLetter.WC_CreateLetter_Verify">
    <failure type="java.lang.AssertionError" message="Not Present Timeout after 1 minute..">
      <![CDATA[java.lang.AssertionError: Not Present Timeout after 1 minute..
	at processor.CommonSeleniumActions.writeFailure(CommonSeleniumActions.java:908)
	at processor.CommonSeleniumActions.waitForText(CommonSeleniumActions.java:345)
	at procedures_NewFramework.AYSmoke.Webcenter.WC_ApplicationPackage.CreateLabelAndLetter.WC_CreateLetter_Verify.WC_CreateLetter_Verify(WC_CreateLetter_Verify.java:27)
... Removed 24 stack frames]]>
    </failure>
  </testcase> <!-- WC_CreateLetter_Verify -->
</testsuite> <!-- SmokeTest -->
