<html>
<head>
<title>TestNG:  SmokeTest</title>
<link href="../testng.css" rel="stylesheet" type="text/css" />
<link href="../my-testng.css" rel="stylesheet" type="text/css" />

<style type="text/css">
.log { display: none;} 
.stack-trace { display: none;} 
</style>
<script type="text/javascript">
<!--
function flip(e) {
  current = e.style.display;
  if (current == 'block') {
    e.style.display = 'none';
    return 0;
  }
  else {
    e.style.display = 'block';
    return 1;
  }
}

function toggleBox(szDivId, elem, msg1, msg2)
{
  var res = -1;  if (document.getElementById) {
    res = flip(document.getElementById(szDivId));
  }
  else if (document.all) {
    // this is the way old msie versions work
    res = flip(document.all[szDivId]);
  }
  if(elem) {
    if(res == 0) elem.innerHTML = msg1; else elem.innerHTML = msg2;
  }

}

function toggleAllBoxes() {
  if (document.getElementsByTagName) {
    d = document.getElementsByTagName('div');
    for (i = 0; i < d.length; i++) {
      if (d[i].className == 'log') {
        flip(d[i]);
      }
    }
  }
}

// -->
</script>

</head>
<body>
<h2 align='center'>SmokeTest</h2><table border='1' align="center">
<tr>
<td>Tests passed/Failed/Skipped:</td><td>6/12/0</td>
</tr><tr>
<td>Started on:</td><td>Thu Aug 11 07:29:50 EDT 2016</td>
</tr>
<tr><td>Total time:</td><td>18 seconds (18583 ms)</td>
</tr><tr>
<td>Included groups:</td><td></td>
</tr><tr>
<td>Excluded groups:</td><td></td>
</tr>
</table><p/>
<small><i>(Hover the method name to see the test class name)</i></small><p/>
<table width='100%' border='1' class='invocation-failed'>
<tr><td colspan='4' align='center'><b>FAILED TESTS</b></td></tr>
<tr><td><b>Test method</b></td>
<td width="30%"><b>Exception</b></td>
<td width="10%"><b>Time (seconds)</b></td>
<td><b>Instance</b></td>
</tr>
<tr>
<td title='procedures_NewFramework.AYSmoke.Webcenter.WC_ApplicationPackage.AppModuleApplicantSearchActions.WC_ApplicantSearchResults_Input.WC_ApplicantSearchResults_Input()'><b>WC_ApplicantSearchResults_Input</b><br>Test class: procedures_NewFramework.AYSmoke.Webcenter.WC_ApplicationPackage.AppModuleApplicantSearchActions.WC_ApplicantSearchResults_Input<br>Test method: This Procedure is used to perform some operation in 'Application search results' page<br/>
<a href="#Output-330551672" onClick='toggleBox("Output-330551672", this, "Show output", "Hide output");'>Show output</a>

<a href="#Output-330551672" onClick="toggleAllBoxes();">Show all outputs</a>
<div class='log' id="Output-330551672">
<tr><td><b><font size='4' color='Green'><a id="m2"">Procedure Name - WC_Login_Input</a></font></b></td></tr><br/>
<b><font size='3' color='Green'>Procedure No. - 2</font></b><br/>
<table border="3" cellspacing="0"<tr><td><b><font size='4' align="left" color='Black'><Strong>000clientid</Strong></font></b></td><td><b><font size='4' align="left" color='Black'><Strong>001userid</Strong></font></b></td><td><b><font size='4' align="left" color='Black'><Strong>002password</Strong></font></b></td><td><b><font size='4' align="left" color='Black'><Strong>003needpasswordgo</Strong></font></b></td><td><b><font size='4' align="left" color='Black'><Strong>004viewsource</Strong></font></b></td><br/>
<tr><td><b><font size='4' align="left" color='Black'>ayauto</font></b></td><td><b><font size='4' align="left" color='Black'>WebcenterUserID</font></b></td><td><b><font size='4' align="left" color='Black'>WebcenterPassword</font></b></td><td><b><font size='4' align="left" color='Black'>go</font></b></td><td><b><font size='4' align="left" color='Black'></font></b></td><br/>
</table><br/>
Proceed to retrieve Input Test Data for 'Application search results' Page<br/>
<b><font size='3' color='Red'><strong>5</strong></font></b><br/>
Failure Screenshot saved at C:\SeleniumScripts\AYQAAutomation\Results\24016_WC_CreateLetterAndLabels\Failurescreenshot\WC_ApplicantSearchResults_Input_2.PNG<br/>
<a href='file:///C:\SeleniumScripts\AYQAAutomation\Results\24016_WC_CreateLetterAndLabels\Failurescreenshot\WC_ApplicantSearchResults_Input_2.PNG'><img src='file:///C:\SeleniumScripts\AYQAAutomation\Results\24016_WC_CreateLetterAndLabels\Failurescreenshot\WC_ApplicantSearchResults_Input_2.PNG' height='200' width='200'></a><br/>
</div>
</td>
<td><div><pre>java.lang.AssertionError: 5
	at processor.CommonSeleniumActions.writeFailure(CommonSeleniumActions.java:908)
	at procedures_NewFramework.AYSmoke.Webcenter.WC_ApplicationPackage.AppModuleApplicantSearchActions.WC_ApplicantSearchResults_Input.WC_ApplicantSearchResults_Input(WC_ApplicantSearchResults_Input.java:140)
... Removed 24 stack frames</pre></div><a href='#' onClick='toggleBox("stack-trace330551672", this, "Click to show all stack frames", "Click to hide stack frames")'>Click to show all stack frames</a>
<div class='stack-trace' id='stack-trace330551672'><pre>java.lang.AssertionError: 5
	at org.testng.Assert.fail(Assert.java:94)
	at processor.CommonSeleniumActions.writeFailure(CommonSeleniumActions.java:908)
	at procedures_NewFramework.AYSmoke.Webcenter.WC_ApplicationPackage.AppModuleApplicantSearchActions.WC_ApplicantSearchResults_Input.WC_ApplicantSearchResults_Input(WC_ApplicantSearchResults_Input.java:140)
	at sun.reflect.NativeMethodAccessorImpl.invoke0(Native Method)
	at sun.reflect.NativeMethodAccessorImpl.invoke(Unknown Source)
	at sun.reflect.DelegatingMethodAccessorImpl.invoke(Unknown Source)
	at java.lang.reflect.Method.invoke(Unknown Source)
	at org.testng.internal.MethodInvocationHelper.invokeMethod(MethodInvocationHelper.java:85)
	at org.testng.internal.Invoker.invokeMethod(Invoker.java:639)
	at org.testng.internal.Invoker.invokeTestMethod(Invoker.java:816)
	at org.testng.internal.Invoker.invokeTestMethods(Invoker.java:1124)
	at org.testng.internal.TestMethodWorker.invokeTestMethods(TestMethodWorker.java:125)
	at org.testng.internal.TestMethodWorker.run(TestMethodWorker.java:108)
	at org.testng.TestRunner.privateRun(TestRunner.java:774)
	at org.testng.TestRunner.run(TestRunner.java:624)
	at org.testng.SuiteRunner.runTest(SuiteRunner.java:359)
	at org.testng.SuiteRunner.runSequentially(SuiteRunner.java:354)
	at org.testng.SuiteRunner.privateRun(SuiteRunner.java:312)
	at org.testng.SuiteRunner.run(SuiteRunner.java:261)
	at org.testng.SuiteRunnerWorker.runSuite(SuiteRunnerWorker.java:52)
	at org.testng.SuiteRunnerWorker.run(SuiteRunnerWorker.java:86)
	at org.testng.TestNG.runSuitesSequentially(TestNG.java:1215)
	at org.testng.TestNG.runSuitesLocally(TestNG.java:1140)
	at org.testng.TestNG.run(TestNG.java:1048)
	at org.testng.TestNG.privateMain(TestNG.java:1355)
	at org.testng.TestNG.main(TestNG.java:1324)
</pre></div></td>
<td>0</td>
<td>procedures_NewFramework.AYSmoke.Webcenter.WC_ApplicationPackage.AppModuleApplicantSearchActions.WC_ApplicantSearchResults_Input@33f88ab</td></tr>
<tr>
<td title='procedures_NewFramework.AYSmoke.Webcenter.WC_ApplicationPackage.AppModuleApplicantSearchActions.WC_ApplicantSearchResults_Input.WC_ApplicantSearchResults_Input()'><b>WC_ApplicantSearchResults_Input</b><br>Test class: procedures_NewFramework.AYSmoke.Webcenter.WC_ApplicationPackage.AppModuleApplicantSearchActions.WC_ApplicantSearchResults_Input<br>Test method: This Procedure is used to perform some operation in 'Application search results' page<br/>
<a href="#Output-765242091" onClick='toggleBox("Output-765242091", this, "Show output", "Hide output");'>Show output</a>

<a href="#Output-765242091" onClick="toggleAllBoxes();">Show all outputs</a>
<div class='log' id="Output-765242091">
<tr><td><b><font size='4' color='Green'><a id="m3"">Procedure Name - WC_Welcome_Input</a></font></b></td></tr><br/>
<b><font size='3' color='Green'>Procedure No. - 3</font></b><br/>
<table border="3" cellspacing="0"<tr><td><b><font size='4' align="left" color='Black'><Strong>000topupdatelogout</Strong></font></b></td><td><b><font size='4' align="left" color='Black'><Strong>001package</Strong></font></b></td><td><b><font size='4' align="left" color='Black'><Strong>002menulinks</Strong></font></b></td><td><b><font size='4' align="left" color='Black'><Strong>003link_to_click</Strong></font></b></td><br/>
<tr><td><b><font size='4' align="left" color='Black'></font></b></td><td><b><font size='4' align="left" color='Black'>Select a System;Application System;Application for QA Automation</font></b></td><td><b><font size='4' align="left" color='Black'></font></b></td><td><b><font size='4' align="left" color='Black'></font></b></td><br/>
</table><br/>
Proceed to retrieve Input Test Data for 'Application search results' Page<br/>
<b><font size='3' color='Red'><strong>4</strong></font></b><br/>
Failure Screenshot saved at C:\SeleniumScripts\AYQAAutomation\Results\24016_WC_CreateLetterAndLabels\Failurescreenshot\WC_ApplicantSearchResults_Input_3.PNG<br/>
<a href='file:///C:\SeleniumScripts\AYQAAutomation\Results\24016_WC_CreateLetterAndLabels\Failurescreenshot\WC_ApplicantSearchResults_Input_3.PNG'><img src='file:///C:\SeleniumScripts\AYQAAutomation\Results\24016_WC_CreateLetterAndLabels\Failurescreenshot\WC_ApplicantSearchResults_Input_3.PNG' height='200' width='200'></a><br/>
</div>
</td>
<td><div><pre>java.lang.AssertionError: 4
	at processor.CommonSeleniumActions.writeFailure(CommonSeleniumActions.java:908)
	at procedures_NewFramework.AYSmoke.Webcenter.WC_ApplicationPackage.AppModuleApplicantSearchActions.WC_ApplicantSearchResults_Input.WC_ApplicantSearchResults_Input(WC_ApplicantSearchResults_Input.java:140)
... Removed 24 stack frames</pre></div><a href='#' onClick='toggleBox("stack-trace765242091", this, "Click to show all stack frames", "Click to hide stack frames")'>Click to show all stack frames</a>
<div class='stack-trace' id='stack-trace765242091'><pre>java.lang.AssertionError: 4
	at org.testng.Assert.fail(Assert.java:94)
	at processor.CommonSeleniumActions.writeFailure(CommonSeleniumActions.java:908)
	at procedures_NewFramework.AYSmoke.Webcenter.WC_ApplicationPackage.AppModuleApplicantSearchActions.WC_ApplicantSearchResults_Input.WC_ApplicantSearchResults_Input(WC_ApplicantSearchResults_Input.java:140)
	at sun.reflect.NativeMethodAccessorImpl.invoke0(Native Method)
	at sun.reflect.NativeMethodAccessorImpl.invoke(Unknown Source)
	at sun.reflect.DelegatingMethodAccessorImpl.invoke(Unknown Source)
	at java.lang.reflect.Method.invoke(Unknown Source)
	at org.testng.internal.MethodInvocationHelper.invokeMethod(MethodInvocationHelper.java:85)
	at org.testng.internal.Invoker.invokeMethod(Invoker.java:639)
	at org.testng.internal.Invoker.invokeTestMethod(Invoker.java:816)
	at org.testng.internal.Invoker.invokeTestMethods(Invoker.java:1124)
	at org.testng.internal.TestMethodWorker.invokeTestMethods(TestMethodWorker.java:125)
	at org.testng.internal.TestMethodWorker.run(TestMethodWorker.java:108)
	at org.testng.TestRunner.privateRun(TestRunner.java:774)
	at org.testng.TestRunner.run(TestRunner.java:624)
	at org.testng.SuiteRunner.runTest(SuiteRunner.java:359)
	at org.testng.SuiteRunner.runSequentially(SuiteRunner.java:354)
	at org.testng.SuiteRunner.privateRun(SuiteRunner.java:312)
	at org.testng.SuiteRunner.run(SuiteRunner.java:261)
	at org.testng.SuiteRunnerWorker.runSuite(SuiteRunnerWorker.java:52)
	at org.testng.SuiteRunnerWorker.run(SuiteRunnerWorker.java:86)
	at org.testng.TestNG.runSuitesSequentially(TestNG.java:1215)
	at org.testng.TestNG.runSuitesLocally(TestNG.java:1140)
	at org.testng.TestNG.run(TestNG.java:1048)
	at org.testng.TestNG.privateMain(TestNG.java:1355)
	at org.testng.TestNG.main(TestNG.java:1324)
</pre></div></td>
<td>0</td>
<td>procedures_NewFramework.AYSmoke.Webcenter.WC_ApplicationPackage.AppModuleApplicantSearchActions.WC_ApplicantSearchResults_Input@33f88ab</td></tr>
<tr>
<td title='procedures_NewFramework.AYSmoke.Webcenter.WC_ApplicationPackage.CreateLabelAndLetter.WC_CreateLabels_Inputs.WC_CreateLabels_Inputs()'><b>WC_CreateLabels_Inputs</b><br>Test class: procedures_NewFramework.AYSmoke.Webcenter.WC_ApplicationPackage.CreateLabelAndLetter.WC_CreateLabels_Inputs<br>Test method: This Procedure is used to perform some operation in 'Create Label' page<br/>
<a href="#Output-1676605578" onClick='toggleBox("Output-1676605578", this, "Show output", "Hide output");'>Show output</a>

<a href="#Output-1676605578" onClick="toggleAllBoxes();">Show all outputs</a>
<div class='log' id="Output-1676605578">
<tr><td><b><font size='4' color='Green'><a id="m11"">Procedure Name - WC_CreateLabelResults_Input</a></font></b></td></tr><br/>
<b><font size='3' color='Green'>Procedure No. - 11</font></b><br/>
<table border="3" cellspacing="0"<tr><td><b><font size='4' align="left" color='Black'><Strong>001button</Strong></font></b></td><br/>
<tr><td><b><font size='4' align="left" color='Black'>view</font></b></td><br/>
</table><br/>
Proceed to retrieve Input Test Data for 'Create Label' Page<br/>
<b><font size='3' color='Red'><strong>1</strong></font></b><br/>
Failure Screenshot saved at C:\SeleniumScripts\AYQAAutomation\Results\24016_WC_CreateLetterAndLabels\Failurescreenshot\WC_CreateLabels_Inputs_11.PNG<br/>
<a href='file:///C:\SeleniumScripts\AYQAAutomation\Results\24016_WC_CreateLetterAndLabels\Failurescreenshot\WC_CreateLabels_Inputs_11.PNG'><img src='file:///C:\SeleniumScripts\AYQAAutomation\Results\24016_WC_CreateLetterAndLabels\Failurescreenshot\WC_CreateLabels_Inputs_11.PNG' height='200' width='200'></a><br/>
</div>
</td>
<td><div><pre>java.lang.AssertionError: 1
	at processor.CommonSeleniumActions.writeFailure(CommonSeleniumActions.java:908)
	at procedures_NewFramework.AYSmoke.Webcenter.WC_ApplicationPackage.CreateLabelAndLetter.WC_CreateLabels_Inputs.WC_CreateLabels_Inputs(WC_CreateLabels_Inputs.java:94)
... Removed 24 stack frames</pre></div><a href='#' onClick='toggleBox("stack-trace1676605578", this, "Click to show all stack frames", "Click to hide stack frames")'>Click to show all stack frames</a>
<div class='stack-trace' id='stack-trace1676605578'><pre>java.lang.AssertionError: 1
	at org.testng.Assert.fail(Assert.java:94)
	at processor.CommonSeleniumActions.writeFailure(CommonSeleniumActions.java:908)
	at procedures_NewFramework.AYSmoke.Webcenter.WC_ApplicationPackage.CreateLabelAndLetter.WC_CreateLabels_Inputs.WC_CreateLabels_Inputs(WC_CreateLabels_Inputs.java:94)
	at sun.reflect.NativeMethodAccessorImpl.invoke0(Native Method)
	at sun.reflect.NativeMethodAccessorImpl.invoke(Unknown Source)
	at sun.reflect.DelegatingMethodAccessorImpl.invoke(Unknown Source)
	at java.lang.reflect.Method.invoke(Unknown Source)
	at org.testng.internal.MethodInvocationHelper.invokeMethod(MethodInvocationHelper.java:85)
	at org.testng.internal.Invoker.invokeMethod(Invoker.java:639)
	at org.testng.internal.Invoker.invokeTestMethod(Invoker.java:816)
	at org.testng.internal.Invoker.invokeTestMethods(Invoker.java:1124)
	at org.testng.internal.TestMethodWorker.invokeTestMethods(TestMethodWorker.java:125)
	at org.testng.internal.TestMethodWorker.run(TestMethodWorker.java:108)
	at org.testng.TestRunner.privateRun(TestRunner.java:774)
	at org.testng.TestRunner.run(TestRunner.java:624)
	at org.testng.SuiteRunner.runTest(SuiteRunner.java:359)
	at org.testng.SuiteRunner.runSequentially(SuiteRunner.java:354)
	at org.testng.SuiteRunner.privateRun(SuiteRunner.java:312)
	at org.testng.SuiteRunner.run(SuiteRunner.java:261)
	at org.testng.SuiteRunnerWorker.runSuite(SuiteRunnerWorker.java:52)
	at org.testng.SuiteRunnerWorker.run(SuiteRunnerWorker.java:86)
	at org.testng.TestNG.runSuitesSequentially(TestNG.java:1215)
	at org.testng.TestNG.runSuitesLocally(TestNG.java:1140)
	at org.testng.TestNG.run(TestNG.java:1048)
	at org.testng.TestNG.privateMain(TestNG.java:1355)
	at org.testng.TestNG.main(TestNG.java:1324)
</pre></div></td>
<td>0</td>
<td>procedures_NewFramework.AYSmoke.Webcenter.WC_ApplicationPackage.CreateLabelAndLetter.WC_CreateLabels_Inputs@11438d26</td></tr>
<tr>
<td title='procedures_NewFramework.AYSmoke.Webcenter.WC_ApplicationPackage.CreateLabelAndLetter.WC_CreateLabels_Inputs.WC_CreateLabels_Inputs()'><b>WC_CreateLabels_Inputs</b><br>Test class: procedures_NewFramework.AYSmoke.Webcenter.WC_ApplicationPackage.CreateLabelAndLetter.WC_CreateLabels_Inputs<br>Test method: This Procedure is used to perform some operation in 'Create Label' page<br/>
<a href="#Output-554868511" onClick='toggleBox("Output-554868511", this, "Show output", "Hide output");'>Show output</a>

<a href="#Output-554868511" onClick="toggleAllBoxes();">Show all outputs</a>
<div class='log' id="Output-554868511">
<tr><td><b><font size='4' color='Green'><a id="m12"">Procedure Name - WC_CreateLabelResults_Input</a></font></b></td></tr><br/>
<b><font size='3' color='Green'>Procedure No. - 12</font></b><br/>
<table border="3" cellspacing="0"<tr><td><b><font size='4' align="left" color='Black'><Strong>001button</Strong></font></b></td><br/>
<tr><td><b><font size='4' align="left" color='Black'>back</font></b></td><br/>
</table><br/>
Proceed to retrieve Input Test Data for 'Create Label' Page<br/>
<b><font size='3' color='Red'><strong>1</strong></font></b><br/>
Failure Screenshot saved at C:\SeleniumScripts\AYQAAutomation\Results\24016_WC_CreateLetterAndLabels\Failurescreenshot\WC_CreateLabels_Inputs_12.PNG<br/>
<a href='file:///C:\SeleniumScripts\AYQAAutomation\Results\24016_WC_CreateLetterAndLabels\Failurescreenshot\WC_CreateLabels_Inputs_12.PNG'><img src='file:///C:\SeleniumScripts\AYQAAutomation\Results\24016_WC_CreateLetterAndLabels\Failurescreenshot\WC_CreateLabels_Inputs_12.PNG' height='200' width='200'></a><br/>
</div>
</td>
<td><div><pre>java.lang.AssertionError: 1
	at processor.CommonSeleniumActions.writeFailure(CommonSeleniumActions.java:908)
	at procedures_NewFramework.AYSmoke.Webcenter.WC_ApplicationPackage.CreateLabelAndLetter.WC_CreateLabels_Inputs.WC_CreateLabels_Inputs(WC_CreateLabels_Inputs.java:94)
... Removed 24 stack frames</pre></div><a href='#' onClick='toggleBox("stack-trace554868511", this, "Click to show all stack frames", "Click to hide stack frames")'>Click to show all stack frames</a>
<div class='stack-trace' id='stack-trace554868511'><pre>java.lang.AssertionError: 1
	at org.testng.Assert.fail(Assert.java:94)
	at processor.CommonSeleniumActions.writeFailure(CommonSeleniumActions.java:908)
	at procedures_NewFramework.AYSmoke.Webcenter.WC_ApplicationPackage.CreateLabelAndLetter.WC_CreateLabels_Inputs.WC_CreateLabels_Inputs(WC_CreateLabels_Inputs.java:94)
	at sun.reflect.NativeMethodAccessorImpl.invoke0(Native Method)
	at sun.reflect.NativeMethodAccessorImpl.invoke(Unknown Source)
	at sun.reflect.DelegatingMethodAccessorImpl.invoke(Unknown Source)
	at java.lang.reflect.Method.invoke(Unknown Source)
	at org.testng.internal.MethodInvocationHelper.invokeMethod(MethodInvocationHelper.java:85)
	at org.testng.internal.Invoker.invokeMethod(Invoker.java:639)
	at org.testng.internal.Invoker.invokeTestMethod(Invoker.java:816)
	at org.testng.internal.Invoker.invokeTestMethods(Invoker.java:1124)
	at org.testng.internal.TestMethodWorker.invokeTestMethods(TestMethodWorker.java:125)
	at org.testng.internal.TestMethodWorker.run(TestMethodWorker.java:108)
	at org.testng.TestRunner.privateRun(TestRunner.java:774)
	at org.testng.TestRunner.run(TestRunner.java:624)
	at org.testng.SuiteRunner.runTest(SuiteRunner.java:359)
	at org.testng.SuiteRunner.runSequentially(SuiteRunner.java:354)
	at org.testng.SuiteRunner.privateRun(SuiteRunner.java:312)
	at org.testng.SuiteRunner.run(SuiteRunner.java:261)
	at org.testng.SuiteRunnerWorker.runSuite(SuiteRunnerWorker.java:52)
	at org.testng.SuiteRunnerWorker.run(SuiteRunnerWorker.java:86)
	at org.testng.TestNG.runSuitesSequentially(TestNG.java:1215)
	at org.testng.TestNG.runSuitesLocally(TestNG.java:1140)
	at org.testng.TestNG.run(TestNG.java:1048)
	at org.testng.TestNG.privateMain(TestNG.java:1355)
	at org.testng.TestNG.main(TestNG.java:1324)
</pre></div></td>
<td>0</td>
<td>procedures_NewFramework.AYSmoke.Webcenter.WC_ApplicationPackage.CreateLabelAndLetter.WC_CreateLabels_Inputs@11438d26</td></tr>
<tr>
<td title='procedures_NewFramework.AYSmoke.Webcenter.WC_ApplicationPackage.CreateLabelAndLetter.WC_CreateLabels_Verify.WC_CreateLabels_Verify()'><b>WC_CreateLabels_Verify</b><br>Test class: procedures_NewFramework.AYSmoke.Webcenter.WC_ApplicationPackage.CreateLabelAndLetter.WC_CreateLabels_Verify<br>Test method: This Procedure is to perform some Verification in 'Create Label' page<br/>
<a href="#Output-351877391" onClick='toggleBox("Output-351877391", this, "Show output", "Hide output");'>Show output</a>

<a href="#Output-351877391" onClick="toggleAllBoxes();">Show all outputs</a>
<div class='log' id="Output-351877391">
<tr><td><b><font size='4' color='Green'><a id="m14"">Procedure Name - WC_ApplicantSearchResults_Input</a></font></b></td></tr><br/>
<b><font size='3' color='Green'>Procedure No. - 14</font></b><br/>
<table border="3" cellspacing="0"<tr><td><b><font size='4' align="left" color='Black'><Strong>000checkagainstname</Strong></font></b></td><td><b><font size='4' align="left" color='Black'><Strong>001clickname</Strong></font></b></td><td><b><font size='4' align="left" color='Black'><Strong>002clickpdf</Strong></font></b></td><td><b><font size='4' align="left" color='Black'><Strong>003selectanaction</Strong></font></b></td><td><b><font size='4' align="left" color='Black'><Strong>004apply</Strong></font></b></td><td><b><font size='4' align="left" color='Black'><Strong>005click</Strong></font></b></td><br/>
<tr><td><b><font size='4' align="left" color='Black'>Mike;Allen;check</font></b></td><td><b><font size='4' align="left" color='Black'></font></b></td><td><b><font size='4' align="left" color='Black'></font></b></td><td><b><font size='4' align="left" color='Black'>Create Letter</font></b></td><td><b><font size='4' align="left" color='Black'>Apply to Selected</font></b></td><td><b><font size='4' align="left" color='Black'>go</font></b></td><br/>
</table><br/>
Proceed to retrieve Verify Test Data 'Create Label' page<br/>
Verify Test Data was retrieved for 'Create Label' page<br/>
Step 1 - Verify Message(Mike;Allen;check) was displayed correctly<br/>
<b><font size='3' color='Red'><strong>Not Present Timeout after 1 minute..</strong></font></b><br/>
Failure Screenshot saved at C:\SeleniumScripts\AYQAAutomation\Results\24016_WC_CreateLetterAndLabels\Failurescreenshot\WC_CreateLabels_Verify_14.PNG<br/>
<a href='file:///C:\SeleniumScripts\AYQAAutomation\Results\24016_WC_CreateLetterAndLabels\Failurescreenshot\WC_CreateLabels_Verify_14.PNG'><img src='file:///C:\SeleniumScripts\AYQAAutomation\Results\24016_WC_CreateLetterAndLabels\Failurescreenshot\WC_CreateLabels_Verify_14.PNG' height='200' width='200'></a><br/>
</div>
</td>
<td><div><pre>java.lang.AssertionError: Not Present Timeout after 1 minute..
	at processor.CommonSeleniumActions.writeFailure(CommonSeleniumActions.java:908)
	at processor.CommonSeleniumActions.waitForText(CommonSeleniumActions.java:345)
	at procedures_NewFramework.AYSmoke.Webcenter.WC_ApplicationPackage.CreateLabelAndLetter.WC_CreateLabels_Verify.WC_CreateLabels_Verify(WC_CreateLabels_Verify.java:28)
... Removed 24 stack frames</pre></div><a href='#' onClick='toggleBox("stack-trace351877391", this, "Click to show all stack frames", "Click to hide stack frames")'>Click to show all stack frames</a>
<div class='stack-trace' id='stack-trace351877391'><pre>java.lang.AssertionError: Not Present Timeout after 1 minute..
	at org.testng.Assert.fail(Assert.java:94)
	at processor.CommonSeleniumActions.writeFailure(CommonSeleniumActions.java:908)
	at processor.CommonSeleniumActions.waitForText(CommonSeleniumActions.java:345)
	at procedures_NewFramework.AYSmoke.Webcenter.WC_ApplicationPackage.CreateLabelAndLetter.WC_CreateLabels_Verify.WC_CreateLabels_Verify(WC_CreateLabels_Verify.java:28)
	at sun.reflect.NativeMethodAccessorImpl.invoke0(Native Method)
	at sun.reflect.NativeMethodAccessorImpl.invoke(Unknown Source)
	at sun.reflect.DelegatingMethodAccessorImpl.invoke(Unknown Source)
	at java.lang.reflect.Method.invoke(Unknown Source)
	at org.testng.internal.MethodInvocationHelper.invokeMethod(MethodInvocationHelper.java:85)
	at org.testng.internal.Invoker.invokeMethod(Invoker.java:639)
	at org.testng.internal.Invoker.invokeTestMethod(Invoker.java:816)
	at org.testng.internal.Invoker.invokeTestMethods(Invoker.java:1124)
	at org.testng.internal.TestMethodWorker.invokeTestMethods(TestMethodWorker.java:125)
	at org.testng.internal.TestMethodWorker.run(TestMethodWorker.java:108)
	at org.testng.TestRunner.privateRun(TestRunner.java:774)
	at org.testng.TestRunner.run(TestRunner.java:624)
	at org.testng.SuiteRunner.runTest(SuiteRunner.java:359)
	at org.testng.SuiteRunner.runSequentially(SuiteRunner.java:354)
	at org.testng.SuiteRunner.privateRun(SuiteRunner.java:312)
	at org.testng.SuiteRunner.run(SuiteRunner.java:261)
	at org.testng.SuiteRunnerWorker.runSuite(SuiteRunnerWorker.java:52)
	at org.testng.SuiteRunnerWorker.run(SuiteRunnerWorker.java:86)
	at org.testng.TestNG.runSuitesSequentially(TestNG.java:1215)
	at org.testng.TestNG.runSuitesLocally(TestNG.java:1140)
	at org.testng.TestNG.run(TestNG.java:1048)
	at org.testng.TestNG.privateMain(TestNG.java:1355)
	at org.testng.TestNG.main(TestNG.java:1324)
</pre></div></td>
<td>0</td>
<td>procedures_NewFramework.AYSmoke.Webcenter.WC_ApplicationPackage.CreateLabelAndLetter.WC_CreateLabels_Verify@34cd072c</td></tr>
<tr>
<td title='procedures_NewFramework.AYSmoke.Webcenter.WC_ApplicationPackage.CreateLabelAndLetter.WC_CreateLetter_Inputs.WC_CreateLetter_Inputs()'><b>WC_CreateLetter_Inputs</b><br>Test class: procedures_NewFramework.AYSmoke.Webcenter.WC_ApplicationPackage.CreateLabelAndLetter.WC_CreateLetter_Inputs<br>Test method: This Procedure is used to perform some operation in 'Create Letter' page<br/>
<a href="#Output-1094674892" onClick='toggleBox("Output-1094674892", this, "Show output", "Hide output");'>Show output</a>

<a href="#Output-1094674892" onClick="toggleAllBoxes();">Show all outputs</a>
<div class='log' id="Output-1094674892">
<tr><td><b><font size='4' color='Green'><a id="m16"">Procedure Name - WC_CreateLetter_Verify</a></font></b></td></tr><br/>
<b><font size='3' color='Green'>Procedure No. - 16</font></b><br/>
<table border="3" cellspacing="0"<tr><td><b><font size='4' align="left" color='Black'><Strong>000message</Strong></font></b></td><td><b><font size='4' align="left" color='Black'><Strong>001pagename</Strong></font></b></td><td><b><font size='4' align="left" color='Black'><Strong>002verifyui</Strong></font></b></td><br/>
<tr><td><b><font size='4' align="left" color='Black'>Your letter has been created.</font></b></td><td><b><font size='4' align="left" color='Black'></font></b></td><td><b><font size='4' align="left" color='Black'></font></b></td><br/>
</table><br/>
Proceed to retrieve Input Test Data for 'Create Letter' Page<br/>
<b><font size='3' color='Red'><strong>3</strong></font></b><br/>
Failure Screenshot saved at C:\SeleniumScripts\AYQAAutomation\Results\24016_WC_CreateLetterAndLabels\Failurescreenshot\WC_CreateLetter_Inputs_16.PNG<br/>
<a href='file:///C:\SeleniumScripts\AYQAAutomation\Results\24016_WC_CreateLetterAndLabels\Failurescreenshot\WC_CreateLetter_Inputs_16.PNG'><img src='file:///C:\SeleniumScripts\AYQAAutomation\Results\24016_WC_CreateLetterAndLabels\Failurescreenshot\WC_CreateLetter_Inputs_16.PNG' height='200' width='200'></a><br/>
</div>
</td>
<td><div><pre>java.lang.AssertionError: 3
	at processor.CommonSeleniumActions.writeFailure(CommonSeleniumActions.java:908)
	at procedures_NewFramework.AYSmoke.Webcenter.WC_ApplicationPackage.CreateLabelAndLetter.WC_CreateLetter_Inputs.WC_CreateLetter_Inputs(WC_CreateLetter_Inputs.java:103)
... Removed 24 stack frames</pre></div><a href='#' onClick='toggleBox("stack-trace1094674892", this, "Click to show all stack frames", "Click to hide stack frames")'>Click to show all stack frames</a>
<div class='stack-trace' id='stack-trace1094674892'><pre>java.lang.AssertionError: 3
	at org.testng.Assert.fail(Assert.java:94)
	at processor.CommonSeleniumActions.writeFailure(CommonSeleniumActions.java:908)
	at procedures_NewFramework.AYSmoke.Webcenter.WC_ApplicationPackage.CreateLabelAndLetter.WC_CreateLetter_Inputs.WC_CreateLetter_Inputs(WC_CreateLetter_Inputs.java:103)
	at sun.reflect.NativeMethodAccessorImpl.invoke0(Native Method)
	at sun.reflect.NativeMethodAccessorImpl.invoke(Unknown Source)
	at sun.reflect.DelegatingMethodAccessorImpl.invoke(Unknown Source)
	at java.lang.reflect.Method.invoke(Unknown Source)
	at org.testng.internal.MethodInvocationHelper.invokeMethod(MethodInvocationHelper.java:85)
	at org.testng.internal.Invoker.invokeMethod(Invoker.java:639)
	at org.testng.internal.Invoker.invokeTestMethod(Invoker.java:816)
	at org.testng.internal.Invoker.invokeTestMethods(Invoker.java:1124)
	at org.testng.internal.TestMethodWorker.invokeTestMethods(TestMethodWorker.java:125)
	at org.testng.internal.TestMethodWorker.run(TestMethodWorker.java:108)
	at org.testng.TestRunner.privateRun(TestRunner.java:774)
	at org.testng.TestRunner.run(TestRunner.java:624)
	at org.testng.SuiteRunner.runTest(SuiteRunner.java:359)
	at org.testng.SuiteRunner.runSequentially(SuiteRunner.java:354)
	at org.testng.SuiteRunner.privateRun(SuiteRunner.java:312)
	at org.testng.SuiteRunner.run(SuiteRunner.java:261)
	at org.testng.SuiteRunnerWorker.runSuite(SuiteRunnerWorker.java:52)
	at org.testng.SuiteRunnerWorker.run(SuiteRunnerWorker.java:86)
	at org.testng.TestNG.runSuitesSequentially(TestNG.java:1215)
	at org.testng.TestNG.runSuitesLocally(TestNG.java:1140)
	at org.testng.TestNG.run(TestNG.java:1048)
	at org.testng.TestNG.privateMain(TestNG.java:1355)
	at org.testng.TestNG.main(TestNG.java:1324)
</pre></div></td>
<td>0</td>
<td>procedures_NewFramework.AYSmoke.Webcenter.WC_ApplicationPackage.CreateLabelAndLetter.WC_CreateLetter_Inputs@7a1ebcd8</td></tr>
<tr>
<td title='procedures_NewFramework.AYSmoke.Webcenter.WC_ApplicationPackage.CreateLabelAndLetter.WC_CreateLetter_Inputs.WC_CreateLetter_Inputs()'><b>WC_CreateLetter_Inputs</b><br>Test class: procedures_NewFramework.AYSmoke.Webcenter.WC_ApplicationPackage.CreateLabelAndLetter.WC_CreateLetter_Inputs<br>Test method: This Procedure is used to perform some operation in 'Create Letter' page<br/>
<a href="#Output-967576586" onClick='toggleBox("Output-967576586", this, "Show output", "Hide output");'>Show output</a>

<a href="#Output-967576586" onClick="toggleAllBoxes();">Show all outputs</a>
<div class='log' id="Output-967576586">
<tr><td><b><font size='4' color='Green'><a id="m17"">Procedure Name - WC_CreateLetter_Inputs</a></font></b></td></tr><br/>
<b><font size='3' color='Green'>Procedure No. - 17</font></b><br/>
<table border="3" cellspacing="0"<tr><td><b><font size='4' align="left" color='Black'><Strong>000useemailtemplate</Strong></font></b></td><td><b><font size='4' align="left" color='Black'><Strong>001selectemailtemplate</Strong></font></b></td><td><b><font size='4' align="left" color='Black'><Strong>002donotcreateletter</Strong></font></b></td><td><b><font size='4' align="left" color='Black'><Strong>003usedecisionletter</Strong></font></b></td><td><b><font size='4' align="left" color='Black'><Strong>004selectadecisionletter</Strong></font></b></td><td><b><font size='4' align="left" color='Black'><Strong>005onlineoffiline</Strong></font></b></td><td><b><font size='4' align="left" color='Black'><Strong>006printthedecisionletter</Strong></font></b></td><td><b><font size='4' align="left" color='Black'><Strong>007useofflineversion</Strong></font></b></td><td><b><font size='4' align="left" color='Black'><Strong>008recordactionhistory</Strong></font></b></td><td><b><font size='4' align="left" color='Black'><Strong>009recordactionhistorytext</Strong></font></b></td><td><b><font size='4' align="left" color='Black'><Strong>010button</Strong></font></b></td><br/>
<tr><td><b><font size='4' align="left" color='Black'></font></b></td><td><b><font size='4' align="left" color='Black'></font></b></td><td><b><font size='4' align="left" color='Black'></font></b></td><td><b><font size='4' align="left" color='Black'></font></b></td><td><b><font size='4' align="left" color='Black'></font></b></td><td><b><font size='4' align="left" color='Black'></font></b></td><td><b><font size='4' align="left" color='Black'></font></b></td><td><b><font size='4' align="left" color='Black'></font></b></td><td><b><font size='4' align="left" color='Black'></font></b></td><td><b><font size='4' align="left" color='Black'></font></b></td><td><b><font size='4' align="left" color='Black'>view</font></b></td><br/>
</table><br/>
Proceed to retrieve Input Test Data for 'Create Letter' Page<br/>
Input Test Data was retrieved for 'Create Letter' Page<br/>
Step 11 - Click the Button as [view]<br/>
<b><font size='3' color='Red'><strong>no such element: Unable to locate element: {"method":"xpath","selector":"//img[contains(@src,'admin_view')]"}
  (Session info: chrome=52.0.2743.116)
  (Driver info: chromedriver=2.20.353145 (343b531d31eeb933ec778dbcf7081628a1396067),platform=Windows NT 6.1 SP1 x86_64) (WARNING: The server did not provide any stacktrace information)
Command duration or timeout: 60 milliseconds
For documentation on this error, please visit: http://seleniumhq.org/exceptions/no_such_element.html
Build info: version: '3.0.0-beta1', revision: '8e4315c', time: '2016-07-28 18:04:05 -0700'
System info: host: 'ISILDT10146', ip: '192.168.243.46', os.name: 'Windows 7', os.arch: 'amd64', os.version: '6.1', java.version: '1.8.0_66'
Driver info: org.openqa.selenium.chrome.ChromeDriver
Capabilities [{applicationCacheEnabled=false, rotatable=false, mobileEmulationEnabled=false, chrome={userDataDir=C:\Users\Indium\AppData\Local\Temp\scoped_dir6784_16144}, takesHeapSnapshot=true, databaseEnabled=false, handlesAlerts=true, hasTouchScreen=false, version=52.0.2743.116, platform=XP, browserConnectionEnabled=false, nativeEvents=true, acceptSslCerts=true, locationContextEnabled=true, webStorageEnabled=true, browserName=chrome, takesScreenshot=true, javascriptEnabled=true, cssSelectorsEnabled=true}]
Session ID: fcffc07d43bea19558945ac0e1d24b4b
*** Element info: {Using=xpath, value=//img[contains(@src,'admin_view')]}</strong></font></b><br/>
Failure Screenshot saved at C:\SeleniumScripts\AYQAAutomation\Results\24016_WC_CreateLetterAndLabels\Failurescreenshot\WC_CreateLetter_Inputs_17.PNG<br/>
<a href='file:///C:\SeleniumScripts\AYQAAutomation\Results\24016_WC_CreateLetterAndLabels\Failurescreenshot\WC_CreateLetter_Inputs_17.PNG'><img src='file:///C:\SeleniumScripts\AYQAAutomation\Results\24016_WC_CreateLetterAndLabels\Failurescreenshot\WC_CreateLetter_Inputs_17.PNG' height='200' width='200'></a><br/>
</div>
</td>
<td><div><pre>java.lang.AssertionError: no such element: Unable to locate element: {&quot;method&quot;:&quot;xpath&quot;,&quot;selector&quot;:&quot;//img[contains(@src,&apos;admin_view&apos;)]&quot;}
  (Session info: chrome=52.0.2743.116)
  (Driver info: chromedriver=2.20.353145 (343b531d31eeb933ec778dbcf7081628a1396067),platform=Windows NT 6.1 SP1 x86_64) (WARNING: The server did not provide any stacktrace information)
Command duration or timeout: 60 milliseconds
For documentation on this error, please visit: http://seleniumhq.org/exceptions/no_such_element.html
Build info: version: &apos;3.0.0-beta1&apos;, revision: &apos;8e4315c&apos;, time: &apos;2016-07-28 18:04:05 -0700&apos;
System info: host: &apos;ISILDT10146&apos;, ip: &apos;192.168.243.46&apos;, os.name: &apos;Windows 7&apos;, os.arch: &apos;amd64&apos;, os.version: &apos;6.1&apos;, java.version: &apos;1.8.0_66&apos;
Driver info: org.openqa.selenium.chrome.ChromeDriver
Capabilities [{applicationCacheEnabled=false, rotatable=false, mobileEmulationEnabled=false, chrome={userDataDir=C:\Users\Indium\AppData\Local\Temp\scoped_dir6784_16144}, takesHeapSnapshot=true, databaseEnabled=false, handlesAlerts=true, hasTouchScreen=false, version=52.0.2743.116, platform=XP, browserConnectionEnabled=false, nativeEvents=true, acceptSslCerts=true, locationContextEnabled=true, webStorageEnabled=true, browserName=chrome, takesScreenshot=true, javascriptEnabled=true, cssSelectorsEnabled=true}]
Session ID: fcffc07d43bea19558945ac0e1d24b4b
*** Element info: {Using=xpath, value=//img[contains(@src,&apos;admin_view&apos;)]}
	at processor.CommonSeleniumActions.writeFailure(CommonSeleniumActions.java:908)
	at procedures_NewFramework.AYSmoke.Webcenter.WC_ApplicationPackage.CreateLabelAndLetter.WC_CreateLetter_Inputs.WC_CreateLetter_Inputs(WC_CreateLetter_Inputs.java:103)
... Removed 24 stack frames</pre></div><a href='#' onClick='toggleBox("stack-trace967576586", this, "Click to show all stack frames", "Click to hide stack frames")'>Click to show all stack frames</a>
<div class='stack-trace' id='stack-trace967576586'><pre>java.lang.AssertionError: no such element: Unable to locate element: {&quot;method&quot;:&quot;xpath&quot;,&quot;selector&quot;:&quot;//img[contains(@src,&apos;admin_view&apos;)]&quot;}
  (Session info: chrome=52.0.2743.116)
  (Driver info: chromedriver=2.20.353145 (343b531d31eeb933ec778dbcf7081628a1396067),platform=Windows NT 6.1 SP1 x86_64) (WARNING: The server did not provide any stacktrace information)
Command duration or timeout: 60 milliseconds
For documentation on this error, please visit: http://seleniumhq.org/exceptions/no_such_element.html
Build info: version: &apos;3.0.0-beta1&apos;, revision: &apos;8e4315c&apos;, time: &apos;2016-07-28 18:04:05 -0700&apos;
System info: host: &apos;ISILDT10146&apos;, ip: &apos;192.168.243.46&apos;, os.name: &apos;Windows 7&apos;, os.arch: &apos;amd64&apos;, os.version: &apos;6.1&apos;, java.version: &apos;1.8.0_66&apos;
Driver info: org.openqa.selenium.chrome.ChromeDriver
Capabilities [{applicationCacheEnabled=false, rotatable=false, mobileEmulationEnabled=false, chrome={userDataDir=C:\Users\Indium\AppData\Local\Temp\scoped_dir6784_16144}, takesHeapSnapshot=true, databaseEnabled=false, handlesAlerts=true, hasTouchScreen=false, version=52.0.2743.116, platform=XP, browserConnectionEnabled=false, nativeEvents=true, acceptSslCerts=true, locationContextEnabled=true, webStorageEnabled=true, browserName=chrome, takesScreenshot=true, javascriptEnabled=true, cssSelectorsEnabled=true}]
Session ID: fcffc07d43bea19558945ac0e1d24b4b
*** Element info: {Using=xpath, value=//img[contains(@src,&apos;admin_view&apos;)]}
	at org.testng.Assert.fail(Assert.java:94)
	at processor.CommonSeleniumActions.writeFailure(CommonSeleniumActions.java:908)
	at procedures_NewFramework.AYSmoke.Webcenter.WC_ApplicationPackage.CreateLabelAndLetter.WC_CreateLetter_Inputs.WC_CreateLetter_Inputs(WC_CreateLetter_Inputs.java:103)
	at sun.reflect.NativeMethodAccessorImpl.invoke0(Native Method)
	at sun.reflect.NativeMethodAccessorImpl.invoke(Unknown Source)
	at sun.reflect.DelegatingMethodAccessorImpl.invoke(Unknown Source)
	at java.lang.reflect.Method.invoke(Unknown Source)
	at org.testng.internal.MethodInvocationHelper.invokeMethod(MethodInvocationHelper.java:85)
	at org.testng.internal.Invoker.invokeMethod(Invoker.java:639)
	at org.testng.internal.Invoker.invokeTestMethod(Invoker.java:816)
	at org.testng.internal.Invoker.invokeTestMethods(Invoker.java:1124)
	at org.testng.internal.TestMethodWorker.invokeTestMethods(TestMethodWorker.java:125)
	at org.testng.internal.TestMethodWorker.run(TestMethodWorker.java:108)
	at org.testng.TestRunner.privateRun(TestRunner.java:774)
	at org.testng.TestRunner.run(TestRunner.java:624)
	at org.testng.SuiteRunner.runTest(SuiteRunner.java:359)
	at org.testng.SuiteRunner.runSequentially(SuiteRunner.java:354)
	at org.testng.SuiteRunner.privateRun(SuiteRunner.java:312)
	at org.testng.SuiteRunner.run(SuiteRunner.java:261)
	at org.testng.SuiteRunnerWorker.runSuite(SuiteRunnerWorker.java:52)
	at org.testng.SuiteRunnerWorker.run(SuiteRunnerWorker.java:86)
	at org.testng.TestNG.runSuitesSequentially(TestNG.java:1215)
	at org.testng.TestNG.runSuitesLocally(TestNG.java:1140)
	at org.testng.TestNG.run(TestNG.java:1048)
	at org.testng.TestNG.privateMain(TestNG.java:1355)
	at org.testng.TestNG.main(TestNG.java:1324)
</pre></div></td>
<td>0</td>
<td>procedures_NewFramework.AYSmoke.Webcenter.WC_ApplicationPackage.CreateLabelAndLetter.WC_CreateLetter_Inputs@7a1ebcd8</td></tr>
<tr>
<td title='procedures_NewFramework.AYSmoke.Webcenter.WC_ApplicationPackage.CreateLabelAndLetter.WC_CreateLetter_Verify.WC_CreateLetter_Verify()'><b>WC_CreateLetter_Verify</b><br>Test class: procedures_NewFramework.AYSmoke.Webcenter.WC_ApplicationPackage.CreateLabelAndLetter.WC_CreateLetter_Verify<br>Test method: This Procedure is to perform some Verification in 'Create Letter' page<br/>
<a href="#Output-1958680465" onClick='toggleBox("Output-1958680465", this, "Show output", "Hide output");'>Show output</a>

<a href="#Output-1958680465" onClick="toggleAllBoxes();">Show all outputs</a>
<div class='log' id="Output-1958680465">
<tr><td><b><font size='4' color='Green'><a id="m18"">Procedure Name - WC_Welcome_Input</a></font></b></td></tr><br/>
<b><font size='3' color='Green'>Procedure No. - 18</font></b><br/>
<table border="3" cellspacing="0"<tr><td><b><font size='4' align="left" color='Black'><Strong>000topupdatelogout</Strong></font></b></td><td><b><font size='4' align="left" color='Black'><Strong>001package</Strong></font></b></td><td><b><font size='4' align="left" color='Black'><Strong>002menulinks</Strong></font></b></td><td><b><font size='4' align="left" color='Black'><Strong>003link_to_click</Strong></font></b></td><br/>
<tr><td><b><font size='4' align="left" color='Black'>logout</font></b></td><td><b><font size='4' align="left" color='Black'></font></b></td><td><b><font size='4' align="left" color='Black'></font></b></td><td><b><font size='4' align="left" color='Black'></font></b></td><br/>
</table><br/>
Proceed to retrieve Verify Test Data 'Create Letter' page<br/>
Verify Test Data was retrieved for 'Create Letter' page<br/>
Step 1 - Verify Message(logout) was displayed correctly<br/>
<b><font size='3' color='Red'><strong>Not Present Timeout after 1 minute..</strong></font></b><br/>
Failure Screenshot saved at C:\SeleniumScripts\AYQAAutomation\Results\24016_WC_CreateLetterAndLabels\Failurescreenshot\WC_CreateLetter_Verify_18.PNG<br/>
<a href='file:///C:\SeleniumScripts\AYQAAutomation\Results\24016_WC_CreateLetterAndLabels\Failurescreenshot\WC_CreateLetter_Verify_18.PNG'><img src='file:///C:\SeleniumScripts\AYQAAutomation\Results\24016_WC_CreateLetterAndLabels\Failurescreenshot\WC_CreateLetter_Verify_18.PNG' height='200' width='200'></a><br/>
</div>
</td>
<td><div><pre>java.lang.AssertionError: Not Present Timeout after 1 minute..
	at processor.CommonSeleniumActions.writeFailure(CommonSeleniumActions.java:908)
	at processor.CommonSeleniumActions.waitForText(CommonSeleniumActions.java:345)
	at procedures_NewFramework.AYSmoke.Webcenter.WC_ApplicationPackage.CreateLabelAndLetter.WC_CreateLetter_Verify.WC_CreateLetter_Verify(WC_CreateLetter_Verify.java:27)
... Removed 24 stack frames</pre></div><a href='#' onClick='toggleBox("stack-trace1958680465", this, "Click to show all stack frames", "Click to hide stack frames")'>Click to show all stack frames</a>
<div class='stack-trace' id='stack-trace1958680465'><pre>java.lang.AssertionError: Not Present Timeout after 1 minute..
	at org.testng.Assert.fail(Assert.java:94)
	at processor.CommonSeleniumActions.writeFailure(CommonSeleniumActions.java:908)
	at processor.CommonSeleniumActions.waitForText(CommonSeleniumActions.java:345)
	at procedures_NewFramework.AYSmoke.Webcenter.WC_ApplicationPackage.CreateLabelAndLetter.WC_CreateLetter_Verify.WC_CreateLetter_Verify(WC_CreateLetter_Verify.java:27)
	at sun.reflect.NativeMethodAccessorImpl.invoke0(Native Method)
	at sun.reflect.NativeMethodAccessorImpl.invoke(Unknown Source)
	at sun.reflect.DelegatingMethodAccessorImpl.invoke(Unknown Source)
	at java.lang.reflect.Method.invoke(Unknown Source)
	at org.testng.internal.MethodInvocationHelper.invokeMethod(MethodInvocationHelper.java:85)
	at org.testng.internal.Invoker.invokeMethod(Invoker.java:639)
	at org.testng.internal.Invoker.invokeTestMethod(Invoker.java:816)
	at org.testng.internal.Invoker.invokeTestMethods(Invoker.java:1124)
	at org.testng.internal.TestMethodWorker.invokeTestMethods(TestMethodWorker.java:125)
	at org.testng.internal.TestMethodWorker.run(TestMethodWorker.java:108)
	at org.testng.TestRunner.privateRun(TestRunner.java:774)
	at org.testng.TestRunner.run(TestRunner.java:624)
	at org.testng.SuiteRunner.runTest(SuiteRunner.java:359)
	at org.testng.SuiteRunner.runSequentially(SuiteRunner.java:354)
	at org.testng.SuiteRunner.privateRun(SuiteRunner.java:312)
	at org.testng.SuiteRunner.run(SuiteRunner.java:261)
	at org.testng.SuiteRunnerWorker.runSuite(SuiteRunnerWorker.java:52)
	at org.testng.SuiteRunnerWorker.run(SuiteRunnerWorker.java:86)
	at org.testng.TestNG.runSuitesSequentially(TestNG.java:1215)
	at org.testng.TestNG.runSuitesLocally(TestNG.java:1140)
	at org.testng.TestNG.run(TestNG.java:1048)
	at org.testng.TestNG.privateMain(TestNG.java:1355)
	at org.testng.TestNG.main(TestNG.java:1324)
</pre></div></td>
<td>0</td>
<td>procedures_NewFramework.AYSmoke.Webcenter.WC_ApplicationPackage.CreateLabelAndLetter.WC_CreateLetter_Verify@5faeada1</td></tr>
<tr>
<td title='procedures_NewFramework.AYSmoke.Webcenter.WC_SearchforApplicants_Input.WC_SearchforApplicants_Input()'><b>WC_SearchforApplicants_Input</b><br>Test class: procedures_NewFramework.AYSmoke.Webcenter.WC_SearchforApplicants_Input<br>Test method: This Procedure is used to perform some operation in 'Search For Applicants' page<br/>
<a href="#Output-511832416" onClick='toggleBox("Output-511832416", this, "Show output", "Hide output");'>Show output</a>

<a href="#Output-511832416" onClick="toggleAllBoxes();">Show all outputs</a>
<div class='log' id="Output-511832416">
<tr><td><b><font size='4' color='Green'><a id="m7"">Procedure Name - WC_ApplicantSearchResults_Input</a></font></b></td></tr><br/>
<b><font size='3' color='Green'>Procedure No. - 7</font></b><br/>
<table border="3" cellspacing="0"<tr><td><b><font size='4' align="left" color='Black'><Strong>000checkagainstname</Strong></font></b></td><td><b><font size='4' align="left" color='Black'><Strong>001clickname</Strong></font></b></td><td><b><font size='4' align="left" color='Black'><Strong>002clickpdf</Strong></font></b></td><td><b><font size='4' align="left" color='Black'><Strong>003selectanaction</Strong></font></b></td><td><b><font size='4' align="left" color='Black'><Strong>004apply</Strong></font></b></td><td><b><font size='4' align="left" color='Black'><Strong>005click</Strong></font></b></td><br/>
<tr><td><b><font size='4' align="left" color='Black'>Mike;Allen;check</font></b></td><td><b><font size='4' align="left" color='Black'></font></b></td><td><b><font size='4' align="left" color='Black'></font></b></td><td><b><font size='4' align="left" color='Black'>Create Label</font></b></td><td><b><font size='4' align="left" color='Black'>Apply to Selected</font></b></td><td><b><font size='4' align="left" color='Black'>go</font></b></td><br/>
</table><br/>
Proceed to retrieve Input Test Data for 'Search For Applicants' Page<br/>
<b><font size='3' color='Red'><strong>6</strong></font></b><br/>
Failure Screenshot saved at C:\SeleniumScripts\AYQAAutomation\Results\24016_WC_CreateLetterAndLabels\Failurescreenshot\WC_SearchforApplicants_Input_7.PNG<br/>
<a href='file:///C:\SeleniumScripts\AYQAAutomation\Results\24016_WC_CreateLetterAndLabels\Failurescreenshot\WC_SearchforApplicants_Input_7.PNG'><img src='file:///C:\SeleniumScripts\AYQAAutomation\Results\24016_WC_CreateLetterAndLabels\Failurescreenshot\WC_SearchforApplicants_Input_7.PNG' height='200' width='200'></a><br/>
</div>
</td>
<td><div><pre>java.lang.AssertionError: 6
	at processor.CommonSeleniumActions.writeFailure(CommonSeleniumActions.java:908)
	at procedures_NewFramework.AYSmoke.Webcenter.WC_SearchforApplicants_Input.WC_SearchforApplicants_Input(WC_SearchforApplicants_Input.java:258)
... Removed 24 stack frames</pre></div><a href='#' onClick='toggleBox("stack-trace511832416", this, "Click to show all stack frames", "Click to hide stack frames")'>Click to show all stack frames</a>
<div class='stack-trace' id='stack-trace511832416'><pre>java.lang.AssertionError: 6
	at org.testng.Assert.fail(Assert.java:94)
	at processor.CommonSeleniumActions.writeFailure(CommonSeleniumActions.java:908)
	at procedures_NewFramework.AYSmoke.Webcenter.WC_SearchforApplicants_Input.WC_SearchforApplicants_Input(WC_SearchforApplicants_Input.java:258)
	at sun.reflect.NativeMethodAccessorImpl.invoke0(Native Method)
	at sun.reflect.NativeMethodAccessorImpl.invoke(Unknown Source)
	at sun.reflect.DelegatingMethodAccessorImpl.invoke(Unknown Source)
	at java.lang.reflect.Method.invoke(Unknown Source)
	at org.testng.internal.MethodInvocationHelper.invokeMethod(MethodInvocationHelper.java:85)
	at org.testng.internal.Invoker.invokeMethod(Invoker.java:639)
	at org.testng.internal.Invoker.invokeTestMethod(Invoker.java:816)
	at org.testng.internal.Invoker.invokeTestMethods(Invoker.java:1124)
	at org.testng.internal.TestMethodWorker.invokeTestMethods(TestMethodWorker.java:125)
	at org.testng.internal.TestMethodWorker.run(TestMethodWorker.java:108)
	at org.testng.TestRunner.privateRun(TestRunner.java:774)
	at org.testng.TestRunner.run(TestRunner.java:624)
	at org.testng.SuiteRunner.runTest(SuiteRunner.java:359)
	at org.testng.SuiteRunner.runSequentially(SuiteRunner.java:354)
	at org.testng.SuiteRunner.privateRun(SuiteRunner.java:312)
	at org.testng.SuiteRunner.run(SuiteRunner.java:261)
	at org.testng.SuiteRunnerWorker.runSuite(SuiteRunnerWorker.java:52)
	at org.testng.SuiteRunnerWorker.run(SuiteRunnerWorker.java:86)
	at org.testng.TestNG.runSuitesSequentially(TestNG.java:1215)
	at org.testng.TestNG.runSuitesLocally(TestNG.java:1140)
	at org.testng.TestNG.run(TestNG.java:1048)
	at org.testng.TestNG.privateMain(TestNG.java:1355)
	at org.testng.TestNG.main(TestNG.java:1324)
</pre></div></td>
<td>0</td>
<td>procedures_NewFramework.AYSmoke.Webcenter.WC_SearchforApplicants_Input@23fe1d71</td></tr>
<tr>
<td title='procedures_NewFramework.AYSmoke.Webcenter.WC_Welcome_Input.WC_Welcome_Input()'><b>WC_Welcome_Input</b><br>Test class: procedures_NewFramework.AYSmoke.Webcenter.WC_Welcome_Input<br>Test method: This Procedure is used to perform some operation in 'Welcome' page<br/>
<a href="#Output-170949260" onClick='toggleBox("Output-170949260", this, "Show output", "Hide output");'>Show output</a>

<a href="#Output-170949260" onClick="toggleAllBoxes();">Show all outputs</a>
<div class='log' id="Output-170949260">
<tr><td><b><font size='4' color='Green'><a id="m8"">Procedure Name - WC_CreateLabels_Verify</a></font></b></td></tr><br/>
<b><font size='3' color='Green'>Procedure No. - 8</font></b><br/>
<table border="3" cellspacing="0"<tr><td><b><font size='4' align="left" color='Black'><Strong>000message</Strong></font></b></td><td><b><font size='4' align="left" color='Black'><Strong>001pagename</Strong></font></b></td><td><b><font size='4' align="left" color='Black'><Strong>002verifyui</Strong></font></b></td><br/>
<tr><td><b><font size='4' align="left" color='Black'></font></b></td><td><b><font size='4' align="left" color='Black'>Application Module :: Perform an Action :: Create Labels</font></b></td><td><b><font size='4' align="left" color='Black'></font></b></td><br/>
</table><br/>
Proceed to retrieve Input Test Data for 'Welcome' Page<br/>
<b><font size='3' color='Red'><strong>3</strong></font></b><br/>
Failure Screenshot saved at C:\SeleniumScripts\AYQAAutomation\Results\24016_WC_CreateLetterAndLabels\Failurescreenshot\WC_Welcome_Input_8.PNG<br/>
<a href='file:///C:\SeleniumScripts\AYQAAutomation\Results\24016_WC_CreateLetterAndLabels\Failurescreenshot\WC_Welcome_Input_8.PNG'><img src='file:///C:\SeleniumScripts\AYQAAutomation\Results\24016_WC_CreateLetterAndLabels\Failurescreenshot\WC_Welcome_Input_8.PNG' height='200' width='200'></a><br/>
</div>
</td>
<td><div><pre>java.lang.AssertionError: 3
	at processor.CommonSeleniumActions.writeFailure(CommonSeleniumActions.java:908)
	at procedures_NewFramework.AYSmoke.Webcenter.WC_Welcome_Input.WC_Welcome_Input(WC_Welcome_Input.java:92)
... Removed 24 stack frames</pre></div><a href='#' onClick='toggleBox("stack-trace170949260", this, "Click to show all stack frames", "Click to hide stack frames")'>Click to show all stack frames</a>
<div class='stack-trace' id='stack-trace170949260'><pre>java.lang.AssertionError: 3
	at org.testng.Assert.fail(Assert.java:94)
	at processor.CommonSeleniumActions.writeFailure(CommonSeleniumActions.java:908)
	at procedures_NewFramework.AYSmoke.Webcenter.WC_Welcome_Input.WC_Welcome_Input(WC_Welcome_Input.java:92)
	at sun.reflect.NativeMethodAccessorImpl.invoke0(Native Method)
	at sun.reflect.NativeMethodAccessorImpl.invoke(Unknown Source)
	at sun.reflect.DelegatingMethodAccessorImpl.invoke(Unknown Source)
	at java.lang.reflect.Method.invoke(Unknown Source)
	at org.testng.internal.MethodInvocationHelper.invokeMethod(MethodInvocationHelper.java:85)
	at org.testng.internal.Invoker.invokeMethod(Invoker.java:639)
	at org.testng.internal.Invoker.invokeTestMethod(Invoker.java:816)
	at org.testng.internal.Invoker.invokeTestMethods(Invoker.java:1124)
	at org.testng.internal.TestMethodWorker.invokeTestMethods(TestMethodWorker.java:125)
	at org.testng.internal.TestMethodWorker.run(TestMethodWorker.java:108)
	at org.testng.TestRunner.privateRun(TestRunner.java:774)
	at org.testng.TestRunner.run(TestRunner.java:624)
	at org.testng.SuiteRunner.runTest(SuiteRunner.java:359)
	at org.testng.SuiteRunner.runSequentially(SuiteRunner.java:354)
	at org.testng.SuiteRunner.privateRun(SuiteRunner.java:312)
	at org.testng.SuiteRunner.run(SuiteRunner.java:261)
	at org.testng.SuiteRunnerWorker.runSuite(SuiteRunnerWorker.java:52)
	at org.testng.SuiteRunnerWorker.run(SuiteRunnerWorker.java:86)
	at org.testng.TestNG.runSuitesSequentially(TestNG.java:1215)
	at org.testng.TestNG.runSuitesLocally(TestNG.java:1140)
	at org.testng.TestNG.run(TestNG.java:1048)
	at org.testng.TestNG.privateMain(TestNG.java:1355)
	at org.testng.TestNG.main(TestNG.java:1324)
</pre></div></td>
<td>0</td>
<td>procedures_NewFramework.AYSmoke.Webcenter.WC_Welcome_Input@4e718207</td></tr>
<tr>
<td title='procedures_NewFramework.AYSmoke.Webcenter.WC_Welcome_Input.WC_Welcome_Input()'><b>WC_Welcome_Input</b><br>Test class: procedures_NewFramework.AYSmoke.Webcenter.WC_Welcome_Input<br>Test method: This Procedure is used to perform some operation in 'Welcome' page<br/>
<a href="#Output-1703696921" onClick='toggleBox("Output-1703696921", this, "Show output", "Hide output");'>Show output</a>

<a href="#Output-1703696921" onClick="toggleAllBoxes();">Show all outputs</a>
<div class='log' id="Output-1703696921">
<tr><td><b><font size='4' color='Green'><a id="m9"">Procedure Name - WC_CreateLabels_Inputs</a></font></b></td></tr><br/>
<b><font size='3' color='Green'>Procedure No. - 9</font></b><br/>
<table border="3" cellspacing="0"<tr><td><b><font size='4' align="left" color='Black'><Strong>000avery</Strong></font></b></td><td><b><font size='4' align="left" color='Black'><Strong>001sort</Strong></font></b></td><td><b><font size='4' align="left" color='Black'><Strong>002startprinting</Strong></font></b></td><td><b><font size='4' align="left" color='Black'><Strong>003actionshistory</Strong></font></b></td><td><b><font size='4' align="left" color='Black'><Strong>004actionhistorytext</Strong></font></b></td><td><b><font size='4' align="left" color='Black'><Strong>005addtolabel</Strong></font></b></td><td><b><font size='4' align="left" color='Black'><Strong>006addchoicegroupcode</Strong></font></b></td><td><b><font size='4' align="left" color='Black'><Strong>007groupbyselectedfield</Strong></font></b></td><td><b><font size='4' align="left" color='Black'><Strong>008button</Strong></font></b></td><br/>
<tr><td><b><font size='4' align="left" color='Black'>Avery 5160/5260</font></b></td><td><b><font size='4' align="left" color='Black'></font></b></td><td><b><font size='4' align="left" color='Black'></font></b></td><td><b><font size='4' align="left" color='Black'></font></b></td><td><b><font size='4' align="left" color='Black'></font></b></td><td><b><font size='4' align="left" color='Black'></font></b></td><td><b><font size='4' align="left" color='Black'></font></b></td><td><b><font size='4' align="left" color='Black'></font></b></td><td><b><font size='4' align="left" color='Black'>print</font></b></td><br/>
</table><br/>
Proceed to retrieve Input Test Data for 'Welcome' Page<br/>
Input Test Data was retrieved for 'Welcome' Page<br/>
Step 1 - Click the link as [Avery 5160/5260]<br/>
<b><font size='3' color='Red'><strong>Elements[partiallinktext] was Not Found after waiting for 1 Minute</strong></font></b><br/>
Failure Screenshot saved at C:\SeleniumScripts\AYQAAutomation\Results\24016_WC_CreateLetterAndLabels\Failurescreenshot\WC_Welcome_Input_9.PNG<br/>
<a href='file:///C:\SeleniumScripts\AYQAAutomation\Results\24016_WC_CreateLetterAndLabels\Failurescreenshot\WC_Welcome_Input_9.PNG'><img src='file:///C:\SeleniumScripts\AYQAAutomation\Results\24016_WC_CreateLetterAndLabels\Failurescreenshot\WC_Welcome_Input_9.PNG' height='200' width='200'></a><br/>
</div>
</td>
<td><div><pre>java.lang.AssertionError: Elements[partiallinktext] was Not Found after waiting for 1 Minute
	at processor.CommonSeleniumActions.writeFailure(CommonSeleniumActions.java:908)
	at processor.CommonSeleniumActions.waitForElementPresentWebdriver(CommonSeleniumActions.java:3119)
	at procedures_NewFramework.AYSmoke.Webcenter.WC_Welcome_Input.WC_Welcome_Input(WC_Welcome_Input.java:26)
... Removed 24 stack frames</pre></div><a href='#' onClick='toggleBox("stack-trace1703696921", this, "Click to show all stack frames", "Click to hide stack frames")'>Click to show all stack frames</a>
<div class='stack-trace' id='stack-trace1703696921'><pre>java.lang.AssertionError: Elements[partiallinktext] was Not Found after waiting for 1 Minute
	at org.testng.Assert.fail(Assert.java:94)
	at processor.CommonSeleniumActions.writeFailure(CommonSeleniumActions.java:908)
	at processor.CommonSeleniumActions.waitForElementPresentWebdriver(CommonSeleniumActions.java:3119)
	at procedures_NewFramework.AYSmoke.Webcenter.WC_Welcome_Input.WC_Welcome_Input(WC_Welcome_Input.java:26)
	at sun.reflect.NativeMethodAccessorImpl.invoke0(Native Method)
	at sun.reflect.NativeMethodAccessorImpl.invoke(Unknown Source)
	at sun.reflect.DelegatingMethodAccessorImpl.invoke(Unknown Source)
	at java.lang.reflect.Method.invoke(Unknown Source)
	at org.testng.internal.MethodInvocationHelper.invokeMethod(MethodInvocationHelper.java:85)
	at org.testng.internal.Invoker.invokeMethod(Invoker.java:639)
	at org.testng.internal.Invoker.invokeTestMethod(Invoker.java:816)
	at org.testng.internal.Invoker.invokeTestMethods(Invoker.java:1124)
	at org.testng.internal.TestMethodWorker.invokeTestMethods(TestMethodWorker.java:125)
	at org.testng.internal.TestMethodWorker.run(TestMethodWorker.java:108)
	at org.testng.TestRunner.privateRun(TestRunner.java:774)
	at org.testng.TestRunner.run(TestRunner.java:624)
	at org.testng.SuiteRunner.runTest(SuiteRunner.java:359)
	at org.testng.SuiteRunner.runSequentially(SuiteRunner.java:354)
	at org.testng.SuiteRunner.privateRun(SuiteRunner.java:312)
	at org.testng.SuiteRunner.run(SuiteRunner.java:261)
	at org.testng.SuiteRunnerWorker.runSuite(SuiteRunnerWorker.java:52)
	at org.testng.SuiteRunnerWorker.run(SuiteRunnerWorker.java:86)
	at org.testng.TestNG.runSuitesSequentially(TestNG.java:1215)
	at org.testng.TestNG.runSuitesLocally(TestNG.java:1140)
	at org.testng.TestNG.run(TestNG.java:1048)
	at org.testng.TestNG.privateMain(TestNG.java:1355)
	at org.testng.TestNG.main(TestNG.java:1324)
</pre></div></td>
<td>1</td>
<td>procedures_NewFramework.AYSmoke.Webcenter.WC_Welcome_Input@4e718207</td></tr>
<tr>
<td title='procedures_NewFramework.AYSmoke.Webcenter.WC_Welcome_Input.WC_Welcome_Input()'><b>WC_Welcome_Input</b><br>Test class: procedures_NewFramework.AYSmoke.Webcenter.WC_Welcome_Input<br>Test method: This Procedure is used to perform some operation in 'Welcome' page<br/>
<a href="#Output-332699949" onClick='toggleBox("Output-332699949", this, "Show output", "Hide output");'>Show output</a>

<a href="#Output-332699949" onClick="toggleAllBoxes();">Show all outputs</a>
<div class='log' id="Output-332699949">
<tr><td><b><font size='4' color='Green'><a id="m10"">Procedure Name - WC_CreateLabels_Verify</a></font></b></td></tr><br/>
<b><font size='3' color='Green'>Procedure No. - 10</font></b><br/>
<table border="3" cellspacing="0"<tr><td><b><font size='4' align="left" color='Black'><Strong>000message</Strong></font></b></td><td><b><font size='4' align="left" color='Black'><Strong>001pagename</Strong></font></b></td><td><b><font size='4' align="left" color='Black'><Strong>002verifyui</Strong></font></b></td><br/>
<tr><td><b><font size='4' align="left" color='Black'></font></b></td><td><b><font size='4' align="left" color='Black'>Application Module :: Perform an Action :: Create Labels Results</font></b></td><td><b><font size='4' align="left" color='Black'></font></b></td><br/>
</table><br/>
Proceed to retrieve Input Test Data for 'Welcome' Page<br/>
<b><font size='3' color='Red'><strong>3</strong></font></b><br/>
Failure Screenshot saved at C:\SeleniumScripts\AYQAAutomation\Results\24016_WC_CreateLetterAndLabels\Failurescreenshot\WC_Welcome_Input_10.PNG<br/>
<a href='file:///C:\SeleniumScripts\AYQAAutomation\Results\24016_WC_CreateLetterAndLabels\Failurescreenshot\WC_Welcome_Input_10.PNG'><img src='file:///C:\SeleniumScripts\AYQAAutomation\Results\24016_WC_CreateLetterAndLabels\Failurescreenshot\WC_Welcome_Input_10.PNG' height='200' width='200'></a><br/>
</div>
</td>
<td><div><pre>java.lang.AssertionError: 3
	at processor.CommonSeleniumActions.writeFailure(CommonSeleniumActions.java:908)
	at procedures_NewFramework.AYSmoke.Webcenter.WC_Welcome_Input.WC_Welcome_Input(WC_Welcome_Input.java:92)
... Removed 24 stack frames</pre></div><a href='#' onClick='toggleBox("stack-trace332699949", this, "Click to show all stack frames", "Click to hide stack frames")'>Click to show all stack frames</a>
<div class='stack-trace' id='stack-trace332699949'><pre>java.lang.AssertionError: 3
	at org.testng.Assert.fail(Assert.java:94)
	at processor.CommonSeleniumActions.writeFailure(CommonSeleniumActions.java:908)
	at procedures_NewFramework.AYSmoke.Webcenter.WC_Welcome_Input.WC_Welcome_Input(WC_Welcome_Input.java:92)
	at sun.reflect.NativeMethodAccessorImpl.invoke0(Native Method)
	at sun.reflect.NativeMethodAccessorImpl.invoke(Unknown Source)
	at sun.reflect.DelegatingMethodAccessorImpl.invoke(Unknown Source)
	at java.lang.reflect.Method.invoke(Unknown Source)
	at org.testng.internal.MethodInvocationHelper.invokeMethod(MethodInvocationHelper.java:85)
	at org.testng.internal.Invoker.invokeMethod(Invoker.java:639)
	at org.testng.internal.Invoker.invokeTestMethod(Invoker.java:816)
	at org.testng.internal.Invoker.invokeTestMethods(Invoker.java:1124)
	at org.testng.internal.TestMethodWorker.invokeTestMethods(TestMethodWorker.java:125)
	at org.testng.internal.TestMethodWorker.run(TestMethodWorker.java:108)
	at org.testng.TestRunner.privateRun(TestRunner.java:774)
	at org.testng.TestRunner.run(TestRunner.java:624)
	at org.testng.SuiteRunner.runTest(SuiteRunner.java:359)
	at org.testng.SuiteRunner.runSequentially(SuiteRunner.java:354)
	at org.testng.SuiteRunner.privateRun(SuiteRunner.java:312)
	at org.testng.SuiteRunner.run(SuiteRunner.java:261)
	at org.testng.SuiteRunnerWorker.runSuite(SuiteRunnerWorker.java:52)
	at org.testng.SuiteRunnerWorker.run(SuiteRunnerWorker.java:86)
	at org.testng.TestNG.runSuitesSequentially(TestNG.java:1215)
	at org.testng.TestNG.runSuitesLocally(TestNG.java:1140)
	at org.testng.TestNG.run(TestNG.java:1048)
	at org.testng.TestNG.privateMain(TestNG.java:1355)
	at org.testng.TestNG.main(TestNG.java:1324)
</pre></div></td>
<td>0</td>
<td>procedures_NewFramework.AYSmoke.Webcenter.WC_Welcome_Input@4e718207</td></tr>
</table><p>
<table width='100%' border='1' class='invocation-passed'>
<tr><td colspan='4' align='center'><b>PASSED TESTS</b></td></tr>
<tr><td><b>Test method</b></td>
<td width="30%"><b>Exception</b></td>
<td width="10%"><b>Time (seconds)</b></td>
<td><b>Instance</b></td>
</tr>
<tr>
<td title='procedures_NewFramework.AYSmoke.General.GL_LaunchBrowser.GL_LaunchBrowser()'><b>GL_LaunchBrowser</b><br>Test class: procedures_NewFramework.AYSmoke.General.GL_LaunchBrowser<br>Test method: This procedure is to Navigate URL<br/>
<a href="#Output-1107985860" onClick='toggleBox("Output-1107985860", this, "Show output", "Hide output");'>Show output</a>

<a href="#Output-1107985860" onClick="toggleAllBoxes();">Show all outputs</a>
<div class='log' id="Output-1107985860">
Proceed to Read Run time Data from Excel Sheet in the location (C:/SeleniumScripts/AYQAAutomation/lib/InputTestdata.xls)<br/>
<tr><td><b><font size='4' color='Green'><a id="m1"">Procedure Name - GL_LaunchBrowser</a></font></b></td></tr><br/>
<b><font size='3' color='Green'>Procedure No. - 1</font></b><br/>
<table border="3" cellspacing="0"<tr><td><b><font size='4' align="left" color='Black'><Strong>00url</Strong></font></b></td><td><b><font size='4' align="left" color='Black'><Strong>01openurl</Strong></font></b></td><br/>
<tr><td><b><font size='4' align="left" color='Black'>https://uatwebcenter.applyyourself.com/</font></b></td><td><b><font size='4' align="left" color='Black'></font></b></td><br/>
</table><br/>
Proceed to retrieve Test Data for URL<br/>
Test Data was retrieved for URL<br/>
Proceed to retrieve Environment From Excel Sheet(C:/SeleniumScripts/AYQAAutomation/lib/InputTestdata.xls)<br/>
Step 1 - Proceed to Open URL(https://qawebcenter.applyyourself.com/)<br/>
</div>
</td>
<td></td>
<td>11</td>
<td>procedures_NewFramework.AYSmoke.General.GL_LaunchBrowser@3632be31</td></tr>
<tr>
<td title='procedures_NewFramework.AYSmoke.Webcenter.WC_ApplicationPackage.CreateLabelAndLetter.WC_CreateLabelResults_Input.WC_CreateLabelResults_Input()'><b>WC_CreateLabelResults_Input</b><br>Test class: procedures_NewFramework.AYSmoke.Webcenter.WC_ApplicationPackage.CreateLabelAndLetter.WC_CreateLabelResults_Input<br>Test method: This Procedure is used to perform some operation in 'Create Label Results' page<br/>
<a href="#Output-1869039062" onClick='toggleBox("Output-1869039062", this, "Show output", "Hide output");'>Show output</a>

<a href="#Output-1869039062" onClick="toggleAllBoxes();">Show all outputs</a>
<div class='log' id="Output-1869039062">
<tr><td><b><font size='4' color='Green'><a id="m4"">Procedure Name - WC_Welcome_Input</a></font></b></td></tr><br/>
<b><font size='3' color='Green'>Procedure No. - 4</font></b><br/>
<table border="3" cellspacing="0"<tr><td><b><font size='4' align="left" color='Black'><Strong>000topupdatelogout</Strong></font></b></td><td><b><font size='4' align="left" color='Black'><Strong>001package</Strong></font></b></td><td><b><font size='4' align="left" color='Black'><Strong>002menulinks</Strong></font></b></td><td><b><font size='4' align="left" color='Black'><Strong>003link_to_click</Strong></font></b></td><br/>
<tr><td><b><font size='4' align="left" color='Black'></font></b></td><td><b><font size='4' align="left" color='Black'>Search for Applicants</font></b></td><td><b><font size='4' align="left" color='Black'></font></b></td><td><b><font size='4' align="left" color='Black'></font></b></td><br/>
</table><br/>
Proceed to retrieve Input Test Data for 'Create Label Results' Page<br/>
Input Test Data was retrieved for 'Create Label Results' Page<br/>
</div>
</td>
<td></td>
<td>0</td>
<td>procedures_NewFramework.AYSmoke.Webcenter.WC_ApplicationPackage.CreateLabelAndLetter.WC_CreateLabelResults_Input@458c1321</td></tr>
<tr>
<td title='procedures_NewFramework.AYSmoke.Webcenter.WC_ApplicationPackage.CreateLabelAndLetter.WC_CreateLabelResults_Input.WC_CreateLabelResults_Input()'><b>WC_CreateLabelResults_Input</b><br>Test class: procedures_NewFramework.AYSmoke.Webcenter.WC_ApplicationPackage.CreateLabelAndLetter.WC_CreateLabelResults_Input<br>Test method: This Procedure is used to perform some operation in 'Create Label Results' page<br/>
<a href="#Output-1263634860" onClick='toggleBox("Output-1263634860", this, "Show output", "Hide output");'>Show output</a>

<a href="#Output-1263634860" onClick="toggleAllBoxes();">Show all outputs</a>
<div class='log' id="Output-1263634860">
<tr><td><b><font size='4' color='Green'><a id="m5"">Procedure Name - WC_SearchforApplicants_Input</a></font></b></td></tr><br/>
<b><font size='3' color='Green'>Procedure No. - 5</font></b><br/>
<table border="3" cellspacing="0"<tr><td><b><font size='4' align="left" color='Black'><Strong>00_numberofrecordsdisplay</Strong></font></b></td><td><b><font size='4' align="left" color='Black'><Strong>01_record_options</Strong></font></b></td><td><b><font size='4' align="left" color='Black'><Strong>02_viewrecords_withdetails</Strong></font></b></td><td><b><font size='4' align="left" color='Black'><Strong>03_search_by_date</Strong></font></b></td><td><b><font size='4' align="left" color='Black'><Strong>04_createddate</Strong></font></b></td><td><b><font size='4' align="left" color='Black'><Strong>05_submittedate</Strong></font></b></td><td><b><font size='4' align="left" color='Black'><Strong>06_searchbydate_submit</Strong></font></b></td><td><b><font size='4' align="left" color='Black'><Strong>07_firstname</Strong></font></b></td><td><b><font size='4' align="left" color='Black'><Strong>08_lastname</Strong></font></b></td><td><b><font size='4' align="left" color='Black'><Strong>09_birthdate</Strong></font></b></td><td><b><font size='4' align="left" color='Black'><Strong>10_emailaddress</Strong></font></b></td><td><b><font size='4' align="left" color='Black'><Strong>11_zip</Strong></font></b></td><td><b><font size='4' align="left" color='Black'><Strong>12_pin</Strong></font></b></td><td><b><font size='4' align="left" color='Black'><Strong>13_applicantid</Strong></font></b></td><td><b><font size='4' align="left" color='Black'><Strong>14_searchbyindividual</Strong></font></b></td><td><b><font size='4' align="left" color='Black'><Strong>15_systemqueries</Strong></font></b></td><td><b><font size='4' align="left" color='Black'><Strong>16_userqueries</Strong></font></b></td><td><b><font size='4' align="left" color='Black'><Strong>17_search_using_query</Strong></font></b></td><td><b><font size='4' align="left" color='Black'><Strong>18_selectagroup</Strong></font></b></td><td><b><font size='4' align="left" color='Black'><Strong>19_search_by_group</Strong></font></b></td><td><b><font size='4' align="left" color='Black'><Strong>20_select_action</Strong></font></b></td><td><b><font size='4' align="left" color='Black'><Strong>21_searchbyaction</Strong></font></b></td><td><b><font size='4' align="left" color='Black'><Strong>22_submit</Strong></font></b></td><td><b><font size='4' align="left" color='Black'><Strong>23_pros_id</Strong></font></b></td><td><b><font size='4' align="left" color='Black'><Strong>24_daterange_from</Strong></font></b></td><td><b><font size='4' align="left" color='Black'><Strong>25_daterange_to</Strong></font></b></td><br/>
<tr><td><b><font size='4' align="left" color='Black'></font></b></td><td><b><font size='4' align="left" color='Black'>Submitted</font></b></td><td><b><font size='4' align="left" color='Black'></font></b></td><td><b><font size='4' align="left" color='Black'></font></b></td><td><b><font size='4' align="left" color='Black'></font></b></td><td><b><font size='4' align="left" color='Black'></font></b></td><td><b><font size='4' align="left" color='Black'></font></b></td><td><b><font size='4' align="left" color='Black'>Allen</font></b></td><td><b><font size='4' align="left" color='Black'>Mike</font></b></td><td><b><font size='4' align="left" color='Black'></font></b></td><td><b><font size='4' align="left" color='Black'></font></b></td><td><b><font size='4' align="left" color='Black'></font></b></td><td><b><font size='4' align="left" color='Black'></font></b></td><td><b><font size='4' align="left" color='Black'></font></b></td><td><b><font size='4' align="left" color='Black'></font></b></td><td><b><font size='4' align="left" color='Black'></font></b></td><td><b><font size='4' align="left" color='Black'></font></b></td><td><b><font size='4' align="left" color='Black'></font></b></td><td><b><font size='4' align="left" color='Black'></font></b></td><td><b><font size='4' align="left" color='Black'></font></b></td><td><b><font size='4' align="left" color='Black'></font></b></td><td><b><font size='4' align="left" color='Black'></font></b></td><td><b><font size='4' align="left" color='Black'>Submit</font></b></td><td><b><font size='4' align="left" color='Black'></font></b></td><td><b><font size='4' align="left" color='Black'></font></b></td><td><b><font size='4' align="left" color='Black'></font></b></td><br/>
</table><br/>
Proceed to retrieve Input Test Data for 'Create Label Results' Page<br/>
Input Test Data was retrieved for 'Create Label Results' Page<br/>
</div>
</td>
<td></td>
<td>0</td>
<td>procedures_NewFramework.AYSmoke.Webcenter.WC_ApplicationPackage.CreateLabelAndLetter.WC_CreateLabelResults_Input@458c1321</td></tr>
<tr>
<td title='procedures_NewFramework.AYSmoke.Webcenter.WC_ApplicationPackage.CreateLabelAndLetter.WC_CreateLabels_Verify.WC_CreateLabels_Verify()'><b>WC_CreateLabels_Verify</b><br>Test class: procedures_NewFramework.AYSmoke.Webcenter.WC_ApplicationPackage.CreateLabelAndLetter.WC_CreateLabels_Verify<br>Test method: This Procedure is to perform some Verification in 'Create Label' page<br/>
<a href="#Output-519979933" onClick='toggleBox("Output-519979933", this, "Show output", "Hide output");'>Show output</a>

<a href="#Output-519979933" onClick="toggleAllBoxes();">Show all outputs</a>
<div class='log' id="Output-519979933">
<tr><td><b><font size='4' color='Green'><a id="m15"">Procedure Name - WC_CreateLetter_Inputs</a></font></b></td></tr><br/>
<b><font size='3' color='Green'>Procedure No. - 15</font></b><br/>
<table border="3" cellspacing="0"<tr><td><b><font size='4' align="left" color='Black'><Strong>000useemailtemplate</Strong></font></b></td><td><b><font size='4' align="left" color='Black'><Strong>001selectemailtemplate</Strong></font></b></td><td><b><font size='4' align="left" color='Black'><Strong>002donotcreateletter</Strong></font></b></td><td><b><font size='4' align="left" color='Black'><Strong>003usedecisionletter</Strong></font></b></td><td><b><font size='4' align="left" color='Black'><Strong>004selectadecisionletter</Strong></font></b></td><td><b><font size='4' align="left" color='Black'><Strong>005onlineoffiline</Strong></font></b></td><td><b><font size='4' align="left" color='Black'><Strong>006printthedecisionletter</Strong></font></b></td><td><b><font size='4' align="left" color='Black'><Strong>007useofflineversion</Strong></font></b></td><td><b><font size='4' align="left" color='Black'><Strong>008recordactionhistory</Strong></font></b></td><td><b><font size='4' align="left" color='Black'><Strong>009recordactionhistorytext</Strong></font></b></td><td><b><font size='4' align="left" color='Black'><Strong>010button</Strong></font></b></td><br/>
<tr><td><b><font size='4' align="left" color='Black'></font></b></td><td><b><font size='4' align="left" color='Black'></font></b></td><td><b><font size='4' align="left" color='Black'></font></b></td><td><b><font size='4' align="left" color='Black'>Use Decision Letter</font></b></td><td><b><font size='4' align="left" color='Black'>Admitted isthe decision madeby CollageForApplicant</font></b></td><td><b><font size='4' align="left" color='Black'>online</font></b></td><td><b><font size='4' align="left" color='Black'></font></b></td><td><b><font size='4' align="left" color='Black'></font></b></td><td><b><font size='4' align="left" color='Black'></font></b></td><td><b><font size='4' align="left" color='Black'></font></b></td><td><b><font size='4' align="left" color='Black'>create</font></b></td><br/>
</table><br/>
Proceed to retrieve Verify Test Data 'Create Label' page<br/>
Verify Test Data was retrieved for 'Create Label' page<br/>
Step 3 - Verify the UI information in Create Label page<br/>
</div>
</td>
<td></td>
<td>0</td>
<td>procedures_NewFramework.AYSmoke.Webcenter.WC_ApplicationPackage.CreateLabelAndLetter.WC_CreateLabels_Verify@34cd072c</td></tr>
<tr>
<td title='procedures_NewFramework.AYSmoke.Webcenter.WC_Login_Input.WC_Login_Input()'><b>WC_Login_Input</b><br>Test class: procedures_NewFramework.AYSmoke.Webcenter.WC_Login_Input<br>Test method: This Procedure is used to perform some operation in 'Webcenter Login' page<br/>
<a href="#Output-1884155890" onClick='toggleBox("Output-1884155890", this, "Show output", "Hide output");'>Show output</a>

<a href="#Output-1884155890" onClick="toggleAllBoxes();">Show all outputs</a>
<div class='log' id="Output-1884155890">
<tr><td><b><font size='4' color='Green'><a id="m6"">Procedure Name - WC_SearchforApplicants_Verify</a></font></b></td></tr><br/>
<b><font size='3' color='Green'>Procedure No. - 6</font></b><br/>
<table border="3" cellspacing="0"<tr><td><b><font size='4' align="left" color='Black'><Strong>00_successmessage</Strong></font></b></td><td><b><font size='4' align="left" color='Black'><Strong>01_sysmsgheading</Strong></font></b></td><td><b><font size='4' align="left" color='Black'><Strong>02_systemmessage</Strong></font></b></td><td><b><font size='4' align="left" color='Black'><Strong>03_formlable</Strong></font></b></td><td><b><font size='4' align="left" color='Black'><Strong>04_formlablemessage</Strong></font></b></td><td><b><font size='4' align="left" color='Black'><Strong>05_pagename</Strong></font></b></td><td><b><font size='4' align="left" color='Black'><Strong>06_verifyui</Strong></font></b></td><br/>
<tr><td><b><font size='4' align="left" color='Black'></font></b></td><td><b><font size='4' align="left" color='Black'></font></b></td><td><b><font size='4' align="left" color='Black'></font></b></td><td><b><font size='4' align="left" color='Black'></font></b></td><td><b><font size='4' align="left" color='Black'></font></b></td><td><b><font size='4' align="left" color='Black'>Application Module :: Search Results</font></b></td><td><b><font size='4' align="left" color='Black'></font></b></td><br/>
</table><br/>
Proceed to retrieve Input Test Data for 'Webcenter Login' Page<br/>
Input Test Data was retrieved for 'Webcenter Login' Page<br/>
</div>
</td>
<td></td>
<td>0</td>
<td>procedures_NewFramework.AYSmoke.Webcenter.WC_Login_Input@69b0fd6f</td></tr>
<tr>
<td title='procedures_NewFramework.AYSmoke.Webcenter.WC_SearchforApplicants_Verify.WC_SearchforApplicants_Verify()'><b>WC_SearchforApplicants_Verify</b><br>Test class: procedures_NewFramework.AYSmoke.Webcenter.WC_SearchforApplicants_Verify<br>Test method: This Procedure is to perform some Verification in 'Search for Applicant' page<br/>
<a href="#Output-1221991240" onClick='toggleBox("Output-1221991240", this, "Show output", "Hide output");'>Show output</a>

<a href="#Output-1221991240" onClick="toggleAllBoxes();">Show all outputs</a>
<div class='log' id="Output-1221991240">
<tr><td><b><font size='4' color='Green'><a id="m13"">Procedure Name - WC_CreateLabels_Inputs</a></font></b></td></tr><br/>
<b><font size='3' color='Green'>Procedure No. - 13</font></b><br/>
<table border="3" cellspacing="0"<tr><td><b><font size='4' align="left" color='Black'><Strong>000avery</Strong></font></b></td><td><b><font size='4' align="left" color='Black'><Strong>001sort</Strong></font></b></td><td><b><font size='4' align="left" color='Black'><Strong>002startprinting</Strong></font></b></td><td><b><font size='4' align="left" color='Black'><Strong>003actionshistory</Strong></font></b></td><td><b><font size='4' align="left" color='Black'><Strong>004actionhistorytext</Strong></font></b></td><td><b><font size='4' align="left" color='Black'><Strong>005addtolabel</Strong></font></b></td><td><b><font size='4' align="left" color='Black'><Strong>006addchoicegroupcode</Strong></font></b></td><td><b><font size='4' align="left" color='Black'><Strong>007groupbyselectedfield</Strong></font></b></td><td><b><font size='4' align="left" color='Black'><Strong>008button</Strong></font></b></td><br/>
<tr><td><b><font size='4' align="left" color='Black'></font></b></td><td><b><font size='4' align="left" color='Black'></font></b></td><td><b><font size='4' align="left" color='Black'></font></b></td><td><b><font size='4' align="left" color='Black'></font></b></td><td><b><font size='4' align="left" color='Black'></font></b></td><td><b><font size='4' align="left" color='Black'></font></b></td><td><b><font size='4' align="left" color='Black'></font></b></td><td><b><font size='4' align="left" color='Black'></font></b></td><td><b><font size='4' align="left" color='Black'>back</font></b></td><br/>
</table><br/>
Proceed to retrieve Verify Test Data 'Search for Applicant' page<br/>
Verify Test Data was retrieved for 'Search for Applicant' page<br/>
</div>
</td>
<td></td>
<td>0</td>
<td>procedures_NewFramework.AYSmoke.Webcenter.WC_SearchforApplicants_Verify@28ac3dc3</td></tr>
</table><p>
</body>
</html>