<html>
<head>
<title>TestNG:  SmokeTest</title>
<link href="../testng.css" rel="stylesheet" type="text/css" />
<link href="../my-testng.css" rel="stylesheet" type="text/css" />

<style type="text/css">
.log { display: none;} 
.stack-trace { display: none;} 
</style>
<script type="text/javascript">
<!--
function flip(e) {
  current = e.style.display;
  if (current == 'block') {
    e.style.display = 'none';
    return 0;
  }
  else {
    e.style.display = 'block';
    return 1;
  }
}

function toggleBox(szDivId, elem, msg1, msg2)
{
  var res = -1;  if (document.getElementById) {
    res = flip(document.getElementById(szDivId));
  }
  else if (document.all) {
    // this is the way old msie versions work
    res = flip(document.all[szDivId]);
  }
  if(elem) {
    if(res == 0) elem.innerHTML = msg1; else elem.innerHTML = msg2;
  }

}

function toggleAllBoxes() {
  if (document.getElementsByTagName) {
    d = document.getElementsByTagName('div');
    for (i = 0; i < d.length; i++) {
      if (d[i].className == 'log') {
        flip(d[i]);
      }
    }
  }
}

// -->
</script>

</head>
<body>
<h2 align='center'>SmokeTest</h2><table border='1' align="center">
<tr>
<td>Tests passed/Failed/Skipped:</td><td>1/9/3</td>
</tr><tr>
<td>Started on:</td><td>Tue Aug 02 06:20:31 EDT 2016</td>
</tr>
<tr><td>Total time:</td><td>17293 seconds (17293897 ms)</td>
</tr><tr>
<td>Included groups:</td><td></td>
</tr><tr>
<td>Excluded groups:</td><td></td>
</tr>
</table><p/>
<small><i>(Hover the method name to see the test class name)</i></small><p/>
<table width='100%' border='1' class='invocation-failed'>
<tr><td colspan='4' align='center'><b>FAILED CONFIGURATIONS</b></td></tr>
<tr><td><b>Test method</b></td>
<td width="30%"><b>Exception</b></td>
<td width="10%"><b>Time (seconds)</b></td>
<td><b>Instance</b></td>
</tr>
<tr>
<td title='procedures_NewFramework.AYSmoke.Webcenter.WC_Welcome_Verify.failurescreenshot()'><b>failurescreenshot</b><br>Test class: procedures_NewFramework.AYSmoke.Webcenter.WC_Welcome_Verify<br>Parameters: [TestResult name=WC_Welcome_Verify status=FAILURE method=WC_Welcome_Verify.WC_Welcome_Verify()[pri:0, instance:procedures_NewFramework.AYSmoke.Webcenter.WC_Welcome_Verify@1d371b2d] output=<tr><td><b><font size='4' color='Green'><a id="m10"">Procedure Name - WC_Welcome_Input</a></font></b></td></tr>], org.testng.TestRunner@3e6f3f28</td>
<td><div><pre>org.openqa.selenium.WebDriverException: Tried to run command without establishing a connection (WARNING: The server did not provide any stacktrace information)
Command duration or timeout: 1.63 seconds
Build info: version: &apos;3.0.0-beta1&apos;, revision: &apos;8e4315c&apos;, time: &apos;2016-07-28 18:04:05 -0700&apos;
System info: host: &apos;ISILDT10146&apos;, ip: &apos;192.168.243.121&apos;, os.name: &apos;Windows 7&apos;, os.arch: &apos;amd64&apos;, os.version: &apos;6.1&apos;, java.version: &apos;1.8.0_66&apos;
Driver info: org.openqa.selenium.firefox.MarionetteDriver
Capabilities [{rotatable=false, raisesAccessibilityExceptions=false, appBuildId=20160623154057, version=, platform=XP, proxy={}, command_id=1, specificationLevel=0, acceptSslCerts=false, browserVersion=47.0.1, platformVersion=6.1, XULappId={ec8030f7-c20a-464f-9b0e-13a3a9e97384}, browserName=Firefox, takesScreenshot=true, takesElementScreenshot=true, platformName=Windows_NT, device=desktop}]
Session ID: 8400e30f-2e4a-4985-9e05-b4d1ee870c2a
	at org.openqa.selenium.remote.ErrorHandler.createThrowable(ErrorHandler.java:206)
	at org.openqa.selenium.remote.ErrorHandler.throwIfResponseFailed(ErrorHandler.java:158)
	at org.openqa.selenium.remote.RemoteWebDriver.execute(RemoteWebDriver.java:683)
	at org.openqa.selenium.remote.RemoteWebDriver.execute(RemoteWebDriver.java:706)
	at org.openqa.selenium.remote.RemoteWebDriver.getScreenshotAs(RemoteWebDriver.java:349)
	at processor.Processor.failurescreenshot(Processor.java:510)
... Removed 29 stack frames</pre></div><a href='#' onClick='toggleBox("stack-trace443721024", this, "Click to show all stack frames", "Click to hide stack frames")'>Click to show all stack frames</a>
<div class='stack-trace' id='stack-trace443721024'><pre>org.openqa.selenium.WebDriverException: Tried to run command without establishing a connection (WARNING: The server did not provide any stacktrace information)
Command duration or timeout: 1.63 seconds
Build info: version: &apos;3.0.0-beta1&apos;, revision: &apos;8e4315c&apos;, time: &apos;2016-07-28 18:04:05 -0700&apos;
System info: host: &apos;ISILDT10146&apos;, ip: &apos;192.168.243.121&apos;, os.name: &apos;Windows 7&apos;, os.arch: &apos;amd64&apos;, os.version: &apos;6.1&apos;, java.version: &apos;1.8.0_66&apos;
Driver info: org.openqa.selenium.firefox.MarionetteDriver
Capabilities [{rotatable=false, raisesAccessibilityExceptions=false, appBuildId=20160623154057, version=, platform=XP, proxy={}, command_id=1, specificationLevel=0, acceptSslCerts=false, browserVersion=47.0.1, platformVersion=6.1, XULappId={ec8030f7-c20a-464f-9b0e-13a3a9e97384}, browserName=Firefox, takesScreenshot=true, takesElementScreenshot=true, platformName=Windows_NT, device=desktop}]
Session ID: 8400e30f-2e4a-4985-9e05-b4d1ee870c2a
	at sun.reflect.NativeConstructorAccessorImpl.newInstance0(Native Method)
	at sun.reflect.NativeConstructorAccessorImpl.newInstance(Unknown Source)
	at sun.reflect.DelegatingConstructorAccessorImpl.newInstance(Unknown Source)
	at java.lang.reflect.Constructor.newInstance(Unknown Source)
	at org.openqa.selenium.remote.ErrorHandler.createThrowable(ErrorHandler.java:206)
	at org.openqa.selenium.remote.ErrorHandler.throwIfResponseFailed(ErrorHandler.java:158)
	at org.openqa.selenium.remote.RemoteWebDriver.execute(RemoteWebDriver.java:683)
	at org.openqa.selenium.remote.RemoteWebDriver.execute(RemoteWebDriver.java:706)
	at org.openqa.selenium.remote.RemoteWebDriver.getScreenshotAs(RemoteWebDriver.java:349)
	at processor.Processor.failurescreenshot(Processor.java:510)
	at sun.reflect.NativeMethodAccessorImpl.invoke0(Native Method)
	at sun.reflect.NativeMethodAccessorImpl.invoke(Unknown Source)
	at sun.reflect.DelegatingMethodAccessorImpl.invoke(Unknown Source)
	at java.lang.reflect.Method.invoke(Unknown Source)
	at org.testng.internal.MethodInvocationHelper.invokeMethod(MethodInvocationHelper.java:85)
	at org.testng.internal.Invoker.invokeConfigurationMethod(Invoker.java:510)
	at org.testng.internal.Invoker.invokeConfigurations(Invoker.java:211)
	at org.testng.internal.Invoker.invokeMethod(Invoker.java:703)
	at org.testng.internal.Invoker.invokeTestMethod(Invoker.java:816)
	at org.testng.internal.Invoker.invokeTestMethods(Invoker.java:1124)
	at org.testng.internal.TestMethodWorker.invokeTestMethods(TestMethodWorker.java:125)
	at org.testng.internal.TestMethodWorker.run(TestMethodWorker.java:108)
	at org.testng.TestRunner.privateRun(TestRunner.java:774)
	at org.testng.TestRunner.run(TestRunner.java:624)
	at org.testng.SuiteRunner.runTest(SuiteRunner.java:359)
	at org.testng.SuiteRunner.runSequentially(SuiteRunner.java:354)
	at org.testng.SuiteRunner.privateRun(SuiteRunner.java:312)
	at org.testng.SuiteRunner.run(SuiteRunner.java:261)
	at org.testng.SuiteRunnerWorker.runSuite(SuiteRunnerWorker.java:52)
	at org.testng.SuiteRunnerWorker.run(SuiteRunnerWorker.java:86)
	at org.testng.TestNG.runSuitesSequentially(TestNG.java:1215)
	at org.testng.TestNG.runSuitesLocally(TestNG.java:1140)
	at org.testng.TestNG.run(TestNG.java:1048)
	at org.testng.TestNG.privateMain(TestNG.java:1355)
	at org.testng.TestNG.main(TestNG.java:1324)
</pre></div></td>
<td>0</td>
<td>procedures_NewFramework.AYSmoke.Webcenter.WC_Welcome_Verify@1d371b2d</td></tr>
<tr>
<td title='procedures_NewFramework.AYSmoke.Webcenter.WC_Welcome_Verify.failurescreenshot()'><b>failurescreenshot</b><br>Test class: procedures_NewFramework.AYSmoke.Webcenter.WC_Welcome_Verify<br>Parameters: [TestResult name=WC_Welcome_Verify status=SKIP method=WC_Welcome_Verify.WC_Welcome_Verify()[pri:0, instance:procedures_NewFramework.AYSmoke.Webcenter.WC_Welcome_Verify@1d371b2d] output=Failure Screenshot saved at C:\SeleniumScripts\AYQAAutomation\Results\23857_WC_ProductSuggestion\Failurescreenshot\WC_Welcome_Verify_11.PNG], org.testng.TestRunner@3e6f3f28</td>
<td><div><pre>org.openqa.selenium.WebDriverException: Tried to run command without establishing a connection (WARNING: The server did not provide any stacktrace information)
Command duration or timeout: 186 milliseconds
Build info: version: &apos;3.0.0-beta1&apos;, revision: &apos;8e4315c&apos;, time: &apos;2016-07-28 18:04:05 -0700&apos;
System info: host: &apos;ISILDT10146&apos;, ip: &apos;192.168.243.121&apos;, os.name: &apos;Windows 7&apos;, os.arch: &apos;amd64&apos;, os.version: &apos;6.1&apos;, java.version: &apos;1.8.0_66&apos;
Driver info: org.openqa.selenium.firefox.MarionetteDriver
Capabilities [{rotatable=false, raisesAccessibilityExceptions=false, appBuildId=20160623154057, version=, platform=XP, proxy={}, command_id=1, specificationLevel=0, acceptSslCerts=false, browserVersion=47.0.1, platformVersion=6.1, XULappId={ec8030f7-c20a-464f-9b0e-13a3a9e97384}, browserName=Firefox, takesScreenshot=true, takesElementScreenshot=true, platformName=Windows_NT, device=desktop}]
Session ID: 8400e30f-2e4a-4985-9e05-b4d1ee870c2a
	at org.openqa.selenium.remote.ErrorHandler.createThrowable(ErrorHandler.java:206)
	at org.openqa.selenium.remote.ErrorHandler.throwIfResponseFailed(ErrorHandler.java:158)
	at org.openqa.selenium.remote.RemoteWebDriver.execute(RemoteWebDriver.java:683)
	at org.openqa.selenium.remote.RemoteWebDriver.execute(RemoteWebDriver.java:706)
	at org.openqa.selenium.remote.RemoteWebDriver.getScreenshotAs(RemoteWebDriver.java:349)
	at processor.Processor.failurescreenshot(Processor.java:510)
... Removed 29 stack frames</pre></div><a href='#' onClick='toggleBox("stack-trace1360518503", this, "Click to show all stack frames", "Click to hide stack frames")'>Click to show all stack frames</a>
<div class='stack-trace' id='stack-trace1360518503'><pre>org.openqa.selenium.WebDriverException: Tried to run command without establishing a connection (WARNING: The server did not provide any stacktrace information)
Command duration or timeout: 186 milliseconds
Build info: version: &apos;3.0.0-beta1&apos;, revision: &apos;8e4315c&apos;, time: &apos;2016-07-28 18:04:05 -0700&apos;
System info: host: &apos;ISILDT10146&apos;, ip: &apos;192.168.243.121&apos;, os.name: &apos;Windows 7&apos;, os.arch: &apos;amd64&apos;, os.version: &apos;6.1&apos;, java.version: &apos;1.8.0_66&apos;
Driver info: org.openqa.selenium.firefox.MarionetteDriver
Capabilities [{rotatable=false, raisesAccessibilityExceptions=false, appBuildId=20160623154057, version=, platform=XP, proxy={}, command_id=1, specificationLevel=0, acceptSslCerts=false, browserVersion=47.0.1, platformVersion=6.1, XULappId={ec8030f7-c20a-464f-9b0e-13a3a9e97384}, browserName=Firefox, takesScreenshot=true, takesElementScreenshot=true, platformName=Windows_NT, device=desktop}]
Session ID: 8400e30f-2e4a-4985-9e05-b4d1ee870c2a
	at sun.reflect.NativeConstructorAccessorImpl.newInstance0(Native Method)
	at sun.reflect.NativeConstructorAccessorImpl.newInstance(Unknown Source)
	at sun.reflect.DelegatingConstructorAccessorImpl.newInstance(Unknown Source)
	at java.lang.reflect.Constructor.newInstance(Unknown Source)
	at org.openqa.selenium.remote.ErrorHandler.createThrowable(ErrorHandler.java:206)
	at org.openqa.selenium.remote.ErrorHandler.throwIfResponseFailed(ErrorHandler.java:158)
	at org.openqa.selenium.remote.RemoteWebDriver.execute(RemoteWebDriver.java:683)
	at org.openqa.selenium.remote.RemoteWebDriver.execute(RemoteWebDriver.java:706)
	at org.openqa.selenium.remote.RemoteWebDriver.getScreenshotAs(RemoteWebDriver.java:349)
	at processor.Processor.failurescreenshot(Processor.java:510)
	at sun.reflect.NativeMethodAccessorImpl.invoke0(Native Method)
	at sun.reflect.NativeMethodAccessorImpl.invoke(Unknown Source)
	at sun.reflect.DelegatingMethodAccessorImpl.invoke(Unknown Source)
	at java.lang.reflect.Method.invoke(Unknown Source)
	at org.testng.internal.MethodInvocationHelper.invokeMethod(MethodInvocationHelper.java:85)
	at org.testng.internal.Invoker.invokeConfigurationMethod(Invoker.java:510)
	at org.testng.internal.Invoker.invokeConfigurations(Invoker.java:211)
	at org.testng.internal.Invoker.invokeMethod(Invoker.java:703)
	at org.testng.internal.Invoker.invokeTestMethod(Invoker.java:816)
	at org.testng.internal.Invoker.invokeTestMethods(Invoker.java:1124)
	at org.testng.internal.TestMethodWorker.invokeTestMethods(TestMethodWorker.java:125)
	at org.testng.internal.TestMethodWorker.run(TestMethodWorker.java:108)
	at org.testng.TestRunner.privateRun(TestRunner.java:774)
	at org.testng.TestRunner.run(TestRunner.java:624)
	at org.testng.SuiteRunner.runTest(SuiteRunner.java:359)
	at org.testng.SuiteRunner.runSequentially(SuiteRunner.java:354)
	at org.testng.SuiteRunner.privateRun(SuiteRunner.java:312)
	at org.testng.SuiteRunner.run(SuiteRunner.java:261)
	at org.testng.SuiteRunnerWorker.runSuite(SuiteRunnerWorker.java:52)
	at org.testng.SuiteRunnerWorker.run(SuiteRunnerWorker.java:86)
	at org.testng.TestNG.runSuitesSequentially(TestNG.java:1215)
	at org.testng.TestNG.runSuitesLocally(TestNG.java:1140)
	at org.testng.TestNG.run(TestNG.java:1048)
	at org.testng.TestNG.privateMain(TestNG.java:1355)
	at org.testng.TestNG.main(TestNG.java:1324)
</pre></div></td>
<td>0</td>
<td>procedures_NewFramework.AYSmoke.Webcenter.WC_Welcome_Verify@1d371b2d</td></tr>
<tr>
<td title='procedures_NewFramework.AYSmoke.Webcenter.WC_Welcome_Verify.failurescreenshot()'><b>failurescreenshot</b><br>Test class: procedures_NewFramework.AYSmoke.Webcenter.WC_Welcome_Verify<br>Parameters: [TestResult name=WC_Welcome_Verify status=SKIP method=WC_Welcome_Verify.WC_Welcome_Verify()[pri:0, instance:procedures_NewFramework.AYSmoke.Webcenter.WC_Welcome_Verify@1d371b2d] output=Failure Screenshot saved at C:\SeleniumScripts\AYQAAutomation\Results\23857_WC_ProductSuggestion\Failurescreenshot\WC_Welcome_Verify_12.PNG], org.testng.TestRunner@3e6f3f28</td>
<td><div><pre>org.openqa.selenium.WebDriverException: Tried to run command without establishing a connection (WARNING: The server did not provide any stacktrace information)
Command duration or timeout: 451 milliseconds
Build info: version: &apos;3.0.0-beta1&apos;, revision: &apos;8e4315c&apos;, time: &apos;2016-07-28 18:04:05 -0700&apos;
System info: host: &apos;ISILDT10146&apos;, ip: &apos;192.168.243.121&apos;, os.name: &apos;Windows 7&apos;, os.arch: &apos;amd64&apos;, os.version: &apos;6.1&apos;, java.version: &apos;1.8.0_66&apos;
Driver info: org.openqa.selenium.firefox.MarionetteDriver
Capabilities [{rotatable=false, raisesAccessibilityExceptions=false, appBuildId=20160623154057, version=, platform=XP, proxy={}, command_id=1, specificationLevel=0, acceptSslCerts=false, browserVersion=47.0.1, platformVersion=6.1, XULappId={ec8030f7-c20a-464f-9b0e-13a3a9e97384}, browserName=Firefox, takesScreenshot=true, takesElementScreenshot=true, platformName=Windows_NT, device=desktop}]
Session ID: 8400e30f-2e4a-4985-9e05-b4d1ee870c2a
	at org.openqa.selenium.remote.ErrorHandler.createThrowable(ErrorHandler.java:206)
	at org.openqa.selenium.remote.ErrorHandler.throwIfResponseFailed(ErrorHandler.java:158)
	at org.openqa.selenium.remote.RemoteWebDriver.execute(RemoteWebDriver.java:683)
	at org.openqa.selenium.remote.RemoteWebDriver.execute(RemoteWebDriver.java:706)
	at org.openqa.selenium.remote.RemoteWebDriver.getScreenshotAs(RemoteWebDriver.java:349)
	at processor.Processor.failurescreenshot(Processor.java:510)
... Removed 29 stack frames</pre></div><a href='#' onClick='toggleBox("stack-trace434610528", this, "Click to show all stack frames", "Click to hide stack frames")'>Click to show all stack frames</a>
<div class='stack-trace' id='stack-trace434610528'><pre>org.openqa.selenium.WebDriverException: Tried to run command without establishing a connection (WARNING: The server did not provide any stacktrace information)
Command duration or timeout: 451 milliseconds
Build info: version: &apos;3.0.0-beta1&apos;, revision: &apos;8e4315c&apos;, time: &apos;2016-07-28 18:04:05 -0700&apos;
System info: host: &apos;ISILDT10146&apos;, ip: &apos;192.168.243.121&apos;, os.name: &apos;Windows 7&apos;, os.arch: &apos;amd64&apos;, os.version: &apos;6.1&apos;, java.version: &apos;1.8.0_66&apos;
Driver info: org.openqa.selenium.firefox.MarionetteDriver
Capabilities [{rotatable=false, raisesAccessibilityExceptions=false, appBuildId=20160623154057, version=, platform=XP, proxy={}, command_id=1, specificationLevel=0, acceptSslCerts=false, browserVersion=47.0.1, platformVersion=6.1, XULappId={ec8030f7-c20a-464f-9b0e-13a3a9e97384}, browserName=Firefox, takesScreenshot=true, takesElementScreenshot=true, platformName=Windows_NT, device=desktop}]
Session ID: 8400e30f-2e4a-4985-9e05-b4d1ee870c2a
	at sun.reflect.NativeConstructorAccessorImpl.newInstance0(Native Method)
	at sun.reflect.NativeConstructorAccessorImpl.newInstance(Unknown Source)
	at sun.reflect.DelegatingConstructorAccessorImpl.newInstance(Unknown Source)
	at java.lang.reflect.Constructor.newInstance(Unknown Source)
	at org.openqa.selenium.remote.ErrorHandler.createThrowable(ErrorHandler.java:206)
	at org.openqa.selenium.remote.ErrorHandler.throwIfResponseFailed(ErrorHandler.java:158)
	at org.openqa.selenium.remote.RemoteWebDriver.execute(RemoteWebDriver.java:683)
	at org.openqa.selenium.remote.RemoteWebDriver.execute(RemoteWebDriver.java:706)
	at org.openqa.selenium.remote.RemoteWebDriver.getScreenshotAs(RemoteWebDriver.java:349)
	at processor.Processor.failurescreenshot(Processor.java:510)
	at sun.reflect.NativeMethodAccessorImpl.invoke0(Native Method)
	at sun.reflect.NativeMethodAccessorImpl.invoke(Unknown Source)
	at sun.reflect.DelegatingMethodAccessorImpl.invoke(Unknown Source)
	at java.lang.reflect.Method.invoke(Unknown Source)
	at org.testng.internal.MethodInvocationHelper.invokeMethod(MethodInvocationHelper.java:85)
	at org.testng.internal.Invoker.invokeConfigurationMethod(Invoker.java:510)
	at org.testng.internal.Invoker.invokeConfigurations(Invoker.java:211)
	at org.testng.internal.Invoker.invokeMethod(Invoker.java:703)
	at org.testng.internal.Invoker.invokeTestMethod(Invoker.java:816)
	at org.testng.internal.Invoker.invokeTestMethods(Invoker.java:1124)
	at org.testng.internal.TestMethodWorker.invokeTestMethods(TestMethodWorker.java:125)
	at org.testng.internal.TestMethodWorker.run(TestMethodWorker.java:108)
	at org.testng.TestRunner.privateRun(TestRunner.java:774)
	at org.testng.TestRunner.run(TestRunner.java:624)
	at org.testng.SuiteRunner.runTest(SuiteRunner.java:359)
	at org.testng.SuiteRunner.runSequentially(SuiteRunner.java:354)
	at org.testng.SuiteRunner.privateRun(SuiteRunner.java:312)
	at org.testng.SuiteRunner.run(SuiteRunner.java:261)
	at org.testng.SuiteRunnerWorker.runSuite(SuiteRunnerWorker.java:52)
	at org.testng.SuiteRunnerWorker.run(SuiteRunnerWorker.java:86)
	at org.testng.TestNG.runSuitesSequentially(TestNG.java:1215)
	at org.testng.TestNG.runSuitesLocally(TestNG.java:1140)
	at org.testng.TestNG.run(TestNG.java:1048)
	at org.testng.TestNG.privateMain(TestNG.java:1355)
	at org.testng.TestNG.main(TestNG.java:1324)
</pre></div></td>
<td>0</td>
<td>procedures_NewFramework.AYSmoke.Webcenter.WC_Welcome_Verify@1d371b2d</td></tr>
<tr>
<td title='procedures_NewFramework.AYSmoke.Webcenter.WC_Welcome_Verify.failurescreenshot()'><b>failurescreenshot</b><br>Test class: procedures_NewFramework.AYSmoke.Webcenter.WC_Welcome_Verify<br>Parameters: [TestResult name=WC_Welcome_Verify status=SKIP method=WC_Welcome_Verify.WC_Welcome_Verify()[pri:0, instance:procedures_NewFramework.AYSmoke.Webcenter.WC_Welcome_Verify@1d371b2d] output=Failure Screenshot saved at C:\SeleniumScripts\AYQAAutomation\Results\23857_WC_ProductSuggestion\Failurescreenshot\WC_Welcome_Verify_13.PNG], org.testng.TestRunner@3e6f3f28</td>
<td><div><pre>org.openqa.selenium.WebDriverException: Tried to run command without establishing a connection (WARNING: The server did not provide any stacktrace information)
Command duration or timeout: 117 milliseconds
Build info: version: &apos;3.0.0-beta1&apos;, revision: &apos;8e4315c&apos;, time: &apos;2016-07-28 18:04:05 -0700&apos;
System info: host: &apos;ISILDT10146&apos;, ip: &apos;192.168.243.121&apos;, os.name: &apos;Windows 7&apos;, os.arch: &apos;amd64&apos;, os.version: &apos;6.1&apos;, java.version: &apos;1.8.0_66&apos;
Driver info: org.openqa.selenium.firefox.MarionetteDriver
Capabilities [{rotatable=false, raisesAccessibilityExceptions=false, appBuildId=20160623154057, version=, platform=XP, proxy={}, command_id=1, specificationLevel=0, acceptSslCerts=false, browserVersion=47.0.1, platformVersion=6.1, XULappId={ec8030f7-c20a-464f-9b0e-13a3a9e97384}, browserName=Firefox, takesScreenshot=true, takesElementScreenshot=true, platformName=Windows_NT, device=desktop}]
Session ID: 8400e30f-2e4a-4985-9e05-b4d1ee870c2a
	at org.openqa.selenium.remote.ErrorHandler.createThrowable(ErrorHandler.java:206)
	at org.openqa.selenium.remote.ErrorHandler.throwIfResponseFailed(ErrorHandler.java:158)
	at org.openqa.selenium.remote.RemoteWebDriver.execute(RemoteWebDriver.java:683)
	at org.openqa.selenium.remote.RemoteWebDriver.execute(RemoteWebDriver.java:706)
	at org.openqa.selenium.remote.RemoteWebDriver.getScreenshotAs(RemoteWebDriver.java:349)
	at processor.Processor.failurescreenshot(Processor.java:510)
... Removed 29 stack frames</pre></div><a href='#' onClick='toggleBox("stack-trace846918683", this, "Click to show all stack frames", "Click to hide stack frames")'>Click to show all stack frames</a>
<div class='stack-trace' id='stack-trace846918683'><pre>org.openqa.selenium.WebDriverException: Tried to run command without establishing a connection (WARNING: The server did not provide any stacktrace information)
Command duration or timeout: 117 milliseconds
Build info: version: &apos;3.0.0-beta1&apos;, revision: &apos;8e4315c&apos;, time: &apos;2016-07-28 18:04:05 -0700&apos;
System info: host: &apos;ISILDT10146&apos;, ip: &apos;192.168.243.121&apos;, os.name: &apos;Windows 7&apos;, os.arch: &apos;amd64&apos;, os.version: &apos;6.1&apos;, java.version: &apos;1.8.0_66&apos;
Driver info: org.openqa.selenium.firefox.MarionetteDriver
Capabilities [{rotatable=false, raisesAccessibilityExceptions=false, appBuildId=20160623154057, version=, platform=XP, proxy={}, command_id=1, specificationLevel=0, acceptSslCerts=false, browserVersion=47.0.1, platformVersion=6.1, XULappId={ec8030f7-c20a-464f-9b0e-13a3a9e97384}, browserName=Firefox, takesScreenshot=true, takesElementScreenshot=true, platformName=Windows_NT, device=desktop}]
Session ID: 8400e30f-2e4a-4985-9e05-b4d1ee870c2a
	at sun.reflect.NativeConstructorAccessorImpl.newInstance0(Native Method)
	at sun.reflect.NativeConstructorAccessorImpl.newInstance(Unknown Source)
	at sun.reflect.DelegatingConstructorAccessorImpl.newInstance(Unknown Source)
	at java.lang.reflect.Constructor.newInstance(Unknown Source)
	at org.openqa.selenium.remote.ErrorHandler.createThrowable(ErrorHandler.java:206)
	at org.openqa.selenium.remote.ErrorHandler.throwIfResponseFailed(ErrorHandler.java:158)
	at org.openqa.selenium.remote.RemoteWebDriver.execute(RemoteWebDriver.java:683)
	at org.openqa.selenium.remote.RemoteWebDriver.execute(RemoteWebDriver.java:706)
	at org.openqa.selenium.remote.RemoteWebDriver.getScreenshotAs(RemoteWebDriver.java:349)
	at processor.Processor.failurescreenshot(Processor.java:510)
	at sun.reflect.NativeMethodAccessorImpl.invoke0(Native Method)
	at sun.reflect.NativeMethodAccessorImpl.invoke(Unknown Source)
	at sun.reflect.DelegatingMethodAccessorImpl.invoke(Unknown Source)
	at java.lang.reflect.Method.invoke(Unknown Source)
	at org.testng.internal.MethodInvocationHelper.invokeMethod(MethodInvocationHelper.java:85)
	at org.testng.internal.Invoker.invokeConfigurationMethod(Invoker.java:510)
	at org.testng.internal.Invoker.invokeConfigurations(Invoker.java:211)
	at org.testng.internal.Invoker.invokeMethod(Invoker.java:703)
	at org.testng.internal.Invoker.invokeTestMethod(Invoker.java:816)
	at org.testng.internal.Invoker.invokeTestMethods(Invoker.java:1124)
	at org.testng.internal.TestMethodWorker.invokeTestMethods(TestMethodWorker.java:125)
	at org.testng.internal.TestMethodWorker.run(TestMethodWorker.java:108)
	at org.testng.TestRunner.privateRun(TestRunner.java:774)
	at org.testng.TestRunner.run(TestRunner.java:624)
	at org.testng.SuiteRunner.runTest(SuiteRunner.java:359)
	at org.testng.SuiteRunner.runSequentially(SuiteRunner.java:354)
	at org.testng.SuiteRunner.privateRun(SuiteRunner.java:312)
	at org.testng.SuiteRunner.run(SuiteRunner.java:261)
	at org.testng.SuiteRunnerWorker.runSuite(SuiteRunnerWorker.java:52)
	at org.testng.SuiteRunnerWorker.run(SuiteRunnerWorker.java:86)
	at org.testng.TestNG.runSuitesSequentially(TestNG.java:1215)
	at org.testng.TestNG.runSuitesLocally(TestNG.java:1140)
	at org.testng.TestNG.run(TestNG.java:1048)
	at org.testng.TestNG.privateMain(TestNG.java:1355)
	at org.testng.TestNG.main(TestNG.java:1324)
</pre></div></td>
<td>0</td>
<td>procedures_NewFramework.AYSmoke.Webcenter.WC_Welcome_Verify@1d371b2d</td></tr>
</table><p>
<table width='100%' border='1' class='invocation-failed'>
<tr><td colspan='4' align='center'><b>FAILED TESTS</b></td></tr>
<tr><td><b>Test method</b></td>
<td width="30%"><b>Exception</b></td>
<td width="10%"><b>Time (seconds)</b></td>
<td><b>Instance</b></td>
</tr>
<tr>
<td title='procedures_NewFramework.AYSmoke.Webcenter.WC_Login_Input.WC_Login_Input()'><b>WC_Login_Input</b><br>Test class: procedures_NewFramework.AYSmoke.Webcenter.WC_Login_Input<br>Test method: This Procedure is used to perform some operation in 'Webcenter Login' page<br/>
<a href="#Output-939199469" onClick='toggleBox("Output-939199469", this, "Show output", "Hide output");'>Show output</a>

<a href="#Output-939199469" onClick="toggleAllBoxes();">Show all outputs</a>
<div class='log' id="Output-939199469">
<tr><td><b><font size='4' color='Green'><a id="m4"">Procedure Name - WC_Welcome_Input</a></font></b></td></tr><br/>
<b><font size='3' color='Green'>Procedure No. - 4</font></b><br/>
<table border="3" cellspacing="0"<tr><td><b><font size='4' align="left" color='Black'><Strong>000topupdatelogout</Strong></font></b></td><td><b><font size='4' align="left" color='Black'><Strong>001package</Strong></font></b></td><td><b><font size='4' align="left" color='Black'><Strong>002menulinks</Strong></font></b></td><td><b><font size='4' align="left" color='Black'><Strong>003link_to_click</Strong></font></b></td><br/>
<tr><td><b><font size='4' align="left" color='Black'></font></b></td><td><b><font size='4' align="left" color='Black'></font></b></td><td><b><font size='4' align="left" color='Black'></font></b></td><td><b><font size='4' align="left" color='Black'>Product Suggestions</font></b></td><br/>
</table><br/>
Proceed to retrieve Input Test Data for 'Webcenter Login' Page<br/>
<b><font size='3' color='Red'><strong>4</strong></font></b><br/>
Failure Screenshot saved at C:\SeleniumScripts\AYQAAutomation\Results\23857_WC_ProductSuggestion\Failurescreenshot\WC_Login_Input_4.PNG<br/>
<a href='file:///C:\SeleniumScripts\AYQAAutomation\Results\23857_WC_ProductSuggestion\Failurescreenshot\WC_Login_Input_4.PNG'><img src='file:///C:\SeleniumScripts\AYQAAutomation\Results\23857_WC_ProductSuggestion\Failurescreenshot\WC_Login_Input_4.PNG' height='200' width='200'></a><br/>
</div>
</td>
<td><div><pre>java.lang.AssertionError: 4
	at processor.CommonSeleniumActions.writeFailure(CommonSeleniumActions.java:908)
	at procedures_NewFramework.AYSmoke.Webcenter.WC_Login_Input.WC_Login_Input(WC_Login_Input.java:77)
... Removed 24 stack frames</pre></div><a href='#' onClick='toggleBox("stack-trace939199469", this, "Click to show all stack frames", "Click to hide stack frames")'>Click to show all stack frames</a>
<div class='stack-trace' id='stack-trace939199469'><pre>java.lang.AssertionError: 4
	at org.testng.Assert.fail(Assert.java:94)
	at processor.CommonSeleniumActions.writeFailure(CommonSeleniumActions.java:908)
	at procedures_NewFramework.AYSmoke.Webcenter.WC_Login_Input.WC_Login_Input(WC_Login_Input.java:77)
	at sun.reflect.NativeMethodAccessorImpl.invoke0(Native Method)
	at sun.reflect.NativeMethodAccessorImpl.invoke(Unknown Source)
	at sun.reflect.DelegatingMethodAccessorImpl.invoke(Unknown Source)
	at java.lang.reflect.Method.invoke(Unknown Source)
	at org.testng.internal.MethodInvocationHelper.invokeMethod(MethodInvocationHelper.java:85)
	at org.testng.internal.Invoker.invokeMethod(Invoker.java:639)
	at org.testng.internal.Invoker.invokeTestMethod(Invoker.java:816)
	at org.testng.internal.Invoker.invokeTestMethods(Invoker.java:1124)
	at org.testng.internal.TestMethodWorker.invokeTestMethods(TestMethodWorker.java:125)
	at org.testng.internal.TestMethodWorker.run(TestMethodWorker.java:108)
	at org.testng.TestRunner.privateRun(TestRunner.java:774)
	at org.testng.TestRunner.run(TestRunner.java:624)
	at org.testng.SuiteRunner.runTest(SuiteRunner.java:359)
	at org.testng.SuiteRunner.runSequentially(SuiteRunner.java:354)
	at org.testng.SuiteRunner.privateRun(SuiteRunner.java:312)
	at org.testng.SuiteRunner.run(SuiteRunner.java:261)
	at org.testng.SuiteRunnerWorker.runSuite(SuiteRunnerWorker.java:52)
	at org.testng.SuiteRunnerWorker.run(SuiteRunnerWorker.java:86)
	at org.testng.TestNG.runSuitesSequentially(TestNG.java:1215)
	at org.testng.TestNG.runSuitesLocally(TestNG.java:1140)
	at org.testng.TestNG.run(TestNG.java:1048)
	at org.testng.TestNG.privateMain(TestNG.java:1355)
	at org.testng.TestNG.main(TestNG.java:1324)
</pre></div></td>
<td>0</td>
<td>procedures_NewFramework.AYSmoke.Webcenter.WC_Login_Input@69b0fd6f</td></tr>
<tr>
<td title='procedures_NewFramework.AYSmoke.Webcenter.WC_Welcome_Input.WC_Welcome_Input()'><b>WC_Welcome_Input</b><br>Test class: procedures_NewFramework.AYSmoke.Webcenter.WC_Welcome_Input<br>Test method: This Procedure is used to perform some operation in 'Welcome' page<br/>
<a href="#Output-1309129055" onClick='toggleBox("Output-1309129055", this, "Show output", "Hide output");'>Show output</a>

<a href="#Output-1309129055" onClick="toggleAllBoxes();">Show all outputs</a>
<div class='log' id="Output-1309129055">
<tr><td><b><font size='4' color='Green'><a id="m5"">Procedure Name - WC_Welcome_Verify</a></font></b></td></tr><br/>
<b><font size='3' color='Green'>Procedure No. - 5</font></b><br/>
<table border="3" cellspacing="0"<tr><td><b><font size='4' align="left" color='Black'><Strong>000page</Strong></font></b></td><td><b><font size='4' align="left" color='Black'><Strong>001message</Strong></font></b></td><br/>
<tr><td><b><font size='4' align="left" color='Black'>Compass Sign In</font></b></td><td><b><font size='4' align="left" color='Black'></font></b></td><br/>
</table><br/>
Proceed to retrieve Input Test Data for 'Welcome' Page<br/>
<b><font size='3' color='Red'><strong>2</strong></font></b><br/>
Failure Screenshot saved at C:\SeleniumScripts\AYQAAutomation\Results\23857_WC_ProductSuggestion\Failurescreenshot\WC_Welcome_Input_5.PNG<br/>
<a href='file:///C:\SeleniumScripts\AYQAAutomation\Results\23857_WC_ProductSuggestion\Failurescreenshot\WC_Welcome_Input_5.PNG'><img src='file:///C:\SeleniumScripts\AYQAAutomation\Results\23857_WC_ProductSuggestion\Failurescreenshot\WC_Welcome_Input_5.PNG' height='200' width='200'></a><br/>
</div>
</td>
<td><div><pre>java.lang.AssertionError: 2
	at processor.CommonSeleniumActions.writeFailure(CommonSeleniumActions.java:908)
	at procedures_NewFramework.AYSmoke.Webcenter.WC_Welcome_Input.WC_Welcome_Input(WC_Welcome_Input.java:92)
... Removed 24 stack frames</pre></div><a href='#' onClick='toggleBox("stack-trace1309129055", this, "Click to show all stack frames", "Click to hide stack frames")'>Click to show all stack frames</a>
<div class='stack-trace' id='stack-trace1309129055'><pre>java.lang.AssertionError: 2
	at org.testng.Assert.fail(Assert.java:94)
	at processor.CommonSeleniumActions.writeFailure(CommonSeleniumActions.java:908)
	at procedures_NewFramework.AYSmoke.Webcenter.WC_Welcome_Input.WC_Welcome_Input(WC_Welcome_Input.java:92)
	at sun.reflect.NativeMethodAccessorImpl.invoke0(Native Method)
	at sun.reflect.NativeMethodAccessorImpl.invoke(Unknown Source)
	at sun.reflect.DelegatingMethodAccessorImpl.invoke(Unknown Source)
	at java.lang.reflect.Method.invoke(Unknown Source)
	at org.testng.internal.MethodInvocationHelper.invokeMethod(MethodInvocationHelper.java:85)
	at org.testng.internal.Invoker.invokeMethod(Invoker.java:639)
	at org.testng.internal.Invoker.invokeTestMethod(Invoker.java:816)
	at org.testng.internal.Invoker.invokeTestMethods(Invoker.java:1124)
	at org.testng.internal.TestMethodWorker.invokeTestMethods(TestMethodWorker.java:125)
	at org.testng.internal.TestMethodWorker.run(TestMethodWorker.java:108)
	at org.testng.TestRunner.privateRun(TestRunner.java:774)
	at org.testng.TestRunner.run(TestRunner.java:624)
	at org.testng.SuiteRunner.runTest(SuiteRunner.java:359)
	at org.testng.SuiteRunner.runSequentially(SuiteRunner.java:354)
	at org.testng.SuiteRunner.privateRun(SuiteRunner.java:312)
	at org.testng.SuiteRunner.run(SuiteRunner.java:261)
	at org.testng.SuiteRunnerWorker.runSuite(SuiteRunnerWorker.java:52)
	at org.testng.SuiteRunnerWorker.run(SuiteRunnerWorker.java:86)
	at org.testng.TestNG.runSuitesSequentially(TestNG.java:1215)
	at org.testng.TestNG.runSuitesLocally(TestNG.java:1140)
	at org.testng.TestNG.run(TestNG.java:1048)
	at org.testng.TestNG.privateMain(TestNG.java:1355)
	at org.testng.TestNG.main(TestNG.java:1324)
</pre></div></td>
<td>0</td>
<td>procedures_NewFramework.AYSmoke.Webcenter.WC_Welcome_Input@4e718207</td></tr>
<tr>
<td title='procedures_NewFramework.AYSmoke.Webcenter.WC_Welcome_Input.WC_Welcome_Input()'><b>WC_Welcome_Input</b><br>Test class: procedures_NewFramework.AYSmoke.Webcenter.WC_Welcome_Input<br>Test method: This Procedure is used to perform some operation in 'Welcome' page<br/>
<a href="#Output-1221027335" onClick='toggleBox("Output-1221027335", this, "Show output", "Hide output");'>Show output</a>

<a href="#Output-1221027335" onClick="toggleAllBoxes();">Show all outputs</a>
<div class='log' id="Output-1221027335">
<tr><td><b><font size='4' color='Green'><a id="m6"">Procedure Name - WindowOpenedSuccessfulClose</a></font></b></td></tr><br/>
<b><font size='3' color='Green'>Procedure No. - 6</font></b><br/>
<table border="3" cellspacing="0"<tr><td><b><font size='4' align="left" color='Black'><Strong>000contents</Strong></font></b></td><td><b><font size='4' align="left" color='Black'><Strong>001closewindow</Strong></font></b></td><br/>
<tr><td><b><font size='4' align="left" color='Black'></font></b></td><td><b><font size='4' align="left" color='Black'>close</font></b></td><br/>
</table><br/>
Proceed to retrieve Input Test Data for 'Welcome' Page<br/>
<b><font size='3' color='Red'><strong>2</strong></font></b><br/>
Failure Screenshot saved at C:\SeleniumScripts\AYQAAutomation\Results\23857_WC_ProductSuggestion\Failurescreenshot\WC_Welcome_Input_6.PNG<br/>
<a href='file:///C:\SeleniumScripts\AYQAAutomation\Results\23857_WC_ProductSuggestion\Failurescreenshot\WC_Welcome_Input_6.PNG'><img src='file:///C:\SeleniumScripts\AYQAAutomation\Results\23857_WC_ProductSuggestion\Failurescreenshot\WC_Welcome_Input_6.PNG' height='200' width='200'></a><br/>
</div>
</td>
<td><div><pre>java.lang.AssertionError: 2
	at processor.CommonSeleniumActions.writeFailure(CommonSeleniumActions.java:908)
	at procedures_NewFramework.AYSmoke.Webcenter.WC_Welcome_Input.WC_Welcome_Input(WC_Welcome_Input.java:92)
... Removed 24 stack frames</pre></div><a href='#' onClick='toggleBox("stack-trace1221027335", this, "Click to show all stack frames", "Click to hide stack frames")'>Click to show all stack frames</a>
<div class='stack-trace' id='stack-trace1221027335'><pre>java.lang.AssertionError: 2
	at org.testng.Assert.fail(Assert.java:94)
	at processor.CommonSeleniumActions.writeFailure(CommonSeleniumActions.java:908)
	at procedures_NewFramework.AYSmoke.Webcenter.WC_Welcome_Input.WC_Welcome_Input(WC_Welcome_Input.java:92)
	at sun.reflect.NativeMethodAccessorImpl.invoke0(Native Method)
	at sun.reflect.NativeMethodAccessorImpl.invoke(Unknown Source)
	at sun.reflect.DelegatingMethodAccessorImpl.invoke(Unknown Source)
	at java.lang.reflect.Method.invoke(Unknown Source)
	at org.testng.internal.MethodInvocationHelper.invokeMethod(MethodInvocationHelper.java:85)
	at org.testng.internal.Invoker.invokeMethod(Invoker.java:639)
	at org.testng.internal.Invoker.invokeTestMethod(Invoker.java:816)
	at org.testng.internal.Invoker.invokeTestMethods(Invoker.java:1124)
	at org.testng.internal.TestMethodWorker.invokeTestMethods(TestMethodWorker.java:125)
	at org.testng.internal.TestMethodWorker.run(TestMethodWorker.java:108)
	at org.testng.TestRunner.privateRun(TestRunner.java:774)
	at org.testng.TestRunner.run(TestRunner.java:624)
	at org.testng.SuiteRunner.runTest(SuiteRunner.java:359)
	at org.testng.SuiteRunner.runSequentially(SuiteRunner.java:354)
	at org.testng.SuiteRunner.privateRun(SuiteRunner.java:312)
	at org.testng.SuiteRunner.run(SuiteRunner.java:261)
	at org.testng.SuiteRunnerWorker.runSuite(SuiteRunnerWorker.java:52)
	at org.testng.SuiteRunnerWorker.run(SuiteRunnerWorker.java:86)
	at org.testng.TestNG.runSuitesSequentially(TestNG.java:1215)
	at org.testng.TestNG.runSuitesLocally(TestNG.java:1140)
	at org.testng.TestNG.run(TestNG.java:1048)
	at org.testng.TestNG.privateMain(TestNG.java:1355)
	at org.testng.TestNG.main(TestNG.java:1324)
</pre></div></td>
<td>0</td>
<td>procedures_NewFramework.AYSmoke.Webcenter.WC_Welcome_Input@4e718207</td></tr>
<tr>
<td title='procedures_NewFramework.AYSmoke.Webcenter.WC_Welcome_Input.WC_Welcome_Input()'><b>WC_Welcome_Input</b><br>Test class: procedures_NewFramework.AYSmoke.Webcenter.WC_Welcome_Input<br>Test method: This Procedure is used to perform some operation in 'Welcome' page<br/>
<a href="#Output-409195262" onClick='toggleBox("Output-409195262", this, "Show output", "Hide output");'>Show output</a>

<a href="#Output-409195262" onClick="toggleAllBoxes();">Show all outputs</a>
<div class='log' id="Output-409195262">
<tr><td><b><font size='4' color='Green'><a id="m7"">Procedure Name - WC_Welcome_Input</a></font></b></td></tr><br/>
<b><font size='3' color='Green'>Procedure No. - 7</font></b><br/>
<table border="3" cellspacing="0"<tr><td><b><font size='4' align="left" color='Black'><Strong>000topupdatelogout</Strong></font></b></td><td><b><font size='4' align="left" color='Black'><Strong>001package</Strong></font></b></td><td><b><font size='4' align="left" color='Black'><Strong>002menulinks</Strong></font></b></td><td><b><font size='4' align="left" color='Black'><Strong>003link_to_click</Strong></font></b></td><br/>
<tr><td><b><font size='4' align="left" color='Black'></font></b></td><td><b><font size='4' align="left" color='Black'></font></b></td><td><b><font size='4' align="left" color='Black'></font></b></td><td><b><font size='4' align="left" color='Black'>online support top</font></b></td><br/>
</table><br/>
Proceed to retrieve Input Test Data for 'Welcome' Page<br/>
Input Test Data was retrieved for 'Welcome' Page<br/>
Step 4 - Click the Name of the Link as [online support top]<br/>
<b><font size='3' color='Red'><strong>Unable to locate element: //tr[@valign='top']//a[contains(text(),'online support')] (WARNING: The server did not provide any stacktrace information)
Command duration or timeout: 8 milliseconds
For documentation on this error, please visit: http://seleniumhq.org/exceptions/no_such_element.html
Build info: version: '3.0.0-beta1', revision: '8e4315c', time: '2016-07-28 18:04:05 -0700'
System info: host: 'ISILDT10146', ip: '192.168.243.121', os.name: 'Windows 7', os.arch: 'amd64', os.version: '6.1', java.version: '1.8.0_66'
Driver info: org.openqa.selenium.firefox.MarionetteDriver
Capabilities [{rotatable=false, raisesAccessibilityExceptions=false, appBuildId=20160623154057, version=, platform=XP, proxy={}, command_id=1, specificationLevel=0, acceptSslCerts=false, browserVersion=47.0.1, platformVersion=6.1, XULappId={ec8030f7-c20a-464f-9b0e-13a3a9e97384}, browserName=Firefox, takesScreenshot=true, takesElementScreenshot=true, platformName=Windows_NT, device=desktop}]
Session ID: 8400e30f-2e4a-4985-9e05-b4d1ee870c2a
*** Element info: {Using=xpath, value=//tr[@valign='top']//a[contains(text(),'online support')]}</strong></font></b><br/>
Failure Screenshot saved at C:\SeleniumScripts\AYQAAutomation\Results\23857_WC_ProductSuggestion\Failurescreenshot\WC_Welcome_Input_7.PNG<br/>
<a href='file:///C:\SeleniumScripts\AYQAAutomation\Results\23857_WC_ProductSuggestion\Failurescreenshot\WC_Welcome_Input_7.PNG'><img src='file:///C:\SeleniumScripts\AYQAAutomation\Results\23857_WC_ProductSuggestion\Failurescreenshot\WC_Welcome_Input_7.PNG' height='200' width='200'></a><br/>
</div>
</td>
<td><div><pre>java.lang.AssertionError: Unable to locate element: //tr[@valign=&apos;top&apos;]//a[contains(text(),&apos;online support&apos;)] (WARNING: The server did not provide any stacktrace information)
Command duration or timeout: 8 milliseconds
For documentation on this error, please visit: http://seleniumhq.org/exceptions/no_such_element.html
Build info: version: &apos;3.0.0-beta1&apos;, revision: &apos;8e4315c&apos;, time: &apos;2016-07-28 18:04:05 -0700&apos;
System info: host: &apos;ISILDT10146&apos;, ip: &apos;192.168.243.121&apos;, os.name: &apos;Windows 7&apos;, os.arch: &apos;amd64&apos;, os.version: &apos;6.1&apos;, java.version: &apos;1.8.0_66&apos;
Driver info: org.openqa.selenium.firefox.MarionetteDriver
Capabilities [{rotatable=false, raisesAccessibilityExceptions=false, appBuildId=20160623154057, version=, platform=XP, proxy={}, command_id=1, specificationLevel=0, acceptSslCerts=false, browserVersion=47.0.1, platformVersion=6.1, XULappId={ec8030f7-c20a-464f-9b0e-13a3a9e97384}, browserName=Firefox, takesScreenshot=true, takesElementScreenshot=true, platformName=Windows_NT, device=desktop}]
Session ID: 8400e30f-2e4a-4985-9e05-b4d1ee870c2a
*** Element info: {Using=xpath, value=//tr[@valign=&apos;top&apos;]//a[contains(text(),&apos;online support&apos;)]}
	at processor.CommonSeleniumActions.writeFailure(CommonSeleniumActions.java:908)
	at procedures_NewFramework.AYSmoke.Webcenter.WC_Welcome_Input.WC_Welcome_Input(WC_Welcome_Input.java:92)
... Removed 24 stack frames</pre></div><a href='#' onClick='toggleBox("stack-trace409195262", this, "Click to show all stack frames", "Click to hide stack frames")'>Click to show all stack frames</a>
<div class='stack-trace' id='stack-trace409195262'><pre>java.lang.AssertionError: Unable to locate element: //tr[@valign=&apos;top&apos;]//a[contains(text(),&apos;online support&apos;)] (WARNING: The server did not provide any stacktrace information)
Command duration or timeout: 8 milliseconds
For documentation on this error, please visit: http://seleniumhq.org/exceptions/no_such_element.html
Build info: version: &apos;3.0.0-beta1&apos;, revision: &apos;8e4315c&apos;, time: &apos;2016-07-28 18:04:05 -0700&apos;
System info: host: &apos;ISILDT10146&apos;, ip: &apos;192.168.243.121&apos;, os.name: &apos;Windows 7&apos;, os.arch: &apos;amd64&apos;, os.version: &apos;6.1&apos;, java.version: &apos;1.8.0_66&apos;
Driver info: org.openqa.selenium.firefox.MarionetteDriver
Capabilities [{rotatable=false, raisesAccessibilityExceptions=false, appBuildId=20160623154057, version=, platform=XP, proxy={}, command_id=1, specificationLevel=0, acceptSslCerts=false, browserVersion=47.0.1, platformVersion=6.1, XULappId={ec8030f7-c20a-464f-9b0e-13a3a9e97384}, browserName=Firefox, takesScreenshot=true, takesElementScreenshot=true, platformName=Windows_NT, device=desktop}]
Session ID: 8400e30f-2e4a-4985-9e05-b4d1ee870c2a
*** Element info: {Using=xpath, value=//tr[@valign=&apos;top&apos;]//a[contains(text(),&apos;online support&apos;)]}
	at org.testng.Assert.fail(Assert.java:94)
	at processor.CommonSeleniumActions.writeFailure(CommonSeleniumActions.java:908)
	at procedures_NewFramework.AYSmoke.Webcenter.WC_Welcome_Input.WC_Welcome_Input(WC_Welcome_Input.java:92)
	at sun.reflect.NativeMethodAccessorImpl.invoke0(Native Method)
	at sun.reflect.NativeMethodAccessorImpl.invoke(Unknown Source)
	at sun.reflect.DelegatingMethodAccessorImpl.invoke(Unknown Source)
	at java.lang.reflect.Method.invoke(Unknown Source)
	at org.testng.internal.MethodInvocationHelper.invokeMethod(MethodInvocationHelper.java:85)
	at org.testng.internal.Invoker.invokeMethod(Invoker.java:639)
	at org.testng.internal.Invoker.invokeTestMethod(Invoker.java:816)
	at org.testng.internal.Invoker.invokeTestMethods(Invoker.java:1124)
	at org.testng.internal.TestMethodWorker.invokeTestMethods(TestMethodWorker.java:125)
	at org.testng.internal.TestMethodWorker.run(TestMethodWorker.java:108)
	at org.testng.TestRunner.privateRun(TestRunner.java:774)
	at org.testng.TestRunner.run(TestRunner.java:624)
	at org.testng.SuiteRunner.runTest(SuiteRunner.java:359)
	at org.testng.SuiteRunner.runSequentially(SuiteRunner.java:354)
	at org.testng.SuiteRunner.privateRun(SuiteRunner.java:312)
	at org.testng.SuiteRunner.run(SuiteRunner.java:261)
	at org.testng.SuiteRunnerWorker.runSuite(SuiteRunnerWorker.java:52)
	at org.testng.SuiteRunnerWorker.run(SuiteRunnerWorker.java:86)
	at org.testng.TestNG.runSuitesSequentially(TestNG.java:1215)
	at org.testng.TestNG.runSuitesLocally(TestNG.java:1140)
	at org.testng.TestNG.run(TestNG.java:1048)
	at org.testng.TestNG.privateMain(TestNG.java:1355)
	at org.testng.TestNG.main(TestNG.java:1324)
</pre></div></td>
<td>0</td>
<td>procedures_NewFramework.AYSmoke.Webcenter.WC_Welcome_Input@4e718207</td></tr>
<tr>
<td title='procedures_NewFramework.AYSmoke.Webcenter.WC_Welcome_Input.WC_Welcome_Input()'><b>WC_Welcome_Input</b><br>Test class: procedures_NewFramework.AYSmoke.Webcenter.WC_Welcome_Input<br>Test method: This Procedure is used to perform some operation in 'Welcome' page<br/>
<a href="#Output-932582590" onClick='toggleBox("Output-932582590", this, "Show output", "Hide output");'>Show output</a>

<a href="#Output-932582590" onClick="toggleAllBoxes();">Show all outputs</a>
<div class='log' id="Output-932582590">
<tr><td><b><font size='4' color='Green'><a id="m8"">Procedure Name - WC_Welcome_Verify</a></font></b></td></tr><br/>
<b><font size='3' color='Green'>Procedure No. - 8</font></b><br/>
<table border="3" cellspacing="0"<tr><td><b><font size='4' align="left" color='Black'><Strong>000page</Strong></font></b></td><td><b><font size='4' align="left" color='Black'><Strong>001message</Strong></font></b></td><br/>
<tr><td><b><font size='4' align="left" color='Black'>Compass Sign In</font></b></td><td><b><font size='4' align="left" color='Black'></font></b></td><br/>
</table><br/>
Proceed to retrieve Input Test Data for 'Welcome' Page<br/>
<b><font size='3' color='Red'><strong>2</strong></font></b><br/>
Failure Screenshot saved at C:\SeleniumScripts\AYQAAutomation\Results\23857_WC_ProductSuggestion\Failurescreenshot\WC_Welcome_Input_8.PNG<br/>
<a href='file:///C:\SeleniumScripts\AYQAAutomation\Results\23857_WC_ProductSuggestion\Failurescreenshot\WC_Welcome_Input_8.PNG'><img src='file:///C:\SeleniumScripts\AYQAAutomation\Results\23857_WC_ProductSuggestion\Failurescreenshot\WC_Welcome_Input_8.PNG' height='200' width='200'></a><br/>
</div>
</td>
<td><div><pre>java.lang.AssertionError: 2
	at processor.CommonSeleniumActions.writeFailure(CommonSeleniumActions.java:908)
	at procedures_NewFramework.AYSmoke.Webcenter.WC_Welcome_Input.WC_Welcome_Input(WC_Welcome_Input.java:92)
... Removed 24 stack frames</pre></div><a href='#' onClick='toggleBox("stack-trace932582590", this, "Click to show all stack frames", "Click to hide stack frames")'>Click to show all stack frames</a>
<div class='stack-trace' id='stack-trace932582590'><pre>java.lang.AssertionError: 2
	at org.testng.Assert.fail(Assert.java:94)
	at processor.CommonSeleniumActions.writeFailure(CommonSeleniumActions.java:908)
	at procedures_NewFramework.AYSmoke.Webcenter.WC_Welcome_Input.WC_Welcome_Input(WC_Welcome_Input.java:92)
	at sun.reflect.NativeMethodAccessorImpl.invoke0(Native Method)
	at sun.reflect.NativeMethodAccessorImpl.invoke(Unknown Source)
	at sun.reflect.DelegatingMethodAccessorImpl.invoke(Unknown Source)
	at java.lang.reflect.Method.invoke(Unknown Source)
	at org.testng.internal.MethodInvocationHelper.invokeMethod(MethodInvocationHelper.java:85)
	at org.testng.internal.Invoker.invokeMethod(Invoker.java:639)
	at org.testng.internal.Invoker.invokeTestMethod(Invoker.java:816)
	at org.testng.internal.Invoker.invokeTestMethods(Invoker.java:1124)
	at org.testng.internal.TestMethodWorker.invokeTestMethods(TestMethodWorker.java:125)
	at org.testng.internal.TestMethodWorker.run(TestMethodWorker.java:108)
	at org.testng.TestRunner.privateRun(TestRunner.java:774)
	at org.testng.TestRunner.run(TestRunner.java:624)
	at org.testng.SuiteRunner.runTest(SuiteRunner.java:359)
	at org.testng.SuiteRunner.runSequentially(SuiteRunner.java:354)
	at org.testng.SuiteRunner.privateRun(SuiteRunner.java:312)
	at org.testng.SuiteRunner.run(SuiteRunner.java:261)
	at org.testng.SuiteRunnerWorker.runSuite(SuiteRunnerWorker.java:52)
	at org.testng.SuiteRunnerWorker.run(SuiteRunnerWorker.java:86)
	at org.testng.TestNG.runSuitesSequentially(TestNG.java:1215)
	at org.testng.TestNG.runSuitesLocally(TestNG.java:1140)
	at org.testng.TestNG.run(TestNG.java:1048)
	at org.testng.TestNG.privateMain(TestNG.java:1355)
	at org.testng.TestNG.main(TestNG.java:1324)
</pre></div></td>
<td>0</td>
<td>procedures_NewFramework.AYSmoke.Webcenter.WC_Welcome_Input@4e718207</td></tr>
<tr>
<td title='procedures_NewFramework.AYSmoke.Webcenter.WC_Welcome_Input.WC_Welcome_Input()'><b>WC_Welcome_Input</b><br>Test class: procedures_NewFramework.AYSmoke.Webcenter.WC_Welcome_Input<br>Test method: This Procedure is used to perform some operation in 'Welcome' page<br/>
<a href="#Output-110651474" onClick='toggleBox("Output-110651474", this, "Show output", "Hide output");'>Show output</a>

<a href="#Output-110651474" onClick="toggleAllBoxes();">Show all outputs</a>
<div class='log' id="Output-110651474">
<tr><td><b><font size='4' color='Green'><a id="m9"">Procedure Name - WindowOpenedSuccessfulClose</a></font></b></td></tr><br/>
<b><font size='3' color='Green'>Procedure No. - 9</font></b><br/>
<table border="3" cellspacing="0"<tr><td><b><font size='4' align="left" color='Black'><Strong>000contents</Strong></font></b></td><td><b><font size='4' align="left" color='Black'><Strong>001closewindow</Strong></font></b></td><br/>
<tr><td><b><font size='4' align="left" color='Black'></font></b></td><td><b><font size='4' align="left" color='Black'>close</font></b></td><br/>
</table><br/>
Proceed to retrieve Input Test Data for 'Welcome' Page<br/>
<b><font size='3' color='Red'><strong>2</strong></font></b><br/>
Failure Screenshot saved at C:\SeleniumScripts\AYQAAutomation\Results\23857_WC_ProductSuggestion\Failurescreenshot\WC_Welcome_Input_9.PNG<br/>
<a href='file:///C:\SeleniumScripts\AYQAAutomation\Results\23857_WC_ProductSuggestion\Failurescreenshot\WC_Welcome_Input_9.PNG'><img src='file:///C:\SeleniumScripts\AYQAAutomation\Results\23857_WC_ProductSuggestion\Failurescreenshot\WC_Welcome_Input_9.PNG' height='200' width='200'></a><br/>
</div>
</td>
<td><div><pre>java.lang.AssertionError: 2
	at processor.CommonSeleniumActions.writeFailure(CommonSeleniumActions.java:908)
	at procedures_NewFramework.AYSmoke.Webcenter.WC_Welcome_Input.WC_Welcome_Input(WC_Welcome_Input.java:92)
... Removed 24 stack frames</pre></div><a href='#' onClick='toggleBox("stack-trace110651474", this, "Click to show all stack frames", "Click to hide stack frames")'>Click to show all stack frames</a>
<div class='stack-trace' id='stack-trace110651474'><pre>java.lang.AssertionError: 2
	at org.testng.Assert.fail(Assert.java:94)
	at processor.CommonSeleniumActions.writeFailure(CommonSeleniumActions.java:908)
	at procedures_NewFramework.AYSmoke.Webcenter.WC_Welcome_Input.WC_Welcome_Input(WC_Welcome_Input.java:92)
	at sun.reflect.NativeMethodAccessorImpl.invoke0(Native Method)
	at sun.reflect.NativeMethodAccessorImpl.invoke(Unknown Source)
	at sun.reflect.DelegatingMethodAccessorImpl.invoke(Unknown Source)
	at java.lang.reflect.Method.invoke(Unknown Source)
	at org.testng.internal.MethodInvocationHelper.invokeMethod(MethodInvocationHelper.java:85)
	at org.testng.internal.Invoker.invokeMethod(Invoker.java:639)
	at org.testng.internal.Invoker.invokeTestMethod(Invoker.java:816)
	at org.testng.internal.Invoker.invokeTestMethods(Invoker.java:1124)
	at org.testng.internal.TestMethodWorker.invokeTestMethods(TestMethodWorker.java:125)
	at org.testng.internal.TestMethodWorker.run(TestMethodWorker.java:108)
	at org.testng.TestRunner.privateRun(TestRunner.java:774)
	at org.testng.TestRunner.run(TestRunner.java:624)
	at org.testng.SuiteRunner.runTest(SuiteRunner.java:359)
	at org.testng.SuiteRunner.runSequentially(SuiteRunner.java:354)
	at org.testng.SuiteRunner.privateRun(SuiteRunner.java:312)
	at org.testng.SuiteRunner.run(SuiteRunner.java:261)
	at org.testng.SuiteRunnerWorker.runSuite(SuiteRunnerWorker.java:52)
	at org.testng.SuiteRunnerWorker.run(SuiteRunnerWorker.java:86)
	at org.testng.TestNG.runSuitesSequentially(TestNG.java:1215)
	at org.testng.TestNG.runSuitesLocally(TestNG.java:1140)
	at org.testng.TestNG.run(TestNG.java:1048)
	at org.testng.TestNG.privateMain(TestNG.java:1355)
	at org.testng.TestNG.main(TestNG.java:1324)
</pre></div></td>
<td>0</td>
<td>procedures_NewFramework.AYSmoke.Webcenter.WC_Welcome_Input@4e718207</td></tr>
<tr>
<td title='procedures_NewFramework.AYSmoke.Webcenter.WC_Welcome_Verify.WC_Welcome_Verify()'><b>WC_Welcome_Verify</b><br>Test class: procedures_NewFramework.AYSmoke.Webcenter.WC_Welcome_Verify<br>Test method: This Procedure is to perform some Verification in 'Welcome' page<br/>
<a href="#Output-1507118393" onClick='toggleBox("Output-1507118393", this, "Show output", "Hide output");'>Show output</a>

<a href="#Output-1507118393" onClick="toggleAllBoxes();">Show all outputs</a>
<div class='log' id="Output-1507118393">
<tr><td><b><font size='4' color='Green'><a id="m10"">Procedure Name - WC_Welcome_Input</a></font></b></td></tr><br/>
<b><font size='3' color='Green'>Procedure No. - 10</font></b><br/>
<table border="3" cellspacing="0"<tr><td><b><font size='4' align="left" color='Black'><Strong>000topupdatelogout</Strong></font></b></td><td><b><font size='4' align="left" color='Black'><Strong>001package</Strong></font></b></td><td><b><font size='4' align="left" color='Black'><Strong>002menulinks</Strong></font></b></td><td><b><font size='4' align="left" color='Black'><Strong>003link_to_click</Strong></font></b></td><br/>
<tr><td><b><font size='4' align="left" color='Black'></font></b></td><td><b><font size='4' align="left" color='Black'>Main Menu</font></b></td><td><b><font size='4' align="left" color='Black'></font></b></td><td><b><font size='4' align="left" color='Black'></font></b></td><br/>
</table><br/>
Proceed to retrieve Verify Test Data 'Welcome' page<br/>
Verify Test Data was retrieved for 'Welcome' page<br/>
Step 1 - Verify message as (Main Menu) page<br/>
<b><font size='3' color='Red'><strong>Element [Main Menu ] was Not Present</strong></font></b><br/>
Failure Screenshot saved at C:\SeleniumScripts\AYQAAutomation\Results\23857_WC_ProductSuggestion\Failurescreenshot\WC_Welcome_Verify_10.PNG<br/>
</div>
</td>
<td><div><pre>java.lang.AssertionError: Element [Main Menu ] was Not Present
	at processor.CommonSeleniumActions.writeFailure(CommonSeleniumActions.java:908)
	at processor.CommonSeleniumActions.waitForElementPresentWebdriverWait(CommonSeleniumActions.java:3225)
	at procedures_NewFramework.AYSmoke.Webcenter.WC_Welcome_Verify.WC_Welcome_Verify(WC_Welcome_Verify.java:48)
... Removed 24 stack frames</pre></div><a href='#' onClick='toggleBox("stack-trace1507118393", this, "Click to show all stack frames", "Click to hide stack frames")'>Click to show all stack frames</a>
<div class='stack-trace' id='stack-trace1507118393'><pre>java.lang.AssertionError: Element [Main Menu ] was Not Present
	at org.testng.Assert.fail(Assert.java:94)
	at processor.CommonSeleniumActions.writeFailure(CommonSeleniumActions.java:908)
	at processor.CommonSeleniumActions.waitForElementPresentWebdriverWait(CommonSeleniumActions.java:3225)
	at procedures_NewFramework.AYSmoke.Webcenter.WC_Welcome_Verify.WC_Welcome_Verify(WC_Welcome_Verify.java:48)
	at sun.reflect.NativeMethodAccessorImpl.invoke0(Native Method)
	at sun.reflect.NativeMethodAccessorImpl.invoke(Unknown Source)
	at sun.reflect.DelegatingMethodAccessorImpl.invoke(Unknown Source)
	at java.lang.reflect.Method.invoke(Unknown Source)
	at org.testng.internal.MethodInvocationHelper.invokeMethod(MethodInvocationHelper.java:85)
	at org.testng.internal.Invoker.invokeMethod(Invoker.java:639)
	at org.testng.internal.Invoker.invokeTestMethod(Invoker.java:816)
	at org.testng.internal.Invoker.invokeTestMethods(Invoker.java:1124)
	at org.testng.internal.TestMethodWorker.invokeTestMethods(TestMethodWorker.java:125)
	at org.testng.internal.TestMethodWorker.run(TestMethodWorker.java:108)
	at org.testng.TestRunner.privateRun(TestRunner.java:774)
	at org.testng.TestRunner.run(TestRunner.java:624)
	at org.testng.SuiteRunner.runTest(SuiteRunner.java:359)
	at org.testng.SuiteRunner.runSequentially(SuiteRunner.java:354)
	at org.testng.SuiteRunner.privateRun(SuiteRunner.java:312)
	at org.testng.SuiteRunner.run(SuiteRunner.java:261)
	at org.testng.SuiteRunnerWorker.runSuite(SuiteRunnerWorker.java:52)
	at org.testng.SuiteRunnerWorker.run(SuiteRunnerWorker.java:86)
	at org.testng.TestNG.runSuitesSequentially(TestNG.java:1215)
	at org.testng.TestNG.runSuitesLocally(TestNG.java:1140)
	at org.testng.TestNG.run(TestNG.java:1048)
	at org.testng.TestNG.privateMain(TestNG.java:1355)
	at org.testng.TestNG.main(TestNG.java:1324)
</pre></div></td>
<td>17277</td>
<td>procedures_NewFramework.AYSmoke.Webcenter.WC_Welcome_Verify@1d371b2d</td></tr>
<tr>
<td title='procedures_NewFramework.AYSmoke.General.WindowOpenedSuccessfulClose.WindowOpenedSuccessfulClose()'><b>WindowOpenedSuccessfulClose</b><br>Test class: procedures_NewFramework.AYSmoke.General.WindowOpenedSuccessfulClose<br>Test method: This Procedure is used to Close the Window and select Application Main Window<br/>
<a href="#Output-1731656333" onClick='toggleBox("Output-1731656333", this, "Show output", "Hide output");'>Show output</a>

<a href="#Output-1731656333" onClick="toggleAllBoxes();">Show all outputs</a>
<div class='log' id="Output-1731656333">
Failure Screenshot saved at C:\SeleniumScripts\AYQAAutomation\Results\23857_WC_ProductSuggestion\Failurescreenshot\WindowOpenedSuccessfulClose_2.PNG<br/>
<a href='file:///C:\SeleniumScripts\AYQAAutomation\Results\23857_WC_ProductSuggestion\Failurescreenshot\WindowOpenedSuccessfulClose_2.PNG'><img src='file:///C:\SeleniumScripts\AYQAAutomation\Results\23857_WC_ProductSuggestion\Failurescreenshot\WindowOpenedSuccessfulClose_2.PNG' height='200' width='200'></a><br/>
</div>
</td>
<td><div><pre>java.util.NoSuchElementException
	at java.util.LinkedHashMap$LinkedHashIterator.nextNode(Unknown Source)
	at java.util.LinkedHashMap$LinkedKeyIterator.next(Unknown Source)
	at procedures_NewFramework.AYSmoke.General.WindowOpenedSuccessfulClose.WindowOpenedSuccessfulClose(WindowOpenedSuccessfulClose.java:21)
... Removed 23 stack frames</pre></div><a href='#' onClick='toggleBox("stack-trace1731656333", this, "Click to show all stack frames", "Click to hide stack frames")'>Click to show all stack frames</a>
<div class='stack-trace' id='stack-trace1731656333'><pre>java.util.NoSuchElementException
	at java.util.LinkedHashMap$LinkedHashIterator.nextNode(Unknown Source)
	at java.util.LinkedHashMap$LinkedKeyIterator.next(Unknown Source)
	at procedures_NewFramework.AYSmoke.General.WindowOpenedSuccessfulClose.WindowOpenedSuccessfulClose(WindowOpenedSuccessfulClose.java:21)
	at sun.reflect.NativeMethodAccessorImpl.invoke0(Native Method)
	at sun.reflect.NativeMethodAccessorImpl.invoke(Unknown Source)
	at sun.reflect.DelegatingMethodAccessorImpl.invoke(Unknown Source)
	at java.lang.reflect.Method.invoke(Unknown Source)
	at org.testng.internal.MethodInvocationHelper.invokeMethod(MethodInvocationHelper.java:85)
	at org.testng.internal.Invoker.invokeMethod(Invoker.java:639)
	at org.testng.internal.Invoker.invokeTestMethod(Invoker.java:816)
	at org.testng.internal.Invoker.invokeTestMethods(Invoker.java:1124)
	at org.testng.internal.TestMethodWorker.invokeTestMethods(TestMethodWorker.java:125)
	at org.testng.internal.TestMethodWorker.run(TestMethodWorker.java:108)
	at org.testng.TestRunner.privateRun(TestRunner.java:774)
	at org.testng.TestRunner.run(TestRunner.java:624)
	at org.testng.SuiteRunner.runTest(SuiteRunner.java:359)
	at org.testng.SuiteRunner.runSequentially(SuiteRunner.java:354)
	at org.testng.SuiteRunner.privateRun(SuiteRunner.java:312)
	at org.testng.SuiteRunner.run(SuiteRunner.java:261)
	at org.testng.SuiteRunnerWorker.runSuite(SuiteRunnerWorker.java:52)
	at org.testng.SuiteRunnerWorker.run(SuiteRunnerWorker.java:86)
	at org.testng.TestNG.runSuitesSequentially(TestNG.java:1215)
	at org.testng.TestNG.runSuitesLocally(TestNG.java:1140)
	at org.testng.TestNG.run(TestNG.java:1048)
	at org.testng.TestNG.privateMain(TestNG.java:1355)
	at org.testng.TestNG.main(TestNG.java:1324)
</pre></div></td>
<td>0</td>
<td>procedures_NewFramework.AYSmoke.General.WindowOpenedSuccessfulClose@6d7b4f4c</td></tr>
<tr>
<td title='procedures_NewFramework.AYSmoke.General.WindowOpenedSuccessfulClose.WindowOpenedSuccessfulClose()'><b>WindowOpenedSuccessfulClose</b><br>Test class: procedures_NewFramework.AYSmoke.General.WindowOpenedSuccessfulClose<br>Test method: This Procedure is used to Close the Window and select Application Main Window<br/>
<a href="#Output-1570358965" onClick='toggleBox("Output-1570358965", this, "Show output", "Hide output");'>Show output</a>

<a href="#Output-1570358965" onClick="toggleAllBoxes();">Show all outputs</a>
<div class='log' id="Output-1570358965">
Failure Screenshot saved at C:\SeleniumScripts\AYQAAutomation\Results\23857_WC_ProductSuggestion\Failurescreenshot\WindowOpenedSuccessfulClose_3.PNG<br/>
<a href='file:///C:\SeleniumScripts\AYQAAutomation\Results\23857_WC_ProductSuggestion\Failurescreenshot\WindowOpenedSuccessfulClose_3.PNG'><img src='file:///C:\SeleniumScripts\AYQAAutomation\Results\23857_WC_ProductSuggestion\Failurescreenshot\WindowOpenedSuccessfulClose_3.PNG' height='200' width='200'></a><br/>
</div>
</td>
<td><div><pre>java.util.NoSuchElementException
	at java.util.LinkedHashMap$LinkedHashIterator.nextNode(Unknown Source)
	at java.util.LinkedHashMap$LinkedKeyIterator.next(Unknown Source)
	at procedures_NewFramework.AYSmoke.General.WindowOpenedSuccessfulClose.WindowOpenedSuccessfulClose(WindowOpenedSuccessfulClose.java:21)
... Removed 23 stack frames</pre></div><a href='#' onClick='toggleBox("stack-trace1570358965", this, "Click to show all stack frames", "Click to hide stack frames")'>Click to show all stack frames</a>
<div class='stack-trace' id='stack-trace1570358965'><pre>java.util.NoSuchElementException
	at java.util.LinkedHashMap$LinkedHashIterator.nextNode(Unknown Source)
	at java.util.LinkedHashMap$LinkedKeyIterator.next(Unknown Source)
	at procedures_NewFramework.AYSmoke.General.WindowOpenedSuccessfulClose.WindowOpenedSuccessfulClose(WindowOpenedSuccessfulClose.java:21)
	at sun.reflect.NativeMethodAccessorImpl.invoke0(Native Method)
	at sun.reflect.NativeMethodAccessorImpl.invoke(Unknown Source)
	at sun.reflect.DelegatingMethodAccessorImpl.invoke(Unknown Source)
	at java.lang.reflect.Method.invoke(Unknown Source)
	at org.testng.internal.MethodInvocationHelper.invokeMethod(MethodInvocationHelper.java:85)
	at org.testng.internal.Invoker.invokeMethod(Invoker.java:639)
	at org.testng.internal.Invoker.invokeTestMethod(Invoker.java:816)
	at org.testng.internal.Invoker.invokeTestMethods(Invoker.java:1124)
	at org.testng.internal.TestMethodWorker.invokeTestMethods(TestMethodWorker.java:125)
	at org.testng.internal.TestMethodWorker.run(TestMethodWorker.java:108)
	at org.testng.TestRunner.privateRun(TestRunner.java:774)
	at org.testng.TestRunner.run(TestRunner.java:624)
	at org.testng.SuiteRunner.runTest(SuiteRunner.java:359)
	at org.testng.SuiteRunner.runSequentially(SuiteRunner.java:354)
	at org.testng.SuiteRunner.privateRun(SuiteRunner.java:312)
	at org.testng.SuiteRunner.run(SuiteRunner.java:261)
	at org.testng.SuiteRunnerWorker.runSuite(SuiteRunnerWorker.java:52)
	at org.testng.SuiteRunnerWorker.run(SuiteRunnerWorker.java:86)
	at org.testng.TestNG.runSuitesSequentially(TestNG.java:1215)
	at org.testng.TestNG.runSuitesLocally(TestNG.java:1140)
	at org.testng.TestNG.run(TestNG.java:1048)
	at org.testng.TestNG.privateMain(TestNG.java:1355)
	at org.testng.TestNG.main(TestNG.java:1324)
</pre></div></td>
<td>0</td>
<td>procedures_NewFramework.AYSmoke.General.WindowOpenedSuccessfulClose@6d7b4f4c</td></tr>
</table><p>
<table width='100%' border='1' class='invocation-passed'>
<tr><td colspan='4' align='center'><b>PASSED TESTS</b></td></tr>
<tr><td><b>Test method</b></td>
<td width="30%"><b>Exception</b></td>
<td width="10%"><b>Time (seconds)</b></td>
<td><b>Instance</b></td>
</tr>
<tr>
<td title='procedures_NewFramework.AYSmoke.General.GL_LaunchBrowser.GL_LaunchBrowser()'><b>GL_LaunchBrowser</b><br>Test class: procedures_NewFramework.AYSmoke.General.GL_LaunchBrowser<br>Test method: This procedure is to Navigate URL<br/>
<a href="#Output-288379405" onClick='toggleBox("Output-288379405", this, "Show output", "Hide output");'>Show output</a>

<a href="#Output-288379405" onClick="toggleAllBoxes();">Show all outputs</a>
<div class='log' id="Output-288379405">
Proceed to Read Run time Data from Excel Sheet in the location (C:/SeleniumScripts/AYQAAutomation/lib/InputTestdata.xls)<br/>
<tr><td><b><font size='4' color='Green'><a id="m1"">Procedure Name - GL_LaunchBrowser</a></font></b></td></tr><br/>
<b><font size='3' color='Green'>Procedure No. - 1</font></b><br/>
<table border="3" cellspacing="0"<tr><td><b><font size='4' align="left" color='Black'><Strong>00url</Strong></font></b></td><td><b><font size='4' align="left" color='Black'><Strong>01openurl</Strong></font></b></td><br/>
<tr><td><b><font size='4' align="left" color='Black'>https://uatwebcenter.applyyourself.com/</font></b></td><td><b><font size='4' align="left" color='Black'></font></b></td><br/>
</table><br/>
Proceed to retrieve Test Data for URL<br/>
Test Data was retrieved for URL<br/>
Proceed to retrieve Environment From Excel Sheet(C:/SeleniumScripts/AYQAAutomation/lib/InputTestdata.xls)<br/>
Step 1 - Proceed to Open URL(https://qawebcenter.applyyourself.com/)<br/>
</div>
</td>
<td></td>
<td>12</td>
<td>procedures_NewFramework.AYSmoke.General.GL_LaunchBrowser@3632be31</td></tr>
</table><p>
<table width='100%' border='1' class='invocation-skipped'>
<tr><td colspan='4' align='center'><b>SKIPPED TESTS</b></td></tr>
<tr><td><b>Test method</b></td>
<td width="30%"><b>Exception</b></td>
<td width="10%"><b>Time (seconds)</b></td>
<td><b>Instance</b></td>
</tr>
<tr>
<td title='procedures_NewFramework.AYSmoke.Webcenter.WC_Welcome_Verify.WC_Welcome_Verify()'><b>WC_Welcome_Verify</b><br>Test class: procedures_NewFramework.AYSmoke.Webcenter.WC_Welcome_Verify<br>Test method: This Procedure is to perform some Verification in 'Welcome' page<br/>
<a href="#Output-428696898" onClick='toggleBox("Output-428696898", this, "Show output", "Hide output");'>Show output</a>

<a href="#Output-428696898" onClick="toggleAllBoxes();">Show all outputs</a>
<div class='log' id="Output-428696898">
Failure Screenshot saved at C:\SeleniumScripts\AYQAAutomation\Results\23857_WC_ProductSuggestion\Failurescreenshot\WC_Welcome_Verify_11.PNG<br/>
</div>
</td>
<td></td>
<td>0</td>
<td>procedures_NewFramework.AYSmoke.Webcenter.WC_Welcome_Verify@1d371b2d</td></tr>
<tr>
<td title='procedures_NewFramework.AYSmoke.Webcenter.WC_Welcome_Verify.WC_Welcome_Verify()'><b>WC_Welcome_Verify</b><br>Test class: procedures_NewFramework.AYSmoke.Webcenter.WC_Welcome_Verify<br>Test method: This Procedure is to perform some Verification in 'Welcome' page<br/>
<a href="#Output-691098155" onClick='toggleBox("Output-691098155", this, "Show output", "Hide output");'>Show output</a>

<a href="#Output-691098155" onClick="toggleAllBoxes();">Show all outputs</a>
<div class='log' id="Output-691098155">
Failure Screenshot saved at C:\SeleniumScripts\AYQAAutomation\Results\23857_WC_ProductSuggestion\Failurescreenshot\WC_Welcome_Verify_12.PNG<br/>
</div>
</td>
<td></td>
<td>0</td>
<td>procedures_NewFramework.AYSmoke.Webcenter.WC_Welcome_Verify@1d371b2d</td></tr>
<tr>
<td title='procedures_NewFramework.AYSmoke.Webcenter.WC_Welcome_Verify.WC_Welcome_Verify()'><b>WC_Welcome_Verify</b><br>Test class: procedures_NewFramework.AYSmoke.Webcenter.WC_Welcome_Verify<br>Test method: This Procedure is to perform some Verification in 'Welcome' page<br/>
<a href="#Output-1168420930" onClick='toggleBox("Output-1168420930", this, "Show output", "Hide output");'>Show output</a>

<a href="#Output-1168420930" onClick="toggleAllBoxes();">Show all outputs</a>
<div class='log' id="Output-1168420930">
Failure Screenshot saved at C:\SeleniumScripts\AYQAAutomation\Results\23857_WC_ProductSuggestion\Failurescreenshot\WC_Welcome_Verify_13.PNG<br/>
</div>
</td>
<td></td>
<td>0</td>
<td>procedures_NewFramework.AYSmoke.Webcenter.WC_Welcome_Verify@1d371b2d</td></tr>
</table><p>
</body>
</html>